---------------------------------------------------------------
[2018-03-08T01:30:11+08:00] 127.0.0.1 127.0.0.1 GET /api/v1/collective/check
[ info ] admin.ewei.com/api/v1/collective/check [运行时间：1.499090s][吞吐率：0.67req/s] [内存消耗：2,577.55kb] [文件加载：59]
[ info ] [ BEHAVIOR ] Run app\api\behavior\CORS @app_init [ RunTime:0.012053s ]
[ info ] [ LANG ] D:\work\phpstudy\WWW\myjob\ewei_admin\admin_pro\thinkphp\lang\zh-cn.php
[ info ] [ ROUTE ] array (
  'type' => 'module',
  'module' => 
  array (
    0 => 'api',
    1 => 'v1.Collective',
    2 => 'checkCollectiveStatus',
  ),
  'convert' => false,
)
[ info ] [ HEADER ] array (
  'host' => 'admin.ewei.com',
  'connection' => 'keep-alive',
  'upgrade-insecure-requests' => '1',
  'user-agent' => 'Mozilla/5.0 (Windows NT 10.0; WOW64) AppleWebKit/537.36 (KHTML, like Gecko) Chrome/53.0.2785.104 Safari/537.36 Core/1.53.4549.400 QQBrowser/9.7.12900.400',
  'accept' => 'text/html,application/xhtml+xml,application/xml;q=0.9,image/webp,*/*;q=0.8',
  'accept-encoding' => 'gzip, deflate, sdch',
  'accept-language' => 'zh-CN,zh;q=0.8',
  'cookie' => 'UM_distinctid=1615a67d1fa91-07528a454624f2-7e107977-1fa400-1615a67d1fb273; OUTFOX_SEARCH_USER_ID_NCOO=2042612758.9405384; PHPSESSID=7er8m4si2bh6cupjtl51ma78o6; CNZZDATA1272387699=644497730-1517640208-null%7C1520417217',
)
[ info ] [ PARAM ] array (
  'version' => 'v1',
)
[ info ] [ DB ] INIT mysql
[ info ] [ CACHE ] INIT File
[ info ] [ LOG ] INIT File
---------------------------------------------------------------
[2018-03-08T01:30:40+08:00] 127.0.0.1 127.0.0.1 GET /api/v1/collective/check
[ info ] admin.ewei.com/api/v1/collective/check [运行时间：0.134738s][吞吐率：7.42req/s] [内存消耗：2,328.77kb] [文件加载：47]
[ info ] [ BEHAVIOR ] Run app\api\behavior\CORS @app_init [ RunTime:0.001118s ]
[ info ] [ LANG ] D:\work\phpstudy\WWW\myjob\ewei_admin\admin_pro\thinkphp\lang\zh-cn.php
[ info ] [ ROUTE ] array (
  'type' => 'module',
  'module' => 
  array (
    0 => 'api',
    1 => 'v1.Collective',
    2 => 'checkCollectiveStatus',
  ),
  'convert' => false,
)
[ info ] [ HEADER ] array (
  'host' => 'admin.ewei.com',
  'connection' => 'keep-alive',
  'cache-control' => 'max-age=0',
  'upgrade-insecure-requests' => '1',
  'user-agent' => 'Mozilla/5.0 (Windows NT 10.0; WOW64) AppleWebKit/537.36 (KHTML, like Gecko) Chrome/53.0.2785.104 Safari/537.36 Core/1.53.4549.400 QQBrowser/9.7.12900.400',
  'accept' => 'text/html,application/xhtml+xml,application/xml;q=0.9,image/webp,*/*;q=0.8',
  'accept-encoding' => 'gzip, deflate, sdch',
  'accept-language' => 'zh-CN,zh;q=0.8',
  'cookie' => 'UM_distinctid=1615a67d1fa91-07528a454624f2-7e107977-1fa400-1615a67d1fb273; OUTFOX_SEARCH_USER_ID_NCOO=2042612758.9405384; PHPSESSID=7er8m4si2bh6cupjtl51ma78o6; CNZZDATA1272387699=644497730-1517640208-null%7C1520417217',
)
[ info ] [ PARAM ] array (
  'version' => 'v1',
)
[ info ] [ DB ] INIT mysql
[ info ] [ LOG ] INIT File
---------------------------------------------------------------
[2018-03-08T01:31:30+08:00] 127.0.0.1 127.0.0.1 GET /api/v1/collective/check
[ info ] admin.ewei.com/api/v1/collective/check [运行时间：0.285487s][吞吐率：3.50req/s] [内存消耗：2,763.56kb] [文件加载：52]
[ info ] [ BEHAVIOR ] Run app\api\behavior\CORS @app_init [ RunTime:0.001315s ]
[ info ] [ LANG ] D:\work\phpstudy\WWW\myjob\ewei_admin\admin_pro\thinkphp\lang\zh-cn.php
[ info ] [ ROUTE ] array (
  'type' => 'module',
  'module' => 
  array (
    0 => 'api',
    1 => 'v1.Collective',
    2 => 'checkCollectiveStatus',
  ),
  'convert' => false,
)
[ info ] [ HEADER ] array (
  'host' => 'admin.ewei.com',
  'connection' => 'keep-alive',
  'cache-control' => 'max-age=0',
  'upgrade-insecure-requests' => '1',
  'user-agent' => 'Mozilla/5.0 (Windows NT 10.0; WOW64) AppleWebKit/537.36 (KHTML, like Gecko) Chrome/53.0.2785.104 Safari/537.36 Core/1.53.4549.400 QQBrowser/9.7.12900.400',
  'accept' => 'text/html,application/xhtml+xml,application/xml;q=0.9,image/webp,*/*;q=0.8',
  'accept-encoding' => 'gzip, deflate, sdch',
  'accept-language' => 'zh-CN,zh;q=0.8',
  'cookie' => 'UM_distinctid=1615a67d1fa91-07528a454624f2-7e107977-1fa400-1615a67d1fb273; OUTFOX_SEARCH_USER_ID_NCOO=2042612758.9405384; PHPSESSID=7er8m4si2bh6cupjtl51ma78o6; CNZZDATA1272387699=644497730-1517640208-null%7C1520417217',
)
[ info ] [ PARAM ] array (
  'version' => 'v1',
)
[ info ] [ DB ] INIT mysql
[ info ] [ RUN ] app\api\controller\v1\Collective->checkCollectiveStatus[ D:\work\phpstudy\WWW\myjob\ewei_admin\admin_pro\application\api\controller\v1\Collective.php ]
[ info ] [ LOG ] INIT File
---------------------------------------------------------------
[2018-03-08T01:31:51+08:00] 127.0.0.1 127.0.0.1 GET /api/v1/collective/check
[ info ] admin.ewei.com/api/v1/collective/check [运行时间：0.202359s][吞吐率：4.94req/s] [内存消耗：2,749.39kb] [文件加载：52]
[ info ] [ BEHAVIOR ] Run app\api\behavior\CORS @app_init [ RunTime:0.001825s ]
[ info ] [ LANG ] D:\work\phpstudy\WWW\myjob\ewei_admin\admin_pro\thinkphp\lang\zh-cn.php
[ info ] [ ROUTE ] array (
  'type' => 'module',
  'module' => 
  array (
    0 => 'api',
    1 => 'v1.Collective',
    2 => 'checkCollectiveStatus',
  ),
  'convert' => false,
)
[ info ] [ HEADER ] array (
  'host' => 'admin.ewei.com',
  'connection' => 'keep-alive',
  'cache-control' => 'max-age=0',
  'upgrade-insecure-requests' => '1',
  'user-agent' => 'Mozilla/5.0 (Windows NT 10.0; WOW64) AppleWebKit/537.36 (KHTML, like Gecko) Chrome/53.0.2785.104 Safari/537.36 Core/1.53.4549.400 QQBrowser/9.7.12900.400',
  'accept' => 'text/html,application/xhtml+xml,application/xml;q=0.9,image/webp,*/*;q=0.8',
  'accept-encoding' => 'gzip, deflate, sdch',
  'accept-language' => 'zh-CN,zh;q=0.8',
  'cookie' => 'UM_distinctid=1615a67d1fa91-07528a454624f2-7e107977-1fa400-1615a67d1fb273; OUTFOX_SEARCH_USER_ID_NCOO=2042612758.9405384; PHPSESSID=7er8m4si2bh6cupjtl51ma78o6; CNZZDATA1272387699=644497730-1517640208-null%7C1520417217',
)
[ info ] [ PARAM ] array (
  'version' => 'v1',
)
[ info ] [ DB ] INIT mysql
[ info ] [ RUN ] app\api\controller\v1\Collective->checkCollectiveStatus[ D:\work\phpstudy\WWW\myjob\ewei_admin\admin_pro\application\api\controller\v1\Collective.php ]
[ info ] [ LOG ] INIT File
---------------------------------------------------------------
[2018-03-08T01:32:13+08:00] 127.0.0.1 127.0.0.1 GET /api/v1/collective/check
[ info ] admin.ewei.com/api/v1/collective/check [运行时间：0.344175s][吞吐率：2.91req/s] [内存消耗：2,805.02kb] [文件加载：58]
[ info ] [ BEHAVIOR ] Run app\api\behavior\CORS @app_init [ RunTime:0.000607s ]
[ info ] [ LANG ] D:\work\phpstudy\WWW\myjob\ewei_admin\admin_pro\thinkphp\lang\zh-cn.php
[ info ] [ ROUTE ] array (
  'type' => 'module',
  'module' => 
  array (
    0 => 'api',
    1 => 'v1.Collective',
    2 => 'checkCollectiveStatus',
  ),
  'convert' => false,
)
[ info ] [ HEADER ] array (
  'host' => 'admin.ewei.com',
  'connection' => 'keep-alive',
  'pragma' => 'no-cache',
  'cache-control' => 'no-cache',
  'upgrade-insecure-requests' => '1',
  'user-agent' => 'Mozilla/5.0 (Windows NT 10.0; WOW64) AppleWebKit/537.36 (KHTML, like Gecko) Chrome/53.0.2785.104 Safari/537.36 Core/1.53.4549.400 QQBrowser/9.7.12900.400',
  'accept' => 'text/html,application/xhtml+xml,application/xml;q=0.9,image/webp,*/*;q=0.8',
  'accept-encoding' => 'gzip, deflate, sdch',
  'accept-language' => 'zh-CN,zh;q=0.8',
  'cookie' => 'UM_distinctid=1615a67d1fa91-07528a454624f2-7e107977-1fa400-1615a67d1fb273; OUTFOX_SEARCH_USER_ID_NCOO=2042612758.9405384; PHPSESSID=7er8m4si2bh6cupjtl51ma78o6; CNZZDATA1272387699=644497730-1517640208-null%7C1520417217',
)
[ info ] [ PARAM ] array (
  'version' => 'v1',
)
[ info ] [ DB ] INIT mysql
[ info ] [ RUN ] app\api\controller\v1\Collective->checkCollectiveStatus[ D:\work\phpstudy\WWW\myjob\ewei_admin\admin_pro\application\api\controller\v1\Collective.php ]
[ info ] [ LOG ] INIT File
---------------------------------------------------------------
[2018-03-08T01:32:29+08:00] 127.0.0.1 127.0.0.1 GET /api/v1/collective/check
[ info ] admin.ewei.com/api/v1/collective/check [运行时间：0.362411s][吞吐率：2.76req/s] [内存消耗：2,737.91kb] [文件加载：52]
[ info ] [ BEHAVIOR ] Run app\api\behavior\CORS @app_init [ RunTime:0.007753s ]
[ info ] [ LANG ] D:\work\phpstudy\WWW\myjob\ewei_admin\admin_pro\thinkphp\lang\zh-cn.php
[ info ] [ ROUTE ] array (
  'type' => 'module',
  'module' => 
  array (
    0 => 'api',
    1 => 'v1.Collective',
    2 => 'checkCollectiveStatus',
  ),
  'convert' => false,
)
[ info ] [ HEADER ] array (
  'host' => 'admin.ewei.com',
  'connection' => 'keep-alive',
  'cache-control' => 'max-age=0',
  'upgrade-insecure-requests' => '1',
  'user-agent' => 'Mozilla/5.0 (Windows NT 10.0; WOW64) AppleWebKit/537.36 (KHTML, like Gecko) Chrome/53.0.2785.104 Safari/537.36 Core/1.53.4549.400 QQBrowser/9.7.12900.400',
  'accept' => 'text/html,application/xhtml+xml,application/xml;q=0.9,image/webp,*/*;q=0.8',
  'accept-encoding' => 'gzip, deflate, sdch',
  'accept-language' => 'zh-CN,zh;q=0.8',
  'cookie' => 'UM_distinctid=1615a67d1fa91-07528a454624f2-7e107977-1fa400-1615a67d1fb273; OUTFOX_SEARCH_USER_ID_NCOO=2042612758.9405384; PHPSESSID=7er8m4si2bh6cupjtl51ma78o6; CNZZDATA1272387699=644497730-1517640208-null%7C1520417217',
)
[ info ] [ PARAM ] array (
  'version' => 'v1',
)
[ info ] [ DB ] INIT mysql
[ info ] [ RUN ] app\api\controller\v1\Collective->checkCollectiveStatus[ D:\work\phpstudy\WWW\myjob\ewei_admin\admin_pro\application\api\controller\v1\Collective.php ]
[ info ] [ LOG ] INIT File
---------------------------------------------------------------
[2018-03-08T01:33:01+08:00] 127.0.0.1 127.0.0.1 GET /api/v1/collective/check
[ info ] admin.ewei.com/api/v1/collective/check [运行时间：0.213588s][吞吐率：4.68req/s] [内存消耗：2,868.43kb] [文件加载：59]
[ info ] [ BEHAVIOR ] Run app\api\behavior\CORS @app_init [ RunTime:0.001057s ]
[ info ] [ LANG ] D:\work\phpstudy\WWW\myjob\ewei_admin\admin_pro\thinkphp\lang\zh-cn.php
[ info ] [ ROUTE ] array (
  'type' => 'module',
  'module' => 
  array (
    0 => 'api',
    1 => 'v1.Collective',
    2 => 'checkCollectiveStatus',
  ),
  'convert' => false,
)
[ info ] [ HEADER ] array (
  'host' => 'admin.ewei.com',
  'connection' => 'keep-alive',
  'cache-control' => 'max-age=0',
  'upgrade-insecure-requests' => '1',
  'user-agent' => 'Mozilla/5.0 (Windows NT 10.0; WOW64) AppleWebKit/537.36 (KHTML, like Gecko) Chrome/53.0.2785.104 Safari/537.36 Core/1.53.4549.400 QQBrowser/9.7.12900.400',
  'accept' => 'text/html,application/xhtml+xml,application/xml;q=0.9,image/webp,*/*;q=0.8',
  'accept-encoding' => 'gzip, deflate, sdch',
  'accept-language' => 'zh-CN,zh;q=0.8',
  'cookie' => 'UM_distinctid=1615a67d1fa91-07528a454624f2-7e107977-1fa400-1615a67d1fb273; OUTFOX_SEARCH_USER_ID_NCOO=2042612758.9405384; PHPSESSID=7er8m4si2bh6cupjtl51ma78o6; CNZZDATA1272387699=644497730-1517640208-null%7C1520417217',
)
[ info ] [ PARAM ] array (
  'version' => 'v1',
)
[ info ] [ DB ] INIT mysql
[ info ] [ RUN ] app\api\controller\v1\Collective->checkCollectiveStatus[ D:\work\phpstudy\WWW\myjob\ewei_admin\admin_pro\application\api\controller\v1\Collective.php ]
[ info ] [ LOG ] INIT File
---------------------------------------------------------------
[2018-03-08T01:33:10+08:00] 127.0.0.1 127.0.0.1 GET /api/v1/collective/check
[ info ] admin.ewei.com/api/v1/collective/check [运行时间：0.363054s][吞吐率：2.75req/s] [内存消耗：2,749.49kb] [文件加载：52]
[ info ] [ BEHAVIOR ] Run app\api\behavior\CORS @app_init [ RunTime:0.007071s ]
[ info ] [ LANG ] D:\work\phpstudy\WWW\myjob\ewei_admin\admin_pro\thinkphp\lang\zh-cn.php
[ info ] [ ROUTE ] array (
  'type' => 'module',
  'module' => 
  array (
    0 => 'api',
    1 => 'v1.Collective',
    2 => 'checkCollectiveStatus',
  ),
  'convert' => false,
)
[ info ] [ HEADER ] array (
  'host' => 'admin.ewei.com',
  'connection' => 'keep-alive',
  'cache-control' => 'max-age=0',
  'upgrade-insecure-requests' => '1',
  'user-agent' => 'Mozilla/5.0 (Windows NT 10.0; WOW64) AppleWebKit/537.36 (KHTML, like Gecko) Chrome/53.0.2785.104 Safari/537.36 Core/1.53.4549.400 QQBrowser/9.7.12900.400',
  'accept' => 'text/html,application/xhtml+xml,application/xml;q=0.9,image/webp,*/*;q=0.8',
  'accept-encoding' => 'gzip, deflate, sdch',
  'accept-language' => 'zh-CN,zh;q=0.8',
  'cookie' => 'UM_distinctid=1615a67d1fa91-07528a454624f2-7e107977-1fa400-1615a67d1fb273; OUTFOX_SEARCH_USER_ID_NCOO=2042612758.9405384; PHPSESSID=7er8m4si2bh6cupjtl51ma78o6; CNZZDATA1272387699=644497730-1517640208-null%7C1520417217',
)
[ info ] [ PARAM ] array (
  'version' => 'v1',
)
[ info ] [ DB ] INIT mysql
[ info ] [ RUN ] app\api\controller\v1\Collective->checkCollectiveStatus[ D:\work\phpstudy\WWW\myjob\ewei_admin\admin_pro\application\api\controller\v1\Collective.php ]
[ info ] [ LOG ] INIT File
---------------------------------------------------------------
[2018-03-08T01:33:15+08:00] 127.0.0.1 127.0.0.1 GET /api/v1/collective/check
[ info ] admin.ewei.com/api/v1/collective/check [运行时间：0.521097s][吞吐率：1.92req/s] [内存消耗：2,891.59kb] [文件加载：59]
[ info ] [ BEHAVIOR ] Run app\api\behavior\CORS @app_init [ RunTime:0.005692s ]
[ info ] [ LANG ] D:\work\phpstudy\WWW\myjob\ewei_admin\admin_pro\thinkphp\lang\zh-cn.php
[ info ] [ ROUTE ] array (
  'type' => 'module',
  'module' => 
  array (
    0 => 'api',
    1 => 'v1.Collective',
    2 => 'checkCollectiveStatus',
  ),
  'convert' => false,
)
[ info ] [ HEADER ] array (
  'host' => 'admin.ewei.com',
  'connection' => 'keep-alive',
  'pragma' => 'no-cache',
  'cache-control' => 'no-cache',
  'upgrade-insecure-requests' => '1',
  'user-agent' => 'Mozilla/5.0 (Windows NT 10.0; WOW64) AppleWebKit/537.36 (KHTML, like Gecko) Chrome/53.0.2785.104 Safari/537.36 Core/1.53.4549.400 QQBrowser/9.7.12900.400',
  'accept' => 'text/html,application/xhtml+xml,application/xml;q=0.9,image/webp,*/*;q=0.8',
  'accept-encoding' => 'gzip, deflate, sdch',
  'accept-language' => 'zh-CN,zh;q=0.8',
  'cookie' => 'UM_distinctid=1615a67d1fa91-07528a454624f2-7e107977-1fa400-1615a67d1fb273; OUTFOX_SEARCH_USER_ID_NCOO=2042612758.9405384; PHPSESSID=7er8m4si2bh6cupjtl51ma78o6; CNZZDATA1272387699=644497730-1517640208-null%7C1520417217',
)
[ info ] [ PARAM ] array (
  'version' => 'v1',
)
[ info ] [ DB ] INIT mysql
[ info ] [ RUN ] app\api\controller\v1\Collective->checkCollectiveStatus[ D:\work\phpstudy\WWW\myjob\ewei_admin\admin_pro\application\api\controller\v1\Collective.php ]
[ info ] [ LOG ] INIT File
---------------------------------------------------------------
[2018-03-08T01:33:21+08:00] 127.0.0.1 127.0.0.1 GET /api/v1/collective/check
[ info ] admin.ewei.com/api/v1/collective/check [运行时间：0.228533s][吞吐率：4.38req/s] [内存消耗：2,749.57kb] [文件加载：52]
[ info ] [ BEHAVIOR ] Run app\api\behavior\CORS @app_init [ RunTime:0.003265s ]
[ info ] [ LANG ] D:\work\phpstudy\WWW\myjob\ewei_admin\admin_pro\thinkphp\lang\zh-cn.php
[ info ] [ ROUTE ] array (
  'type' => 'module',
  'module' => 
  array (
    0 => 'api',
    1 => 'v1.Collective',
    2 => 'checkCollectiveStatus',
  ),
  'convert' => false,
)
[ info ] [ HEADER ] array (
  'host' => 'admin.ewei.com',
  'connection' => 'keep-alive',
  'cache-control' => 'max-age=0',
  'upgrade-insecure-requests' => '1',
  'user-agent' => 'Mozilla/5.0 (Windows NT 10.0; WOW64) AppleWebKit/537.36 (KHTML, like Gecko) Chrome/53.0.2785.104 Safari/537.36 Core/1.53.4549.400 QQBrowser/9.7.12900.400',
  'accept' => 'text/html,application/xhtml+xml,application/xml;q=0.9,image/webp,*/*;q=0.8',
  'accept-encoding' => 'gzip, deflate, sdch',
  'accept-language' => 'zh-CN,zh;q=0.8',
  'cookie' => 'UM_distinctid=1615a67d1fa91-07528a454624f2-7e107977-1fa400-1615a67d1fb273; OUTFOX_SEARCH_USER_ID_NCOO=2042612758.9405384; PHPSESSID=7er8m4si2bh6cupjtl51ma78o6; CNZZDATA1272387699=644497730-1517640208-null%7C1520417217',
)
[ info ] [ PARAM ] array (
  'version' => 'v1',
)
[ info ] [ DB ] INIT mysql
[ info ] [ RUN ] app\api\controller\v1\Collective->checkCollectiveStatus[ D:\work\phpstudy\WWW\myjob\ewei_admin\admin_pro\application\api\controller\v1\Collective.php ]
[ info ] [ LOG ] INIT File
---------------------------------------------------------------
[2018-03-08T01:33:51+08:00] 127.0.0.1 127.0.0.1 GET /api/v1/collective/check
[ info ] admin.ewei.com/api/v1/collective/check [运行时间：0.383528s][吞吐率：2.61req/s] [内存消耗：2,749.78kb] [文件加载：52]
[ info ] [ BEHAVIOR ] Run app\api\behavior\CORS @app_init [ RunTime:0.007299s ]
[ info ] [ LANG ] D:\work\phpstudy\WWW\myjob\ewei_admin\admin_pro\thinkphp\lang\zh-cn.php
[ info ] [ ROUTE ] array (
  'type' => 'module',
  'module' => 
  array (
    0 => 'api',
    1 => 'v1.Collective',
    2 => 'checkCollectiveStatus',
  ),
  'convert' => false,
)
[ info ] [ HEADER ] array (
  'host' => 'admin.ewei.com',
  'connection' => 'keep-alive',
  'cache-control' => 'max-age=0',
  'upgrade-insecure-requests' => '1',
  'user-agent' => 'Mozilla/5.0 (Windows NT 10.0; WOW64) AppleWebKit/537.36 (KHTML, like Gecko) Chrome/53.0.2785.104 Safari/537.36 Core/1.53.4549.400 QQBrowser/9.7.12900.400',
  'accept' => 'text/html,application/xhtml+xml,application/xml;q=0.9,image/webp,*/*;q=0.8',
  'accept-encoding' => 'gzip, deflate, sdch',
  'accept-language' => 'zh-CN,zh;q=0.8',
  'cookie' => 'UM_distinctid=1615a67d1fa91-07528a454624f2-7e107977-1fa400-1615a67d1fb273; OUTFOX_SEARCH_USER_ID_NCOO=2042612758.9405384; PHPSESSID=7er8m4si2bh6cupjtl51ma78o6; CNZZDATA1272387699=644497730-1517640208-null%7C1520417217',
)
[ info ] [ PARAM ] array (
  'version' => 'v1',
)
[ info ] [ DB ] INIT mysql
[ info ] [ RUN ] app\api\controller\v1\Collective->checkCollectiveStatus[ D:\work\phpstudy\WWW\myjob\ewei_admin\admin_pro\application\api\controller\v1\Collective.php ]
[ info ] [ LOG ] INIT File
---------------------------------------------------------------
[2018-03-08T01:35:01+08:00] 127.0.0.1 127.0.0.1 GET /api/v1/collective/check
[ info ] admin.ewei.com/api/v1/collective/check [运行时间：0.356168s][吞吐率：2.81req/s] [内存消耗：2,750.95kb] [文件加载：52]
[ info ] [ BEHAVIOR ] Run app\api\behavior\CORS @app_init [ RunTime:0.003894s ]
[ info ] [ LANG ] D:\work\phpstudy\WWW\myjob\ewei_admin\admin_pro\thinkphp\lang\zh-cn.php
[ info ] [ ROUTE ] array (
  'type' => 'module',
  'module' => 
  array (
    0 => 'api',
    1 => 'v1.Collective',
    2 => 'checkCollectiveStatus',
  ),
  'convert' => false,
)
[ info ] [ HEADER ] array (
  'host' => 'admin.ewei.com',
  'connection' => 'keep-alive',
  'pragma' => 'no-cache',
  'cache-control' => 'no-cache',
  'upgrade-insecure-requests' => '1',
  'user-agent' => 'Mozilla/5.0 (Windows NT 10.0; WOW64) AppleWebKit/537.36 (KHTML, like Gecko) Chrome/53.0.2785.104 Safari/537.36 Core/1.53.4549.400 QQBrowser/9.7.12900.400',
  'accept' => 'text/html,application/xhtml+xml,application/xml;q=0.9,image/webp,*/*;q=0.8',
  'accept-encoding' => 'gzip, deflate, sdch',
  'accept-language' => 'zh-CN,zh;q=0.8',
  'cookie' => 'UM_distinctid=1615a67d1fa91-07528a454624f2-7e107977-1fa400-1615a67d1fb273; OUTFOX_SEARCH_USER_ID_NCOO=2042612758.9405384; PHPSESSID=7er8m4si2bh6cupjtl51ma78o6; CNZZDATA1272387699=644497730-1517640208-null%7C1520417217',
)
[ info ] [ PARAM ] array (
  'version' => 'v1',
)
[ info ] [ DB ] INIT mysql
[ info ] [ RUN ] app\api\controller\v1\Collective->checkCollectiveStatus[ D:\work\phpstudy\WWW\myjob\ewei_admin\admin_pro\application\api\controller\v1\Collective.php ]
[ info ] [ LOG ] INIT File
---------------------------------------------------------------
[2018-03-08T01:36:09+08:00] 127.0.0.1 127.0.0.1 GET /api/v1/collective/check
[ info ] admin.ewei.com/api/v1/collective/check [运行时间：0.245531s][吞吐率：4.07req/s] [内存消耗：2,790.73kb] [文件加载：52]
[ info ] [ BEHAVIOR ] Run app\api\behavior\CORS @app_init [ RunTime:0.001860s ]
[ info ] [ LANG ] D:\work\phpstudy\WWW\myjob\ewei_admin\admin_pro\thinkphp\lang\zh-cn.php
[ info ] [ ROUTE ] array (
  'type' => 'module',
  'module' => 
  array (
    0 => 'api',
    1 => 'v1.Collective',
    2 => 'checkCollectiveStatus',
  ),
  'convert' => false,
)
[ info ] [ HEADER ] array (
  'host' => 'admin.ewei.com',
  'connection' => 'keep-alive',
  'cache-control' => 'max-age=0',
  'upgrade-insecure-requests' => '1',
  'user-agent' => 'Mozilla/5.0 (Windows NT 10.0; WOW64) AppleWebKit/537.36 (KHTML, like Gecko) Chrome/53.0.2785.104 Safari/537.36 Core/1.53.4549.400 QQBrowser/9.7.12900.400',
  'accept' => 'text/html,application/xhtml+xml,application/xml;q=0.9,image/webp,*/*;q=0.8',
  'accept-encoding' => 'gzip, deflate, sdch',
  'accept-language' => 'zh-CN,zh;q=0.8',
  'cookie' => 'UM_distinctid=1615a67d1fa91-07528a454624f2-7e107977-1fa400-1615a67d1fb273; OUTFOX_SEARCH_USER_ID_NCOO=2042612758.9405384; PHPSESSID=7er8m4si2bh6cupjtl51ma78o6; CNZZDATA1272387699=644497730-1517640208-null%7C1520417217',
)
[ info ] [ PARAM ] array (
  'version' => 'v1',
)
[ info ] [ DB ] INIT mysql
[ info ] [ RUN ] app\api\controller\v1\Collective->checkCollectiveStatus[ D:\work\phpstudy\WWW\myjob\ewei_admin\admin_pro\application\api\controller\v1\Collective.php ]
[ info ] [ LOG ] INIT File
---------------------------------------------------------------
[2018-03-08T01:36:33+08:00] 127.0.0.1 127.0.0.1 GET /api/v1/collective/check
[ info ] admin.ewei.com/api/v1/collective/check [运行时间：0.199353s][吞吐率：5.02req/s] [内存消耗：2,750.93kb] [文件加载：52]
[ info ] [ BEHAVIOR ] Run app\api\behavior\CORS @app_init [ RunTime:0.002063s ]
[ info ] [ LANG ] D:\work\phpstudy\WWW\myjob\ewei_admin\admin_pro\thinkphp\lang\zh-cn.php
[ info ] [ ROUTE ] array (
  'type' => 'module',
  'module' => 
  array (
    0 => 'api',
    1 => 'v1.Collective',
    2 => 'checkCollectiveStatus',
  ),
  'convert' => false,
)
[ info ] [ HEADER ] array (
  'host' => 'admin.ewei.com',
  'connection' => 'keep-alive',
  'cache-control' => 'max-age=0',
  'upgrade-insecure-requests' => '1',
  'user-agent' => 'Mozilla/5.0 (Windows NT 10.0; WOW64) AppleWebKit/537.36 (KHTML, like Gecko) Chrome/53.0.2785.104 Safari/537.36 Core/1.53.4549.400 QQBrowser/9.7.12900.400',
  'accept' => 'text/html,application/xhtml+xml,application/xml;q=0.9,image/webp,*/*;q=0.8',
  'accept-encoding' => 'gzip, deflate, sdch',
  'accept-language' => 'zh-CN,zh;q=0.8',
  'cookie' => 'UM_distinctid=1615a67d1fa91-07528a454624f2-7e107977-1fa400-1615a67d1fb273; OUTFOX_SEARCH_USER_ID_NCOO=2042612758.9405384; PHPSESSID=7er8m4si2bh6cupjtl51ma78o6; CNZZDATA1272387699=644497730-1517640208-null%7C1520417217',
)
[ info ] [ PARAM ] array (
  'version' => 'v1',
)
[ info ] [ DB ] INIT mysql
[ info ] [ RUN ] app\api\controller\v1\Collective->checkCollectiveStatus[ D:\work\phpstudy\WWW\myjob\ewei_admin\admin_pro\application\api\controller\v1\Collective.php ]
[ info ] [ LOG ] INIT File
---------------------------------------------------------------
[2018-03-08T01:37:14+08:00] 127.0.0.1 127.0.0.1 GET /api/v1/collective/check
[ info ] admin.ewei.com/api/v1/collective/check [运行时间：0.200654s][吞吐率：4.98req/s] [内存消耗：2,750.93kb] [文件加载：52]
[ info ] [ BEHAVIOR ] Run app\api\behavior\CORS @app_init [ RunTime:0.001934s ]
[ info ] [ LANG ] D:\work\phpstudy\WWW\myjob\ewei_admin\admin_pro\thinkphp\lang\zh-cn.php
[ info ] [ ROUTE ] array (
  'type' => 'module',
  'module' => 
  array (
    0 => 'api',
    1 => 'v1.Collective',
    2 => 'checkCollectiveStatus',
  ),
  'convert' => false,
)
[ info ] [ HEADER ] array (
  'host' => 'admin.ewei.com',
  'connection' => 'keep-alive',
  'cache-control' => 'max-age=0',
  'upgrade-insecure-requests' => '1',
  'user-agent' => 'Mozilla/5.0 (Windows NT 10.0; WOW64) AppleWebKit/537.36 (KHTML, like Gecko) Chrome/53.0.2785.104 Safari/537.36 Core/1.53.4549.400 QQBrowser/9.7.12900.400',
  'accept' => 'text/html,application/xhtml+xml,application/xml;q=0.9,image/webp,*/*;q=0.8',
  'accept-encoding' => 'gzip, deflate, sdch',
  'accept-language' => 'zh-CN,zh;q=0.8',
  'cookie' => 'UM_distinctid=1615a67d1fa91-07528a454624f2-7e107977-1fa400-1615a67d1fb273; OUTFOX_SEARCH_USER_ID_NCOO=2042612758.9405384; PHPSESSID=7er8m4si2bh6cupjtl51ma78o6; CNZZDATA1272387699=644497730-1517640208-null%7C1520417217',
)
[ info ] [ PARAM ] array (
  'version' => 'v1',
)
[ info ] [ DB ] INIT mysql
[ info ] [ RUN ] app\api\controller\v1\Collective->checkCollectiveStatus[ D:\work\phpstudy\WWW\myjob\ewei_admin\admin_pro\application\api\controller\v1\Collective.php ]
[ info ] [ LOG ] INIT File
---------------------------------------------------------------
[2018-03-08T01:37:38+08:00] 127.0.0.1 127.0.0.1 GET /api/v1/collective/check
[ info ] admin.ewei.com/api/v1/collective/check [运行时间：0.203361s][吞吐率：4.92req/s] [内存消耗：2,751.30kb] [文件加载：52]
[ info ] [ BEHAVIOR ] Run app\api\behavior\CORS @app_init [ RunTime:0.002290s ]
[ info ] [ LANG ] D:\work\phpstudy\WWW\myjob\ewei_admin\admin_pro\thinkphp\lang\zh-cn.php
[ info ] [ ROUTE ] array (
  'type' => 'module',
  'module' => 
  array (
    0 => 'api',
    1 => 'v1.Collective',
    2 => 'checkCollectiveStatus',
  ),
  'convert' => false,
)
[ info ] [ HEADER ] array (
  'host' => 'admin.ewei.com',
  'connection' => 'keep-alive',
  'pragma' => 'no-cache',
  'cache-control' => 'no-cache',
  'upgrade-insecure-requests' => '1',
  'user-agent' => 'Mozilla/5.0 (Windows NT 10.0; WOW64) AppleWebKit/537.36 (KHTML, like Gecko) Chrome/53.0.2785.104 Safari/537.36 Core/1.53.4549.400 QQBrowser/9.7.12900.400',
  'accept' => 'text/html,application/xhtml+xml,application/xml;q=0.9,image/webp,*/*;q=0.8',
  'accept-encoding' => 'gzip, deflate, sdch',
  'accept-language' => 'zh-CN,zh;q=0.8',
  'cookie' => 'UM_distinctid=1615a67d1fa91-07528a454624f2-7e107977-1fa400-1615a67d1fb273; OUTFOX_SEARCH_USER_ID_NCOO=2042612758.9405384; PHPSESSID=7er8m4si2bh6cupjtl51ma78o6; CNZZDATA1272387699=644497730-1517640208-null%7C1520417217',
)
[ info ] [ PARAM ] array (
  'version' => 'v1',
)
[ info ] [ DB ] INIT mysql
[ info ] [ RUN ] app\api\controller\v1\Collective->checkCollectiveStatus[ D:\work\phpstudy\WWW\myjob\ewei_admin\admin_pro\application\api\controller\v1\Collective.php ]
[ info ] [ LOG ] INIT File
---------------------------------------------------------------
[2018-03-08T01:37:43+08:00] 127.0.0.1 127.0.0.1 GET /api/v1/collective/check
[ info ] admin.ewei.com/api/v1/collective/check [运行时间：0.270200s][吞吐率：3.70req/s] [内存消耗：2,799.74kb] [文件加载：52]
[ info ] [ BEHAVIOR ] Run app\api\behavior\CORS @app_init [ RunTime:0.001528s ]
[ info ] [ LANG ] D:\work\phpstudy\WWW\myjob\ewei_admin\admin_pro\thinkphp\lang\zh-cn.php
[ info ] [ ROUTE ] array (
  'type' => 'module',
  'module' => 
  array (
    0 => 'api',
    1 => 'v1.Collective',
    2 => 'checkCollectiveStatus',
  ),
  'convert' => false,
)
[ info ] [ HEADER ] array (
  'host' => 'admin.ewei.com',
  'connection' => 'keep-alive',
  'cache-control' => 'max-age=0',
  'upgrade-insecure-requests' => '1',
  'user-agent' => 'Mozilla/5.0 (Windows NT 10.0; WOW64) AppleWebKit/537.36 (KHTML, like Gecko) Chrome/53.0.2785.104 Safari/537.36 Core/1.53.4549.400 QQBrowser/9.7.12900.400',
  'accept' => 'text/html,application/xhtml+xml,application/xml;q=0.9,image/webp,*/*;q=0.8',
  'accept-encoding' => 'gzip, deflate, sdch',
  'accept-language' => 'zh-CN,zh;q=0.8',
  'cookie' => 'UM_distinctid=1615a67d1fa91-07528a454624f2-7e107977-1fa400-1615a67d1fb273; OUTFOX_SEARCH_USER_ID_NCOO=2042612758.9405384; PHPSESSID=7er8m4si2bh6cupjtl51ma78o6; CNZZDATA1272387699=644497730-1517640208-null%7C1520417217',
)
[ info ] [ PARAM ] array (
  'version' => 'v1',
)
[ info ] [ DB ] INIT mysql
[ info ] [ RUN ] app\api\controller\v1\Collective->checkCollectiveStatus[ D:\work\phpstudy\WWW\myjob\ewei_admin\admin_pro\application\api\controller\v1\Collective.php ]
[ info ] [ LOG ] INIT File
---------------------------------------------------------------
[2018-03-08T01:38:53+08:00] 127.0.0.1 127.0.0.1 GET /api/v1/collective/check
[ info ] admin.ewei.com/api/v1/collective/check [运行时间：0.236744s][吞吐率：4.22req/s] [内存消耗：2,799.92kb] [文件加载：52]
[ info ] [ BEHAVIOR ] Run app\api\behavior\CORS @app_init [ RunTime:0.002670s ]
[ info ] [ LANG ] D:\work\phpstudy\WWW\myjob\ewei_admin\admin_pro\thinkphp\lang\zh-cn.php
[ info ] [ ROUTE ] array (
  'type' => 'module',
  'module' => 
  array (
    0 => 'api',
    1 => 'v1.Collective',
    2 => 'checkCollectiveStatus',
  ),
  'convert' => false,
)
[ info ] [ HEADER ] array (
  'host' => 'admin.ewei.com',
  'connection' => 'keep-alive',
  'cache-control' => 'max-age=0',
  'upgrade-insecure-requests' => '1',
  'user-agent' => 'Mozilla/5.0 (Windows NT 10.0; WOW64) AppleWebKit/537.36 (KHTML, like Gecko) Chrome/53.0.2785.104 Safari/537.36 Core/1.53.4549.400 QQBrowser/9.7.12900.400',
  'accept' => 'text/html,application/xhtml+xml,application/xml;q=0.9,image/webp,*/*;q=0.8',
  'accept-encoding' => 'gzip, deflate, sdch',
  'accept-language' => 'zh-CN,zh;q=0.8',
  'cookie' => 'UM_distinctid=1615a67d1fa91-07528a454624f2-7e107977-1fa400-1615a67d1fb273; OUTFOX_SEARCH_USER_ID_NCOO=2042612758.9405384; PHPSESSID=7er8m4si2bh6cupjtl51ma78o6; CNZZDATA1272387699=644497730-1517640208-null%7C1520417217',
)
[ info ] [ PARAM ] array (
  'version' => 'v1',
)
[ info ] [ DB ] INIT mysql
[ info ] [ RUN ] app\api\controller\v1\Collective->checkCollectiveStatus[ D:\work\phpstudy\WWW\myjob\ewei_admin\admin_pro\application\api\controller\v1\Collective.php ]
[ info ] [ LOG ] INIT File
---------------------------------------------------------------
[2018-03-08T01:41:38+08:00] 127.0.0.1 127.0.0.1 GET /api/v1/collective/check
[ info ] admin.ewei.com/api/v1/collective/check [运行时间：0.264706s][吞吐率：3.78req/s] [内存消耗：2,794.20kb] [文件加载：52]
[ info ] [ BEHAVIOR ] Run app\api\behavior\CORS @app_init [ RunTime:0.003507s ]
[ info ] [ LANG ] D:\work\phpstudy\WWW\myjob\ewei_admin\admin_pro\thinkphp\lang\zh-cn.php
[ info ] [ ROUTE ] array (
  'type' => 'module',
  'module' => 
  array (
    0 => 'api',
    1 => 'v1.Collective',
    2 => 'checkCollectiveStatus',
  ),
  'convert' => false,
)
[ info ] [ HEADER ] array (
  'host' => 'admin.ewei.com',
  'connection' => 'keep-alive',
  'cache-control' => 'max-age=0',
  'upgrade-insecure-requests' => '1',
  'user-agent' => 'Mozilla/5.0 (Windows NT 10.0; WOW64) AppleWebKit/537.36 (KHTML, like Gecko) Chrome/53.0.2785.104 Safari/537.36 Core/1.53.4549.400 QQBrowser/9.7.12900.400',
  'accept' => 'text/html,application/xhtml+xml,application/xml;q=0.9,image/webp,*/*;q=0.8',
  'accept-encoding' => 'gzip, deflate, sdch',
  'accept-language' => 'zh-CN,zh;q=0.8',
  'cookie' => 'UM_distinctid=1615a67d1fa91-07528a454624f2-7e107977-1fa400-1615a67d1fb273; OUTFOX_SEARCH_USER_ID_NCOO=2042612758.9405384; PHPSESSID=7er8m4si2bh6cupjtl51ma78o6; CNZZDATA1272387699=644497730-1517640208-null%7C1520417217',
)
[ info ] [ PARAM ] array (
  'version' => 'v1',
)
[ info ] [ DB ] INIT mysql
[ info ] [ RUN ] app\api\controller\v1\Collective->checkCollectiveStatus[ D:\work\phpstudy\WWW\myjob\ewei_admin\admin_pro\application\api\controller\v1\Collective.php ]
[ info ] [ LOG ] INIT File
---------------------------------------------------------------
[2018-03-08T01:41:44+08:00] 127.0.0.1 127.0.0.1 GET /api/v1/collective/check
[ info ] admin.ewei.com/api/v1/collective/check [运行时间：0.231910s][吞吐率：4.31req/s] [内存消耗：2,794.53kb] [文件加载：52]
[ info ] [ BEHAVIOR ] Run app\api\behavior\CORS @app_init [ RunTime:0.002860s ]
[ info ] [ LANG ] D:\work\phpstudy\WWW\myjob\ewei_admin\admin_pro\thinkphp\lang\zh-cn.php
[ info ] [ ROUTE ] array (
  'type' => 'module',
  'module' => 
  array (
    0 => 'api',
    1 => 'v1.Collective',
    2 => 'checkCollectiveStatus',
  ),
  'convert' => false,
)
[ info ] [ HEADER ] array (
  'host' => 'admin.ewei.com',
  'connection' => 'keep-alive',
  'pragma' => 'no-cache',
  'cache-control' => 'no-cache',
  'upgrade-insecure-requests' => '1',
  'user-agent' => 'Mozilla/5.0 (Windows NT 10.0; WOW64) AppleWebKit/537.36 (KHTML, like Gecko) Chrome/53.0.2785.104 Safari/537.36 Core/1.53.4549.400 QQBrowser/9.7.12900.400',
  'accept' => 'text/html,application/xhtml+xml,application/xml;q=0.9,image/webp,*/*;q=0.8',
  'accept-encoding' => 'gzip, deflate, sdch',
  'accept-language' => 'zh-CN,zh;q=0.8',
  'cookie' => 'UM_distinctid=1615a67d1fa91-07528a454624f2-7e107977-1fa400-1615a67d1fb273; OUTFOX_SEARCH_USER_ID_NCOO=2042612758.9405384; PHPSESSID=7er8m4si2bh6cupjtl51ma78o6; CNZZDATA1272387699=644497730-1517640208-null%7C1520417217',
)
[ info ] [ PARAM ] array (
  'version' => 'v1',
)
[ info ] [ DB ] INIT mysql
[ info ] [ RUN ] app\api\controller\v1\Collective->checkCollectiveStatus[ D:\work\phpstudy\WWW\myjob\ewei_admin\admin_pro\application\api\controller\v1\Collective.php ]
[ info ] [ LOG ] INIT File
---------------------------------------------------------------
[2018-03-08T01:47:07+08:00] 127.0.0.1 127.0.0.1 GET /api/v1/collective/check
[ info ] admin.ewei.com/api/v1/collective/check [运行时间：0.471547s][吞吐率：2.12req/s] [内存消耗：3,387.57kb] [文件加载：66]
[ info ] [ BEHAVIOR ] Run app\api\behavior\CORS @app_init [ RunTime:0.003502s ]
[ info ] [ LANG ] D:\work\phpstudy\WWW\myjob\ewei_admin\admin_pro\thinkphp\lang\zh-cn.php
[ info ] [ ROUTE ] array (
  'type' => 'module',
  'module' => 
  array (
    0 => 'api',
    1 => 'v1.Collective',
    2 => 'checkCollectiveStatus',
  ),
  'convert' => false,
)
[ info ] [ HEADER ] array (
  'host' => 'admin.ewei.com',
  'connection' => 'keep-alive',
  'cache-control' => 'max-age=0',
  'upgrade-insecure-requests' => '1',
  'user-agent' => 'Mozilla/5.0 (Windows NT 10.0; WOW64) AppleWebKit/537.36 (KHTML, like Gecko) Chrome/53.0.2785.104 Safari/537.36 Core/1.53.4549.400 QQBrowser/9.7.12900.400',
  'accept' => 'text/html,application/xhtml+xml,application/xml;q=0.9,image/webp,*/*;q=0.8',
  'accept-encoding' => 'gzip, deflate, sdch',
  'accept-language' => 'zh-CN,zh;q=0.8',
  'cookie' => 'UM_distinctid=1615a67d1fa91-07528a454624f2-7e107977-1fa400-1615a67d1fb273; OUTFOX_SEARCH_USER_ID_NCOO=2042612758.9405384; PHPSESSID=7er8m4si2bh6cupjtl51ma78o6; CNZZDATA1272387699=644497730-1517640208-null%7C1520417217',
)
[ info ] [ PARAM ] array (
  'version' => 'v1',
)
[ info ] [ DB ] INIT mysql
[ info ] [ RUN ] app\api\controller\v1\Collective->checkCollectiveStatus[ D:\work\phpstudy\WWW\myjob\ewei_admin\admin_pro\application\api\controller\v1\Collective.php ]
[ info ] [ LOG ] INIT File
---------------------------------------------------------------
[2018-03-08T01:54:04+08:00] 127.0.0.1 127.0.0.1 GET /api/v1/collective/check
[ info ] admin.ewei.com/api/v1/collective/check [运行时间：0.518303s][吞吐率：1.93req/s] [内存消耗：2,908.07kb] [文件加载：60]
[ info ] [ BEHAVIOR ] Run app\api\behavior\CORS @app_init [ RunTime:0.002705s ]
[ info ] [ LANG ] D:\work\phpstudy\WWW\myjob\ewei_admin\admin_pro\thinkphp\lang\zh-cn.php
[ info ] [ ROUTE ] array (
  'type' => 'module',
  'module' => 
  array (
    0 => 'api',
    1 => 'v1.Collective',
    2 => 'checkCollectiveStatus',
  ),
  'convert' => false,
)
[ info ] [ HEADER ] array (
  'host' => 'admin.ewei.com',
  'connection' => 'keep-alive',
  'cache-control' => 'max-age=0',
  'upgrade-insecure-requests' => '1',
  'user-agent' => 'Mozilla/5.0 (Windows NT 10.0; WOW64) AppleWebKit/537.36 (KHTML, like Gecko) Chrome/53.0.2785.104 Safari/537.36 Core/1.53.4549.400 QQBrowser/9.7.12900.400',
  'accept' => 'text/html,application/xhtml+xml,application/xml;q=0.9,image/webp,*/*;q=0.8',
  'accept-encoding' => 'gzip, deflate, sdch',
  'accept-language' => 'zh-CN,zh;q=0.8',
  'cookie' => 'UM_distinctid=1615a67d1fa91-07528a454624f2-7e107977-1fa400-1615a67d1fb273; OUTFOX_SEARCH_USER_ID_NCOO=2042612758.9405384; PHPSESSID=7er8m4si2bh6cupjtl51ma78o6; CNZZDATA1272387699=644497730-1517640208-null%7C1520417217',
)
[ info ] [ PARAM ] array (
  'version' => 'v1',
)
[ info ] [ DB ] INIT mysql
[ info ] [ RUN ] app\api\controller\v1\Collective->checkCollectiveStatus[ D:\work\phpstudy\WWW\myjob\ewei_admin\admin_pro\application\api\controller\v1\Collective.php ]
[ info ] [ LOG ] INIT File
---------------------------------------------------------------
[2018-03-08T01:55:01+08:00] 127.0.0.1 127.0.0.1 GET /api/v1/collective/check
[ info ] admin.ewei.com/api/v1/collective/check [运行时间：0.311074s][吞吐率：3.21req/s] [内存消耗：2,804.35kb] [文件加载：52]
[ info ] [ BEHAVIOR ] Run app\api\behavior\CORS @app_init [ RunTime:0.003015s ]
[ info ] [ LANG ] D:\work\phpstudy\WWW\myjob\ewei_admin\admin_pro\thinkphp\lang\zh-cn.php
[ info ] [ ROUTE ] array (
  'type' => 'module',
  'module' => 
  array (
    0 => 'api',
    1 => 'v1.Collective',
    2 => 'checkCollectiveStatus',
  ),
  'convert' => false,
)
[ info ] [ HEADER ] array (
  'host' => 'admin.ewei.com',
  'connection' => 'keep-alive',
  'cache-control' => 'max-age=0',
  'upgrade-insecure-requests' => '1',
  'user-agent' => 'Mozilla/5.0 (Windows NT 10.0; WOW64) AppleWebKit/537.36 (KHTML, like Gecko) Chrome/53.0.2785.104 Safari/537.36 Core/1.53.4549.400 QQBrowser/9.7.12900.400',
  'accept' => 'text/html,application/xhtml+xml,application/xml;q=0.9,image/webp,*/*;q=0.8',
  'accept-encoding' => 'gzip, deflate, sdch',
  'accept-language' => 'zh-CN,zh;q=0.8',
  'cookie' => 'UM_distinctid=1615a67d1fa91-07528a454624f2-7e107977-1fa400-1615a67d1fb273; OUTFOX_SEARCH_USER_ID_NCOO=2042612758.9405384; PHPSESSID=7er8m4si2bh6cupjtl51ma78o6; CNZZDATA1272387699=644497730-1517640208-null%7C1520417217',
)
[ info ] [ PARAM ] array (
  'version' => 'v1',
)
[ info ] [ DB ] INIT mysql
[ info ] [ RUN ] app\api\controller\v1\Collective->checkCollectiveStatus[ D:\work\phpstudy\WWW\myjob\ewei_admin\admin_pro\application\api\controller\v1\Collective.php ]
[ info ] [ LOG ] INIT File
---------------------------------------------------------------
[2018-03-08T02:01:20+08:00] 127.0.0.1 127.0.0.1 GET /api/v1/collective/check
[ info ] admin.ewei.com/api/v1/collective/check [运行时间：0.391958s][吞吐率：2.55req/s] [内存消耗：2,908.69kb] [文件加载：60]
[ info ] [ BEHAVIOR ] Run app\api\behavior\CORS @app_init [ RunTime:0.003823s ]
[ info ] [ LANG ] D:\work\phpstudy\WWW\myjob\ewei_admin\admin_pro\thinkphp\lang\zh-cn.php
[ info ] [ ROUTE ] array (
  'type' => 'module',
  'module' => 
  array (
    0 => 'api',
    1 => 'v1.Collective',
    2 => 'checkCollectiveStatus',
  ),
  'convert' => false,
)
[ info ] [ HEADER ] array (
  'host' => 'admin.ewei.com',
  'connection' => 'keep-alive',
  'cache-control' => 'max-age=0',
  'upgrade-insecure-requests' => '1',
  'user-agent' => 'Mozilla/5.0 (Windows NT 10.0; WOW64) AppleWebKit/537.36 (KHTML, like Gecko) Chrome/53.0.2785.104 Safari/537.36 Core/1.53.4549.400 QQBrowser/9.7.12900.400',
  'accept' => 'text/html,application/xhtml+xml,application/xml;q=0.9,image/webp,*/*;q=0.8',
  'accept-encoding' => 'gzip, deflate, sdch',
  'accept-language' => 'zh-CN,zh;q=0.8',
  'cookie' => 'UM_distinctid=1615a67d1fa91-07528a454624f2-7e107977-1fa400-1615a67d1fb273; OUTFOX_SEARCH_USER_ID_NCOO=2042612758.9405384; PHPSESSID=7er8m4si2bh6cupjtl51ma78o6; CNZZDATA1272387699=644497730-1517640208-null%7C1520417217',
)
[ info ] [ PARAM ] array (
  'version' => 'v1',
)
[ info ] [ DB ] INIT mysql
[ info ] [ RUN ] app\api\controller\v1\Collective->checkCollectiveStatus[ D:\work\phpstudy\WWW\myjob\ewei_admin\admin_pro\application\api\controller\v1\Collective.php ]
[ info ] [ LOG ] INIT File
---------------------------------------------------------------
[2018-03-08T02:01:45+08:00] 127.0.0.1 127.0.0.1 GET /api/v1/collective/check
[ info ] admin.ewei.com/api/v1/collective/check [运行时间：0.233449s][吞吐率：4.28req/s] [内存消耗：2,755.52kb] [文件加载：52]
[ info ] [ BEHAVIOR ] Run app\api\behavior\CORS @app_init [ RunTime:0.003329s ]
[ info ] [ LANG ] D:\work\phpstudy\WWW\myjob\ewei_admin\admin_pro\thinkphp\lang\zh-cn.php
[ info ] [ ROUTE ] array (
  'type' => 'module',
  'module' => 
  array (
    0 => 'api',
    1 => 'v1.Collective',
    2 => 'checkCollectiveStatus',
  ),
  'convert' => false,
)
[ info ] [ HEADER ] array (
  'host' => 'admin.ewei.com',
  'connection' => 'keep-alive',
  'pragma' => 'no-cache',
  'cache-control' => 'no-cache',
  'upgrade-insecure-requests' => '1',
  'user-agent' => 'Mozilla/5.0 (Windows NT 10.0; WOW64) AppleWebKit/537.36 (KHTML, like Gecko) Chrome/53.0.2785.104 Safari/537.36 Core/1.53.4549.400 QQBrowser/9.7.12900.400',
  'accept' => 'text/html,application/xhtml+xml,application/xml;q=0.9,image/webp,*/*;q=0.8',
  'accept-encoding' => 'gzip, deflate, sdch',
  'accept-language' => 'zh-CN,zh;q=0.8',
  'cookie' => 'UM_distinctid=1615a67d1fa91-07528a454624f2-7e107977-1fa400-1615a67d1fb273; OUTFOX_SEARCH_USER_ID_NCOO=2042612758.9405384; PHPSESSID=7er8m4si2bh6cupjtl51ma78o6; CNZZDATA1272387699=644497730-1517640208-null%7C1520417217',
)
[ info ] [ PARAM ] array (
  'version' => 'v1',
)
[ info ] [ DB ] INIT mysql
[ info ] [ RUN ] app\api\controller\v1\Collective->checkCollectiveStatus[ D:\work\phpstudy\WWW\myjob\ewei_admin\admin_pro\application\api\controller\v1\Collective.php ]
[ info ] [ LOG ] INIT File
---------------------------------------------------------------
[2018-03-08T02:02:24+08:00] 127.0.0.1 127.0.0.1 GET /api/v1/collective/check
[ info ] admin.ewei.com/api/v1/collective/check [运行时间：0.416183s][吞吐率：2.40req/s] [内存消耗：2,909.10kb] [文件加载：60]
[ info ] [ BEHAVIOR ] Run app\api\behavior\CORS @app_init [ RunTime:0.003243s ]
[ info ] [ LANG ] D:\work\phpstudy\WWW\myjob\ewei_admin\admin_pro\thinkphp\lang\zh-cn.php
[ info ] [ ROUTE ] array (
  'type' => 'module',
  'module' => 
  array (
    0 => 'api',
    1 => 'v1.Collective',
    2 => 'checkCollectiveStatus',
  ),
  'convert' => false,
)
[ info ] [ HEADER ] array (
  'host' => 'admin.ewei.com',
  'connection' => 'keep-alive',
  'cache-control' => 'max-age=0',
  'upgrade-insecure-requests' => '1',
  'user-agent' => 'Mozilla/5.0 (Windows NT 10.0; WOW64) AppleWebKit/537.36 (KHTML, like Gecko) Chrome/53.0.2785.104 Safari/537.36 Core/1.53.4549.400 QQBrowser/9.7.12900.400',
  'accept' => 'text/html,application/xhtml+xml,application/xml;q=0.9,image/webp,*/*;q=0.8',
  'accept-encoding' => 'gzip, deflate, sdch',
  'accept-language' => 'zh-CN,zh;q=0.8',
  'cookie' => 'UM_distinctid=1615a67d1fa91-07528a454624f2-7e107977-1fa400-1615a67d1fb273; OUTFOX_SEARCH_USER_ID_NCOO=2042612758.9405384; PHPSESSID=7er8m4si2bh6cupjtl51ma78o6; CNZZDATA1272387699=644497730-1517640208-null%7C1520417217',
)
[ info ] [ PARAM ] array (
  'version' => 'v1',
)
[ info ] [ DB ] INIT mysql
[ info ] [ RUN ] app\api\controller\v1\Collective->checkCollectiveStatus[ D:\work\phpstudy\WWW\myjob\ewei_admin\admin_pro\application\api\controller\v1\Collective.php ]
[ info ] [ LOG ] INIT File
---------------------------------------------------------------
[2018-03-08T02:02:49+08:00] 127.0.0.1 127.0.0.1 GET /api/v1/collective/check
[ info ] admin.ewei.com/api/v1/collective/check [运行时间：0.349695s][吞吐率：2.86req/s] [内存消耗：2,909.50kb] [文件加载：60]
[ info ] [ BEHAVIOR ] Run app\api\behavior\CORS @app_init [ RunTime:0.002443s ]
[ info ] [ LANG ] D:\work\phpstudy\WWW\myjob\ewei_admin\admin_pro\thinkphp\lang\zh-cn.php
[ info ] [ ROUTE ] array (
  'type' => 'module',
  'module' => 
  array (
    0 => 'api',
    1 => 'v1.Collective',
    2 => 'checkCollectiveStatus',
  ),
  'convert' => false,
)
[ info ] [ HEADER ] array (
  'host' => 'admin.ewei.com',
  'connection' => 'keep-alive',
  'cache-control' => 'max-age=0',
  'upgrade-insecure-requests' => '1',
  'user-agent' => 'Mozilla/5.0 (Windows NT 10.0; WOW64) AppleWebKit/537.36 (KHTML, like Gecko) Chrome/53.0.2785.104 Safari/537.36 Core/1.53.4549.400 QQBrowser/9.7.12900.400',
  'accept' => 'text/html,application/xhtml+xml,application/xml;q=0.9,image/webp,*/*;q=0.8',
  'accept-encoding' => 'gzip, deflate, sdch',
  'accept-language' => 'zh-CN,zh;q=0.8',
  'cookie' => 'UM_distinctid=1615a67d1fa91-07528a454624f2-7e107977-1fa400-1615a67d1fb273; OUTFOX_SEARCH_USER_ID_NCOO=2042612758.9405384; PHPSESSID=7er8m4si2bh6cupjtl51ma78o6; CNZZDATA1272387699=644497730-1517640208-null%7C1520417217',
)
[ info ] [ PARAM ] array (
  'version' => 'v1',
)
[ info ] [ DB ] INIT mysql
[ info ] [ RUN ] app\api\controller\v1\Collective->checkCollectiveStatus[ D:\work\phpstudy\WWW\myjob\ewei_admin\admin_pro\application\api\controller\v1\Collective.php ]
[ info ] [ LOG ] INIT File
---------------------------------------------------------------
[2018-03-08T02:03:23+08:00] 127.0.0.1 127.0.0.1 GET /api/v1/collective/check
[ info ] admin.ewei.com/api/v1/collective/check [运行时间：0.344842s][吞吐率：2.90req/s] [内存消耗：2,933.55kb] [文件加载：60]
[ info ] [ BEHAVIOR ] Run app\api\behavior\CORS @app_init [ RunTime:0.001813s ]
[ info ] [ LANG ] D:\work\phpstudy\WWW\myjob\ewei_admin\admin_pro\thinkphp\lang\zh-cn.php
[ info ] [ ROUTE ] array (
  'type' => 'module',
  'module' => 
  array (
    0 => 'api',
    1 => 'v1.Collective',
    2 => 'checkCollectiveStatus',
  ),
  'convert' => false,
)
[ info ] [ HEADER ] array (
  'host' => 'admin.ewei.com',
  'connection' => 'keep-alive',
  'cache-control' => 'max-age=0',
  'upgrade-insecure-requests' => '1',
  'user-agent' => 'Mozilla/5.0 (Windows NT 10.0; WOW64) AppleWebKit/537.36 (KHTML, like Gecko) Chrome/53.0.2785.104 Safari/537.36 Core/1.53.4549.400 QQBrowser/9.7.12900.400',
  'accept' => 'text/html,application/xhtml+xml,application/xml;q=0.9,image/webp,*/*;q=0.8',
  'accept-encoding' => 'gzip, deflate, sdch',
  'accept-language' => 'zh-CN,zh;q=0.8',
  'cookie' => 'UM_distinctid=1615a67d1fa91-07528a454624f2-7e107977-1fa400-1615a67d1fb273; OUTFOX_SEARCH_USER_ID_NCOO=2042612758.9405384; PHPSESSID=7er8m4si2bh6cupjtl51ma78o6; CNZZDATA1272387699=644497730-1517640208-null%7C1520417217',
)
[ info ] [ PARAM ] array (
  'version' => 'v1',
)
[ info ] [ DB ] INIT mysql
[ info ] [ RUN ] app\api\controller\v1\Collective->checkCollectiveStatus[ D:\work\phpstudy\WWW\myjob\ewei_admin\admin_pro\application\api\controller\v1\Collective.php ]
[ info ] [ LOG ] INIT File
---------------------------------------------------------------
[2018-03-08T02:03:36+08:00] 127.0.0.1 127.0.0.1 GET /api/v1/collective/check
[ info ] admin.ewei.com/api/v1/collective/check [运行时间：0.356328s][吞吐率：2.81req/s] [内存消耗：2,933.88kb] [文件加载：60]
[ info ] [ BEHAVIOR ] Run app\api\behavior\CORS @app_init [ RunTime:0.003114s ]
[ info ] [ LANG ] D:\work\phpstudy\WWW\myjob\ewei_admin\admin_pro\thinkphp\lang\zh-cn.php
[ info ] [ ROUTE ] array (
  'type' => 'module',
  'module' => 
  array (
    0 => 'api',
    1 => 'v1.Collective',
    2 => 'checkCollectiveStatus',
  ),
  'convert' => false,
)
[ info ] [ HEADER ] array (
  'host' => 'admin.ewei.com',
  'connection' => 'keep-alive',
  'pragma' => 'no-cache',
  'cache-control' => 'no-cache',
  'upgrade-insecure-requests' => '1',
  'user-agent' => 'Mozilla/5.0 (Windows NT 10.0; WOW64) AppleWebKit/537.36 (KHTML, like Gecko) Chrome/53.0.2785.104 Safari/537.36 Core/1.53.4549.400 QQBrowser/9.7.12900.400',
  'accept' => 'text/html,application/xhtml+xml,application/xml;q=0.9,image/webp,*/*;q=0.8',
  'accept-encoding' => 'gzip, deflate, sdch',
  'accept-language' => 'zh-CN,zh;q=0.8',
  'cookie' => 'UM_distinctid=1615a67d1fa91-07528a454624f2-7e107977-1fa400-1615a67d1fb273; OUTFOX_SEARCH_USER_ID_NCOO=2042612758.9405384; PHPSESSID=7er8m4si2bh6cupjtl51ma78o6; CNZZDATA1272387699=644497730-1517640208-null%7C1520417217',
)
[ info ] [ PARAM ] array (
  'version' => 'v1',
)
[ info ] [ DB ] INIT mysql
[ info ] [ RUN ] app\api\controller\v1\Collective->checkCollectiveStatus[ D:\work\phpstudy\WWW\myjob\ewei_admin\admin_pro\application\api\controller\v1\Collective.php ]
[ info ] [ LOG ] INIT File
---------------------------------------------------------------
[2018-03-08T02:03:49+08:00] 127.0.0.1 127.0.0.1 GET /api/v1/collective/check
[ info ] admin.ewei.com/api/v1/collective/check [运行时间：0.337323s][吞吐率：2.96req/s] [内存消耗：2,779.32kb] [文件加载：52]
[ info ] [ BEHAVIOR ] Run app\api\behavior\CORS @app_init [ RunTime:0.002283s ]
[ info ] [ LANG ] D:\work\phpstudy\WWW\myjob\ewei_admin\admin_pro\thinkphp\lang\zh-cn.php
[ info ] [ ROUTE ] array (
  'type' => 'module',
  'module' => 
  array (
    0 => 'api',
    1 => 'v1.Collective',
    2 => 'checkCollectiveStatus',
  ),
  'convert' => false,
)
[ info ] [ HEADER ] array (
  'host' => 'admin.ewei.com',
  'connection' => 'keep-alive',
  'cache-control' => 'max-age=0',
  'upgrade-insecure-requests' => '1',
  'user-agent' => 'Mozilla/5.0 (Windows NT 10.0; WOW64) AppleWebKit/537.36 (KHTML, like Gecko) Chrome/53.0.2785.104 Safari/537.36 Core/1.53.4549.400 QQBrowser/9.7.12900.400',
  'accept' => 'text/html,application/xhtml+xml,application/xml;q=0.9,image/webp,*/*;q=0.8',
  'accept-encoding' => 'gzip, deflate, sdch',
  'accept-language' => 'zh-CN,zh;q=0.8',
  'cookie' => 'UM_distinctid=1615a67d1fa91-07528a454624f2-7e107977-1fa400-1615a67d1fb273; OUTFOX_SEARCH_USER_ID_NCOO=2042612758.9405384; PHPSESSID=7er8m4si2bh6cupjtl51ma78o6; CNZZDATA1272387699=644497730-1517640208-null%7C1520417217',
)
[ info ] [ PARAM ] array (
  'version' => 'v1',
)
[ info ] [ DB ] INIT mysql
[ info ] [ RUN ] app\api\controller\v1\Collective->checkCollectiveStatus[ D:\work\phpstudy\WWW\myjob\ewei_admin\admin_pro\application\api\controller\v1\Collective.php ]
[ info ] [ LOG ] INIT File
---------------------------------------------------------------
[2018-03-08T02:04:11+08:00] 127.0.0.1 127.0.0.1 GET /api/v1/collective/check
[ info ] admin.ewei.com/api/v1/collective/check [运行时间：0.408597s][吞吐率：2.45req/s] [内存消耗：2,833.48kb] [文件加载：53]
[ info ] [ BEHAVIOR ] Run app\api\behavior\CORS @app_init [ RunTime:0.002653s ]
[ info ] [ LANG ] D:\work\phpstudy\WWW\myjob\ewei_admin\admin_pro\thinkphp\lang\zh-cn.php
[ info ] [ ROUTE ] array (
  'type' => 'module',
  'module' => 
  array (
    0 => 'api',
    1 => 'v1.Collective',
    2 => 'checkCollectiveStatus',
  ),
  'convert' => false,
)
[ info ] [ HEADER ] array (
  'host' => 'admin.ewei.com',
  'connection' => 'keep-alive',
  'cache-control' => 'max-age=0',
  'upgrade-insecure-requests' => '1',
  'user-agent' => 'Mozilla/5.0 (Windows NT 10.0; WOW64) AppleWebKit/537.36 (KHTML, like Gecko) Chrome/53.0.2785.104 Safari/537.36 Core/1.53.4549.400 QQBrowser/9.7.12900.400',
  'accept' => 'text/html,application/xhtml+xml,application/xml;q=0.9,image/webp,*/*;q=0.8',
  'accept-encoding' => 'gzip, deflate, sdch',
  'accept-language' => 'zh-CN,zh;q=0.8',
  'cookie' => 'UM_distinctid=1615a67d1fa91-07528a454624f2-7e107977-1fa400-1615a67d1fb273; OUTFOX_SEARCH_USER_ID_NCOO=2042612758.9405384; PHPSESSID=7er8m4si2bh6cupjtl51ma78o6; CNZZDATA1272387699=644497730-1517640208-null%7C1520417217',
)
[ info ] [ PARAM ] array (
  'version' => 'v1',
)
[ info ] [ DB ] INIT mysql
[ info ] [ RUN ] app\api\controller\v1\Collective->checkCollectiveStatus[ D:\work\phpstudy\WWW\myjob\ewei_admin\admin_pro\application\api\controller\v1\Collective.php ]
[ info ] [ LOG ] INIT File
---------------------------------------------------------------
[2018-03-08T02:04:24+08:00] 127.0.0.1 127.0.0.1 GET /api/v1/collective/check
[ info ] admin.ewei.com/api/v1/collective/check [运行时间：0.390344s][吞吐率：2.56req/s] [内存消耗：2,831.36kb] [文件加载：53]
[ info ] [ BEHAVIOR ] Run app\api\behavior\CORS @app_init [ RunTime:0.002022s ]
[ info ] [ LANG ] D:\work\phpstudy\WWW\myjob\ewei_admin\admin_pro\thinkphp\lang\zh-cn.php
[ info ] [ ROUTE ] array (
  'type' => 'module',
  'module' => 
  array (
    0 => 'api',
    1 => 'v1.Collective',
    2 => 'checkCollectiveStatus',
  ),
  'convert' => false,
)
[ info ] [ HEADER ] array (
  'host' => 'admin.ewei.com',
  'connection' => 'keep-alive',
  'cache-control' => 'max-age=0',
  'upgrade-insecure-requests' => '1',
  'user-agent' => 'Mozilla/5.0 (Windows NT 10.0; WOW64) AppleWebKit/537.36 (KHTML, like Gecko) Chrome/53.0.2785.104 Safari/537.36 Core/1.53.4549.400 QQBrowser/9.7.12900.400',
  'accept' => 'text/html,application/xhtml+xml,application/xml;q=0.9,image/webp,*/*;q=0.8',
  'accept-encoding' => 'gzip, deflate, sdch',
  'accept-language' => 'zh-CN,zh;q=0.8',
  'cookie' => 'UM_distinctid=1615a67d1fa91-07528a454624f2-7e107977-1fa400-1615a67d1fb273; OUTFOX_SEARCH_USER_ID_NCOO=2042612758.9405384; PHPSESSID=7er8m4si2bh6cupjtl51ma78o6; CNZZDATA1272387699=644497730-1517640208-null%7C1520417217',
)
[ info ] [ PARAM ] array (
  'version' => 'v1',
)
[ info ] [ DB ] INIT mysql
[ info ] [ RUN ] app\api\controller\v1\Collective->checkCollectiveStatus[ D:\work\phpstudy\WWW\myjob\ewei_admin\admin_pro\application\api\controller\v1\Collective.php ]
[ info ] [ LOG ] INIT File
---------------------------------------------------------------
[2018-03-08T02:04:29+08:00] 127.0.0.1 127.0.0.1 GET /api/v1/collective/check
[ info ] admin.ewei.com/api/v1/collective/check [运行时间：0.448470s][吞吐率：2.23req/s] [内存消耗：3,391.92kb] [文件加载：67]
[ info ] [ BEHAVIOR ] Run app\api\behavior\CORS @app_init [ RunTime:0.001689s ]
[ info ] [ LANG ] D:\work\phpstudy\WWW\myjob\ewei_admin\admin_pro\thinkphp\lang\zh-cn.php
[ info ] [ ROUTE ] array (
  'type' => 'module',
  'module' => 
  array (
    0 => 'api',
    1 => 'v1.Collective',
    2 => 'checkCollectiveStatus',
  ),
  'convert' => false,
)
[ info ] [ HEADER ] array (
  'host' => 'admin.ewei.com',
  'connection' => 'keep-alive',
  'pragma' => 'no-cache',
  'cache-control' => 'no-cache',
  'upgrade-insecure-requests' => '1',
  'user-agent' => 'Mozilla/5.0 (Windows NT 10.0; WOW64) AppleWebKit/537.36 (KHTML, like Gecko) Chrome/53.0.2785.104 Safari/537.36 Core/1.53.4549.400 QQBrowser/9.7.12900.400',
  'accept' => 'text/html,application/xhtml+xml,application/xml;q=0.9,image/webp,*/*;q=0.8',
  'accept-encoding' => 'gzip, deflate, sdch',
  'accept-language' => 'zh-CN,zh;q=0.8',
  'cookie' => 'UM_distinctid=1615a67d1fa91-07528a454624f2-7e107977-1fa400-1615a67d1fb273; OUTFOX_SEARCH_USER_ID_NCOO=2042612758.9405384; PHPSESSID=7er8m4si2bh6cupjtl51ma78o6; CNZZDATA1272387699=644497730-1517640208-null%7C1520417217',
)
[ info ] [ PARAM ] array (
  'version' => 'v1',
)
[ info ] [ DB ] INIT mysql
[ info ] [ RUN ] app\api\controller\v1\Collective->checkCollectiveStatus[ D:\work\phpstudy\WWW\myjob\ewei_admin\admin_pro\application\api\controller\v1\Collective.php ]
[ info ] [ LOG ] INIT File
---------------------------------------------------------------
[2018-03-08T02:04:44+08:00] 127.0.0.1 127.0.0.1 GET /api/v1/collective/check
[ info ] admin.ewei.com/api/v1/collective/check [运行时间：0.398843s][吞吐率：2.51req/s] [内存消耗：3,250.52kb] [文件加载：60]
[ info ] [ BEHAVIOR ] Run app\api\behavior\CORS @app_init [ RunTime:0.002891s ]
[ info ] [ LANG ] D:\work\phpstudy\WWW\myjob\ewei_admin\admin_pro\thinkphp\lang\zh-cn.php
[ info ] [ ROUTE ] array (
  'type' => 'module',
  'module' => 
  array (
    0 => 'api',
    1 => 'v1.Collective',
    2 => 'checkCollectiveStatus',
  ),
  'convert' => false,
)
[ info ] [ HEADER ] array (
  'host' => 'admin.ewei.com',
  'connection' => 'keep-alive',
  'cache-control' => 'max-age=0',
  'upgrade-insecure-requests' => '1',
  'user-agent' => 'Mozilla/5.0 (Windows NT 10.0; WOW64) AppleWebKit/537.36 (KHTML, like Gecko) Chrome/53.0.2785.104 Safari/537.36 Core/1.53.4549.400 QQBrowser/9.7.12900.400',
  'accept' => 'text/html,application/xhtml+xml,application/xml;q=0.9,image/webp,*/*;q=0.8',
  'accept-encoding' => 'gzip, deflate, sdch',
  'accept-language' => 'zh-CN,zh;q=0.8',
  'cookie' => 'UM_distinctid=1615a67d1fa91-07528a454624f2-7e107977-1fa400-1615a67d1fb273; OUTFOX_SEARCH_USER_ID_NCOO=2042612758.9405384; PHPSESSID=7er8m4si2bh6cupjtl51ma78o6; CNZZDATA1272387699=644497730-1517640208-null%7C1520417217',
)
[ info ] [ PARAM ] array (
  'version' => 'v1',
)
[ info ] [ DB ] INIT mysql
[ info ] [ RUN ] app\api\controller\v1\Collective->checkCollectiveStatus[ D:\work\phpstudy\WWW\myjob\ewei_admin\admin_pro\application\api\controller\v1\Collective.php ]
[ info ] [ LOG ] INIT File
---------------------------------------------------------------
[2018-03-08T02:05:01+08:00] 127.0.0.1 127.0.0.1 GET /api/v1/collective/check
[ info ] admin.ewei.com/api/v1/collective/check [运行时间：0.461949s][吞吐率：2.16req/s] [内存消耗：3,250.52kb] [文件加载：60]
[ info ] [ BEHAVIOR ] Run app\api\behavior\CORS @app_init [ RunTime:0.001991s ]
[ info ] [ LANG ] D:\work\phpstudy\WWW\myjob\ewei_admin\admin_pro\thinkphp\lang\zh-cn.php
[ info ] [ ROUTE ] array (
  'type' => 'module',
  'module' => 
  array (
    0 => 'api',
    1 => 'v1.Collective',
    2 => 'checkCollectiveStatus',
  ),
  'convert' => false,
)
[ info ] [ HEADER ] array (
  'host' => 'admin.ewei.com',
  'connection' => 'keep-alive',
  'cache-control' => 'max-age=0',
  'upgrade-insecure-requests' => '1',
  'user-agent' => 'Mozilla/5.0 (Windows NT 10.0; WOW64) AppleWebKit/537.36 (KHTML, like Gecko) Chrome/53.0.2785.104 Safari/537.36 Core/1.53.4549.400 QQBrowser/9.7.12900.400',
  'accept' => 'text/html,application/xhtml+xml,application/xml;q=0.9,image/webp,*/*;q=0.8',
  'accept-encoding' => 'gzip, deflate, sdch',
  'accept-language' => 'zh-CN,zh;q=0.8',
  'cookie' => 'UM_distinctid=1615a67d1fa91-07528a454624f2-7e107977-1fa400-1615a67d1fb273; OUTFOX_SEARCH_USER_ID_NCOO=2042612758.9405384; PHPSESSID=7er8m4si2bh6cupjtl51ma78o6; CNZZDATA1272387699=644497730-1517640208-null%7C1520417217',
)
[ info ] [ PARAM ] array (
  'version' => 'v1',
)
[ info ] [ DB ] INIT mysql
[ info ] [ RUN ] app\api\controller\v1\Collective->checkCollectiveStatus[ D:\work\phpstudy\WWW\myjob\ewei_admin\admin_pro\application\api\controller\v1\Collective.php ]
[ info ] [ LOG ] INIT File
