---------------------------------------------------------------
[2018-03-14T00:00:27+08:00] 127.0.0.1 127.0.0.1 GET /admin/order/index.html?order_no=&user_name=&order_from=&order_shop=&order_type=&order_status=&start_time=&end_time=&type=export
[ info ] admin.ewei.com/admin/order/index.html?order_no=&user_name=&order_from=&order_shop=&order_type=&order_status=&start_time=&end_time=&type=export [运行时间：0.348156s][吞吐率：2.87req/s] [内存消耗：3,224.49kb] [文件加载：59]
[ info ] [ BEHAVIOR ] Run app\api\behavior\CORS @app_init [ RunTime:0.002434s ]
[ info ] [ LANG ] D:\work\phpstudy\WWW\myjob\ewei_admin\admin_pro\thinkphp\lang\zh-cn.php
[ info ] [ ROUTE ] array (
  'type' => 'module',
  'module' => 
  array (
    0 => 'admin',
    1 => 'order',
    2 => 'index',
  ),
)
[ info ] [ HEADER ] array (
  'host' => 'admin.ewei.com',
  'connection' => 'keep-alive',
  'accept' => 'application/json, text/javascript, */*; q=0.01',
  'x-requested-with' => 'XMLHttpRequest',
  'user-agent' => 'Mozilla/5.0 (Windows NT 10.0; WOW64) AppleWebKit/537.36 (KHTML, like Gecko) Chrome/53.0.2785.104 Safari/537.36 Core/1.53.4549.400 QQBrowser/9.7.12900.400',
  'referer' => 'http://admin.ewei.com/admin/order/index.html?order_no=&user_name=&user_name=&order_from=&order_from=&order_type=&order_status=&start_time=&end_time=',
  'accept-encoding' => 'gzip, deflate, sdch',
  'accept-language' => 'zh-CN,zh;q=0.8',
  'cookie' => '___rl__test__cookies=1520956457202; UM_distinctid=1615a67d1fa91-07528a454624f2-7e107977-1fa400-1615a67d1fb273; OUTFOX_SEARCH_USER_ID_NCOO=2042612758.9405384; PHPSESSID=it4otn4ci0gdo3eekr0bnd1rj5; CNZZDATA1272387699=644497730-1517640208-null%7C1520954609',
)
[ info ] [ PARAM ] array (
  'order_no' => '',
  'user_name' => '',
  'order_from' => '',
  'order_shop' => '',
  'order_type' => '',
  'order_status' => '',
  'start_time' => '',
  'end_time' => '',
  'type' => 'export',
)
[ info ] [ SESSION ] INIT array (
  'id' => '',
  'var_session_id' => '',
  'prefix' => 'think',
  'type' => '',
  'auto_start' => true,
)
[ info ] [ DB ] INIT mysql
[ info ] [ RUN ] app\admin\controller\Order->index[ D:\work\phpstudy\WWW\myjob\ewei_admin\admin_pro\application\admin\controller\Order.php ]
[ info ] [ LOG ] INIT File
---------------------------------------------------------------
[2018-03-14T00:00:39+08:00] 127.0.0.1 127.0.0.1 GET /admin/order/index.html?order_no=&user_name=&order_from=&order_shop=&order_type=&order_status=&start_time=&end_time=&type=export
[ info ] admin.ewei.com/admin/order/index.html?order_no=&user_name=&order_from=&order_shop=&order_type=&order_status=&start_time=&end_time=&type=export [运行时间：0.322671s][吞吐率：3.10req/s] [内存消耗：3,224.50kb] [文件加载：59]
[ info ] [ BEHAVIOR ] Run app\api\behavior\CORS @app_init [ RunTime:0.000965s ]
[ info ] [ LANG ] D:\work\phpstudy\WWW\myjob\ewei_admin\admin_pro\thinkphp\lang\zh-cn.php
[ info ] [ ROUTE ] array (
  'type' => 'module',
  'module' => 
  array (
    0 => 'admin',
    1 => 'order',
    2 => 'index',
  ),
)
[ info ] [ HEADER ] array (
  'host' => 'admin.ewei.com',
  'connection' => 'keep-alive',
  'accept' => 'application/json, text/javascript, */*; q=0.01',
  'x-requested-with' => 'XMLHttpRequest',
  'user-agent' => 'Mozilla/5.0 (Windows NT 10.0; WOW64) AppleWebKit/537.36 (KHTML, like Gecko) Chrome/53.0.2785.104 Safari/537.36 Core/1.53.4549.400 QQBrowser/9.7.12900.400',
  'referer' => 'http://admin.ewei.com/admin/order/index.html?order_no=&user_name=&user_name=&order_from=&order_from=&order_type=&order_status=&start_time=&end_time=',
  'accept-encoding' => 'gzip, deflate, sdch',
  'accept-language' => 'zh-CN,zh;q=0.8',
  'cookie' => '___rl__test__cookies=1520956457202; UM_distinctid=1615a67d1fa91-07528a454624f2-7e107977-1fa400-1615a67d1fb273; OUTFOX_SEARCH_USER_ID_NCOO=2042612758.9405384; PHPSESSID=it4otn4ci0gdo3eekr0bnd1rj5; CNZZDATA1272387699=644497730-1517640208-null%7C1520954609',
)
[ info ] [ PARAM ] array (
  'order_no' => '',
  'user_name' => '',
  'order_from' => '',
  'order_shop' => '',
  'order_type' => '',
  'order_status' => '',
  'start_time' => '',
  'end_time' => '',
  'type' => 'export',
)
[ info ] [ SESSION ] INIT array (
  'id' => '',
  'var_session_id' => '',
  'prefix' => 'think',
  'type' => '',
  'auto_start' => true,
)
[ info ] [ DB ] INIT mysql
[ info ] [ RUN ] app\admin\controller\Order->index[ D:\work\phpstudy\WWW\myjob\ewei_admin\admin_pro\application\admin\controller\Order.php ]
[ info ] [ LOG ] INIT File
---------------------------------------------------------------
[2018-03-14T00:01:44+08:00] 127.0.0.1 127.0.0.1 GET /admin/order/index.html?order_no=&user_name=&order_from=&order_shop=&order_type=&order_status=&start_time=&end_time=&type=export
[ info ] admin.ewei.com/admin/order/index.html?order_no=&user_name=&order_from=&order_shop=&order_type=&order_status=&start_time=&end_time=&type=export [运行时间：0.568887s][吞吐率：1.76req/s] [内存消耗：6,976.58kb] [文件加载：117]
[ info ] [ BEHAVIOR ] Run app\api\behavior\CORS @app_init [ RunTime:0.001688s ]
[ info ] [ LANG ] D:\work\phpstudy\WWW\myjob\ewei_admin\admin_pro\thinkphp\lang\zh-cn.php
[ info ] [ ROUTE ] array (
  'type' => 'module',
  'module' => 
  array (
    0 => 'admin',
    1 => 'order',
    2 => 'index',
  ),
)
[ info ] [ HEADER ] array (
  'host' => 'admin.ewei.com',
  'connection' => 'keep-alive',
  'accept' => 'application/json, text/javascript, */*; q=0.01',
  'x-requested-with' => 'XMLHttpRequest',
  'user-agent' => 'Mozilla/5.0 (Windows NT 10.0; WOW64) AppleWebKit/537.36 (KHTML, like Gecko) Chrome/53.0.2785.104 Safari/537.36 Core/1.53.4549.400 QQBrowser/9.7.12900.400',
  'referer' => 'http://admin.ewei.com/admin/order/index.html?order_no=&user_name=&user_name=&order_from=&order_from=&order_type=&order_status=&start_time=&end_time=',
  'accept-encoding' => 'gzip, deflate, sdch',
  'accept-language' => 'zh-CN,zh;q=0.8',
  'cookie' => '___rl__test__cookies=1520956457202; UM_distinctid=1615a67d1fa91-07528a454624f2-7e107977-1fa400-1615a67d1fb273; OUTFOX_SEARCH_USER_ID_NCOO=2042612758.9405384; PHPSESSID=it4otn4ci0gdo3eekr0bnd1rj5; CNZZDATA1272387699=644497730-1517640208-null%7C1520954609',
)
[ info ] [ PARAM ] array (
  'order_no' => '',
  'user_name' => '',
  'order_from' => '',
  'order_shop' => '',
  'order_type' => '',
  'order_status' => '',
  'start_time' => '',
  'end_time' => '',
  'type' => 'export',
)
[ info ] [ SESSION ] INIT array (
  'id' => '',
  'var_session_id' => '',
  'prefix' => 'think',
  'type' => '',
  'auto_start' => true,
)
[ info ] [ DB ] INIT mysql
[ info ] [ RUN ] app\admin\controller\Order->index[ D:\work\phpstudy\WWW\myjob\ewei_admin\admin_pro\application\admin\controller\Order.php ]
[ info ] [ LOG ] INIT File
---------------------------------------------------------------
[2018-03-14T00:01:58+08:00] 127.0.0.1 127.0.0.1 GET /admin/order/index.html?order_no=&user_name=&order_from=&order_shop=&order_type=&order_status=&start_time=&end_time=&type=export
[ info ] admin.ewei.com/admin/order/index.html?order_no=&user_name=&order_from=&order_shop=&order_type=&order_status=&start_time=&end_time=&type=export [运行时间：0.561414s][吞吐率：1.78req/s] [内存消耗：6,976.58kb] [文件加载：117]
[ info ] [ BEHAVIOR ] Run app\api\behavior\CORS @app_init [ RunTime:0.001090s ]
[ info ] [ LANG ] D:\work\phpstudy\WWW\myjob\ewei_admin\admin_pro\thinkphp\lang\zh-cn.php
[ info ] [ ROUTE ] array (
  'type' => 'module',
  'module' => 
  array (
    0 => 'admin',
    1 => 'order',
    2 => 'index',
  ),
)
[ info ] [ HEADER ] array (
  'host' => 'admin.ewei.com',
  'connection' => 'keep-alive',
  'accept' => 'application/json, text/javascript, */*; q=0.01',
  'x-requested-with' => 'XMLHttpRequest',
  'user-agent' => 'Mozilla/5.0 (Windows NT 10.0; WOW64) AppleWebKit/537.36 (KHTML, like Gecko) Chrome/53.0.2785.104 Safari/537.36 Core/1.53.4549.400 QQBrowser/9.7.12900.400',
  'referer' => 'http://admin.ewei.com/admin/order/index.html?order_no=&user_name=&user_name=&order_from=&order_from=&order_type=&order_status=&start_time=&end_time=',
  'accept-encoding' => 'gzip, deflate, sdch',
  'accept-language' => 'zh-CN,zh;q=0.8',
  'cookie' => '___rl__test__cookies=1520956457202; UM_distinctid=1615a67d1fa91-07528a454624f2-7e107977-1fa400-1615a67d1fb273; OUTFOX_SEARCH_USER_ID_NCOO=2042612758.9405384; PHPSESSID=it4otn4ci0gdo3eekr0bnd1rj5; CNZZDATA1272387699=644497730-1517640208-null%7C1520954609',
)
[ info ] [ PARAM ] array (
  'order_no' => '',
  'user_name' => '',
  'order_from' => '',
  'order_shop' => '',
  'order_type' => '',
  'order_status' => '',
  'start_time' => '',
  'end_time' => '',
  'type' => 'export',
)
[ info ] [ SESSION ] INIT array (
  'id' => '',
  'var_session_id' => '',
  'prefix' => 'think',
  'type' => '',
  'auto_start' => true,
)
[ info ] [ DB ] INIT mysql
[ info ] [ RUN ] app\admin\controller\Order->index[ D:\work\phpstudy\WWW\myjob\ewei_admin\admin_pro\application\admin\controller\Order.php ]
[ info ] [ LOG ] INIT File
---------------------------------------------------------------
[2018-03-14T00:02:21+08:00] 127.0.0.1 127.0.0.1 GET /admin/order/index.html?order_no=&user_name=&order_from=&order_shop=&order_type=&order_status=&start_time=&end_time=&type=export
[ info ] admin.ewei.com/admin/order/index.html?order_no=&user_name=&order_from=&order_shop=&order_type=&order_status=&start_time=&end_time=&type=export [运行时间：0.586757s][吞吐率：1.70req/s] [内存消耗：6,976.58kb] [文件加载：117]
[ info ] [ BEHAVIOR ] Run app\api\behavior\CORS @app_init [ RunTime:0.001750s ]
[ info ] [ LANG ] D:\work\phpstudy\WWW\myjob\ewei_admin\admin_pro\thinkphp\lang\zh-cn.php
[ info ] [ ROUTE ] array (
  'type' => 'module',
  'module' => 
  array (
    0 => 'admin',
    1 => 'order',
    2 => 'index',
  ),
)
[ info ] [ HEADER ] array (
  'host' => 'admin.ewei.com',
  'connection' => 'keep-alive',
  'accept' => 'application/json, text/javascript, */*; q=0.01',
  'x-requested-with' => 'XMLHttpRequest',
  'user-agent' => 'Mozilla/5.0 (Windows NT 10.0; WOW64) AppleWebKit/537.36 (KHTML, like Gecko) Chrome/53.0.2785.104 Safari/537.36 Core/1.53.4549.400 QQBrowser/9.7.12900.400',
  'referer' => 'http://admin.ewei.com/admin/order/index.html?order_no=&user_name=&user_name=&order_from=&order_from=&order_type=&order_status=&start_time=&end_time=',
  'accept-encoding' => 'gzip, deflate, sdch',
  'accept-language' => 'zh-CN,zh;q=0.8',
  'cookie' => '___rl__test__cookies=1520956457202; UM_distinctid=1615a67d1fa91-07528a454624f2-7e107977-1fa400-1615a67d1fb273; OUTFOX_SEARCH_USER_ID_NCOO=2042612758.9405384; PHPSESSID=it4otn4ci0gdo3eekr0bnd1rj5; CNZZDATA1272387699=644497730-1517640208-null%7C1520954609',
)
[ info ] [ PARAM ] array (
  'order_no' => '',
  'user_name' => '',
  'order_from' => '',
  'order_shop' => '',
  'order_type' => '',
  'order_status' => '',
  'start_time' => '',
  'end_time' => '',
  'type' => 'export',
)
[ info ] [ SESSION ] INIT array (
  'id' => '',
  'var_session_id' => '',
  'prefix' => 'think',
  'type' => '',
  'auto_start' => true,
)
[ info ] [ DB ] INIT mysql
[ info ] [ RUN ] app\admin\controller\Order->index[ D:\work\phpstudy\WWW\myjob\ewei_admin\admin_pro\application\admin\controller\Order.php ]
[ info ] [ LOG ] INIT File
---------------------------------------------------------------
[2018-03-14T00:02:34+08:00] 127.0.0.1 127.0.0.1 GET /admin/order/index.html?order_no=&user_name=&order_from=&order_shop=&order_type=&order_status=&start_time=&end_time=&type=export
[ info ] admin.ewei.com/admin/order/index.html?order_no=&user_name=&order_from=&order_shop=&order_type=&order_status=&start_time=&end_time=&type=export [运行时间：0.557040s][吞吐率：1.80req/s] [内存消耗：6,976.58kb] [文件加载：117]
[ info ] [ BEHAVIOR ] Run app\api\behavior\CORS @app_init [ RunTime:0.001883s ]
[ info ] [ LANG ] D:\work\phpstudy\WWW\myjob\ewei_admin\admin_pro\thinkphp\lang\zh-cn.php
[ info ] [ ROUTE ] array (
  'type' => 'module',
  'module' => 
  array (
    0 => 'admin',
    1 => 'order',
    2 => 'index',
  ),
)
[ info ] [ HEADER ] array (
  'host' => 'admin.ewei.com',
  'connection' => 'keep-alive',
  'accept' => 'application/json, text/javascript, */*; q=0.01',
  'x-requested-with' => 'XMLHttpRequest',
  'user-agent' => 'Mozilla/5.0 (Windows NT 10.0; WOW64) AppleWebKit/537.36 (KHTML, like Gecko) Chrome/53.0.2785.104 Safari/537.36 Core/1.53.4549.400 QQBrowser/9.7.12900.400',
  'referer' => 'http://admin.ewei.com/admin/order/index.html?order_no=&user_name=&user_name=&order_from=&order_from=&order_type=&order_status=&start_time=&end_time=',
  'accept-encoding' => 'gzip, deflate, sdch',
  'accept-language' => 'zh-CN,zh;q=0.8',
  'cookie' => '___rl__test__cookies=1520956457202; UM_distinctid=1615a67d1fa91-07528a454624f2-7e107977-1fa400-1615a67d1fb273; OUTFOX_SEARCH_USER_ID_NCOO=2042612758.9405384; PHPSESSID=it4otn4ci0gdo3eekr0bnd1rj5; CNZZDATA1272387699=644497730-1517640208-null%7C1520954609',
)
[ info ] [ PARAM ] array (
  'order_no' => '',
  'user_name' => '',
  'order_from' => '',
  'order_shop' => '',
  'order_type' => '',
  'order_status' => '',
  'start_time' => '',
  'end_time' => '',
  'type' => 'export',
)
[ info ] [ SESSION ] INIT array (
  'id' => '',
  'var_session_id' => '',
  'prefix' => 'think',
  'type' => '',
  'auto_start' => true,
)
[ info ] [ DB ] INIT mysql
[ info ] [ RUN ] app\admin\controller\Order->index[ D:\work\phpstudy\WWW\myjob\ewei_admin\admin_pro\application\admin\controller\Order.php ]
[ info ] [ LOG ] INIT File
---------------------------------------------------------------
[2018-03-14T00:03:09+08:00] 127.0.0.1 127.0.0.1 GET /admin/order/index.html?order_no=&user_name=&order_from=&order_shop=&order_type=&order_status=&start_time=&end_time=&type=export
[ info ] admin.ewei.com/admin/order/index.html?order_no=&user_name=&order_from=&order_shop=&order_type=&order_status=&start_time=&end_time=&type=export [运行时间：0.507774s][吞吐率：1.97req/s] [内存消耗：6,976.70kb] [文件加载：117]
[ info ] [ BEHAVIOR ] Run app\api\behavior\CORS @app_init [ RunTime:0.001800s ]
[ info ] [ LANG ] D:\work\phpstudy\WWW\myjob\ewei_admin\admin_pro\thinkphp\lang\zh-cn.php
[ info ] [ ROUTE ] array (
  'type' => 'module',
  'module' => 
  array (
    0 => 'admin',
    1 => 'order',
    2 => 'index',
  ),
)
[ info ] [ HEADER ] array (
  'host' => 'admin.ewei.com',
  'connection' => 'keep-alive',
  'accept' => 'application/json, text/javascript, */*; q=0.01',
  'x-requested-with' => 'XMLHttpRequest',
  'user-agent' => 'Mozilla/5.0 (Windows NT 10.0; WOW64) AppleWebKit/537.36 (KHTML, like Gecko) Chrome/53.0.2785.104 Safari/537.36 Core/1.53.4549.400 QQBrowser/9.7.12900.400',
  'referer' => 'http://admin.ewei.com/admin/order/index.html?order_no=&user_name=&user_name=&order_from=&order_from=&order_type=&order_status=&start_time=&end_time=',
  'accept-encoding' => 'gzip, deflate, sdch',
  'accept-language' => 'zh-CN,zh;q=0.8',
  'cookie' => '___rl__test__cookies=1520956457202; UM_distinctid=1615a67d1fa91-07528a454624f2-7e107977-1fa400-1615a67d1fb273; OUTFOX_SEARCH_USER_ID_NCOO=2042612758.9405384; PHPSESSID=it4otn4ci0gdo3eekr0bnd1rj5; CNZZDATA1272387699=644497730-1517640208-null%7C1520954609',
)
[ info ] [ PARAM ] array (
  'order_no' => '',
  'user_name' => '',
  'order_from' => '',
  'order_shop' => '',
  'order_type' => '',
  'order_status' => '',
  'start_time' => '',
  'end_time' => '',
  'type' => 'export',
)
[ info ] [ SESSION ] INIT array (
  'id' => '',
  'var_session_id' => '',
  'prefix' => 'think',
  'type' => '',
  'auto_start' => true,
)
[ info ] [ DB ] INIT mysql
[ info ] [ RUN ] app\admin\controller\Order->index[ D:\work\phpstudy\WWW\myjob\ewei_admin\admin_pro\application\admin\controller\Order.php ]
[ info ] [ LOG ] INIT File
---------------------------------------------------------------
[2018-03-14T00:03:34+08:00] 127.0.0.1 127.0.0.1 GET /admin/order/index.html?order_no=&user_name=&order_from=&order_shop=&order_type=&order_status=&start_time=&end_time=&type=export
[ info ] admin.ewei.com/admin/order/index.html?order_no=&user_name=&order_from=&order_shop=&order_type=&order_status=&start_time=&end_time=&type=export [运行时间：0.565042s][吞吐率：1.77req/s] [内存消耗：5,988.73kb] [文件加载：104]
[ info ] [ BEHAVIOR ] Run app\api\behavior\CORS @app_init [ RunTime:0.002670s ]
[ info ] [ LANG ] D:\work\phpstudy\WWW\myjob\ewei_admin\admin_pro\thinkphp\lang\zh-cn.php
[ info ] [ ROUTE ] array (
  'type' => 'module',
  'module' => 
  array (
    0 => 'admin',
    1 => 'order',
    2 => 'index',
  ),
)
[ info ] [ HEADER ] array (
  'host' => 'admin.ewei.com',
  'connection' => 'keep-alive',
  'accept' => 'application/json, text/javascript, */*; q=0.01',
  'x-requested-with' => 'XMLHttpRequest',
  'user-agent' => 'Mozilla/5.0 (Windows NT 10.0; WOW64) AppleWebKit/537.36 (KHTML, like Gecko) Chrome/53.0.2785.104 Safari/537.36 Core/1.53.4549.400 QQBrowser/9.7.12900.400',
  'referer' => 'http://admin.ewei.com/admin/order/index.html?order_no=&user_name=&user_name=&order_from=&order_from=&order_type=&order_status=&start_time=&end_time=',
  'accept-encoding' => 'gzip, deflate, sdch',
  'accept-language' => 'zh-CN,zh;q=0.8',
  'cookie' => '___rl__test__cookies=1520956457202; UM_distinctid=1615a67d1fa91-07528a454624f2-7e107977-1fa400-1615a67d1fb273; OUTFOX_SEARCH_USER_ID_NCOO=2042612758.9405384; PHPSESSID=it4otn4ci0gdo3eekr0bnd1rj5; CNZZDATA1272387699=644497730-1517640208-null%7C1520954609',
)
[ info ] [ PARAM ] array (
  'order_no' => '',
  'user_name' => '',
  'order_from' => '',
  'order_shop' => '',
  'order_type' => '',
  'order_status' => '',
  'start_time' => '',
  'end_time' => '',
  'type' => 'export',
)
[ info ] [ SESSION ] INIT array (
  'id' => '',
  'var_session_id' => '',
  'prefix' => 'think',
  'type' => '',
  'auto_start' => true,
)
[ info ] [ DB ] INIT mysql
[ info ] [ RUN ] app\admin\controller\Order->index[ D:\work\phpstudy\WWW\myjob\ewei_admin\admin_pro\application\admin\controller\Order.php ]
[ info ] [ LOG ] INIT File
---------------------------------------------------------------
[2018-03-14T00:04:34+08:00] 127.0.0.1 127.0.0.1 GET /admin/order/index.html?order_no=&user_name=&order_from=&order_shop=&order_type=&order_status=&start_time=&end_time=&type=export
[ info ] admin.ewei.com/admin/order/index.html?order_no=&user_name=&order_from=&order_shop=&order_type=&order_status=&start_time=&end_time=&type=export [运行时间：0.481008s][吞吐率：2.08req/s] [内存消耗：5,989.77kb] [文件加载：104]
[ info ] [ BEHAVIOR ] Run app\api\behavior\CORS @app_init [ RunTime:0.001772s ]
[ info ] [ LANG ] D:\work\phpstudy\WWW\myjob\ewei_admin\admin_pro\thinkphp\lang\zh-cn.php
[ info ] [ ROUTE ] array (
  'type' => 'module',
  'module' => 
  array (
    0 => 'admin',
    1 => 'order',
    2 => 'index',
  ),
)
[ info ] [ HEADER ] array (
  'host' => 'admin.ewei.com',
  'connection' => 'keep-alive',
  'accept' => 'application/json, text/javascript, */*; q=0.01',
  'x-requested-with' => 'XMLHttpRequest',
  'user-agent' => 'Mozilla/5.0 (Windows NT 10.0; WOW64) AppleWebKit/537.36 (KHTML, like Gecko) Chrome/53.0.2785.104 Safari/537.36 Core/1.53.4549.400 QQBrowser/9.7.12900.400',
  'referer' => 'http://admin.ewei.com/admin/order/index.html?order_no=&user_name=&user_name=&order_from=&order_from=&order_type=&order_status=&start_time=&end_time=',
  'accept-encoding' => 'gzip, deflate, sdch',
  'accept-language' => 'zh-CN,zh;q=0.8',
  'cookie' => '___rl__test__cookies=1520956457202; UM_distinctid=1615a67d1fa91-07528a454624f2-7e107977-1fa400-1615a67d1fb273; OUTFOX_SEARCH_USER_ID_NCOO=2042612758.9405384; PHPSESSID=it4otn4ci0gdo3eekr0bnd1rj5; CNZZDATA1272387699=644497730-1517640208-null%7C1520954609',
)
[ info ] [ PARAM ] array (
  'order_no' => '',
  'user_name' => '',
  'order_from' => '',
  'order_shop' => '',
  'order_type' => '',
  'order_status' => '',
  'start_time' => '',
  'end_time' => '',
  'type' => 'export',
)
[ info ] [ SESSION ] INIT array (
  'id' => '',
  'var_session_id' => '',
  'prefix' => 'think',
  'type' => '',
  'auto_start' => true,
)
[ info ] [ DB ] INIT mysql
[ info ] [ RUN ] app\admin\controller\Order->index[ D:\work\phpstudy\WWW\myjob\ewei_admin\admin_pro\application\admin\controller\Order.php ]
[ info ] [ LOG ] INIT File
---------------------------------------------------------------
[2018-03-14T00:04:43+08:00] 127.0.0.1 127.0.0.1 GET /admin/order/index.html?order_no=&user_name=&order_from=&order_shop=&order_type=&order_status=&start_time=&end_time=&type=export
[ info ] admin.ewei.com/admin/order/index.html?order_no=&user_name=&order_from=&order_shop=&order_type=&order_status=&start_time=&end_time=&type=export [运行时间：0.489634s][吞吐率：2.04req/s] [内存消耗：6,977.59kb] [文件加载：117]
[ info ] [ BEHAVIOR ] Run app\api\behavior\CORS @app_init [ RunTime:0.001883s ]
[ info ] [ LANG ] D:\work\phpstudy\WWW\myjob\ewei_admin\admin_pro\thinkphp\lang\zh-cn.php
[ info ] [ ROUTE ] array (
  'type' => 'module',
  'module' => 
  array (
    0 => 'admin',
    1 => 'order',
    2 => 'index',
  ),
)
[ info ] [ HEADER ] array (
  'host' => 'admin.ewei.com',
  'connection' => 'keep-alive',
  'accept' => 'application/json, text/javascript, */*; q=0.01',
  'x-requested-with' => 'XMLHttpRequest',
  'user-agent' => 'Mozilla/5.0 (Windows NT 10.0; WOW64) AppleWebKit/537.36 (KHTML, like Gecko) Chrome/53.0.2785.104 Safari/537.36 Core/1.53.4549.400 QQBrowser/9.7.12900.400',
  'referer' => 'http://admin.ewei.com/admin/order/index.html?order_no=&user_name=&user_name=&order_from=&order_from=&order_type=&order_status=&start_time=&end_time=',
  'accept-encoding' => 'gzip, deflate, sdch',
  'accept-language' => 'zh-CN,zh;q=0.8',
  'cookie' => '___rl__test__cookies=1520956457202; UM_distinctid=1615a67d1fa91-07528a454624f2-7e107977-1fa400-1615a67d1fb273; OUTFOX_SEARCH_USER_ID_NCOO=2042612758.9405384; PHPSESSID=it4otn4ci0gdo3eekr0bnd1rj5; CNZZDATA1272387699=644497730-1517640208-null%7C1520954609',
)
[ info ] [ PARAM ] array (
  'order_no' => '',
  'user_name' => '',
  'order_from' => '',
  'order_shop' => '',
  'order_type' => '',
  'order_status' => '',
  'start_time' => '',
  'end_time' => '',
  'type' => 'export',
)
[ info ] [ SESSION ] INIT array (
  'id' => '',
  'var_session_id' => '',
  'prefix' => 'think',
  'type' => '',
  'auto_start' => true,
)
[ info ] [ DB ] INIT mysql
[ info ] [ RUN ] app\admin\controller\Order->index[ D:\work\phpstudy\WWW\myjob\ewei_admin\admin_pro\application\admin\controller\Order.php ]
[ info ] [ LOG ] INIT File
---------------------------------------------------------------
[2018-03-14T00:05:59+08:00] 127.0.0.1 127.0.0.1 GET /admin/order/index.html?order_no=&user_name=&order_from=&order_shop=&order_type=&order_status=&start_time=&end_time=&type=export
[ info ] admin.ewei.com/admin/order/index.html?order_no=&user_name=&order_from=&order_shop=&order_type=&order_status=&start_time=&end_time=&type=export [运行时间：0.514145s][吞吐率：1.94req/s] [内存消耗：6,977.59kb] [文件加载：117]
[ info ] [ BEHAVIOR ] Run app\api\behavior\CORS @app_init [ RunTime:0.003999s ]
[ info ] [ LANG ] D:\work\phpstudy\WWW\myjob\ewei_admin\admin_pro\thinkphp\lang\zh-cn.php
[ info ] [ ROUTE ] array (
  'type' => 'module',
  'module' => 
  array (
    0 => 'admin',
    1 => 'order',
    2 => 'index',
  ),
)
[ info ] [ HEADER ] array (
  'host' => 'admin.ewei.com',
  'connection' => 'keep-alive',
  'accept' => 'application/json, text/javascript, */*; q=0.01',
  'x-requested-with' => 'XMLHttpRequest',
  'user-agent' => 'Mozilla/5.0 (Windows NT 10.0; WOW64) AppleWebKit/537.36 (KHTML, like Gecko) Chrome/53.0.2785.104 Safari/537.36 Core/1.53.4549.400 QQBrowser/9.7.12900.400',
  'referer' => 'http://admin.ewei.com/admin/order/index.html?order_no=&user_name=&user_name=&order_from=&order_from=&order_type=&order_status=&start_time=&end_time=',
  'accept-encoding' => 'gzip, deflate, sdch',
  'accept-language' => 'zh-CN,zh;q=0.8',
  'cookie' => '___rl__test__cookies=1520956457202; UM_distinctid=1615a67d1fa91-07528a454624f2-7e107977-1fa400-1615a67d1fb273; OUTFOX_SEARCH_USER_ID_NCOO=2042612758.9405384; PHPSESSID=it4otn4ci0gdo3eekr0bnd1rj5; CNZZDATA1272387699=644497730-1517640208-null%7C1520954609',
)
[ info ] [ PARAM ] array (
  'order_no' => '',
  'user_name' => '',
  'order_from' => '',
  'order_shop' => '',
  'order_type' => '',
  'order_status' => '',
  'start_time' => '',
  'end_time' => '',
  'type' => 'export',
)
[ info ] [ SESSION ] INIT array (
  'id' => '',
  'var_session_id' => '',
  'prefix' => 'think',
  'type' => '',
  'auto_start' => true,
)
[ info ] [ DB ] INIT mysql
[ info ] [ RUN ] app\admin\controller\Order->index[ D:\work\phpstudy\WWW\myjob\ewei_admin\admin_pro\application\admin\controller\Order.php ]
[ info ] [ LOG ] INIT File
---------------------------------------------------------------
[2018-03-14T00:20:58+08:00] 127.0.0.1 127.0.0.1 GET /admin/article/commentList?id=undefined
[ info ] admin.ewei.com/admin/article/commentList?id=undefined [运行时间：0.463111s][吞吐率：2.16req/s] [内存消耗：3,233.51kb] [文件加载：64]
[ info ] [ BEHAVIOR ] Run app\api\behavior\CORS @app_init [ RunTime:0.002601s ]
[ info ] [ LANG ] D:\work\phpstudy\WWW\myjob\ewei_admin\admin_pro\thinkphp\lang\zh-cn.php
[ info ] [ ROUTE ] array (
  'type' => 'module',
  'module' => 
  array (
    0 => 'admin',
    1 => 'article',
    2 => 'commentList',
  ),
)
[ info ] [ HEADER ] array (
  'host' => 'admin.ewei.com',
  'connection' => 'keep-alive',
  'upgrade-insecure-requests' => '1',
  'user-agent' => 'Mozilla/5.0 (Windows NT 10.0; WOW64) AppleWebKit/537.36 (KHTML, like Gecko) Chrome/53.0.2785.104 Safari/537.36 Core/1.53.4549.400 QQBrowser/9.7.12900.400',
  'accept' => 'text/html,application/xhtml+xml,application/xml;q=0.9,image/webp,*/*;q=0.8',
  'referer' => 'http://admin.ewei.com/admin/article/index.html',
  'accept-encoding' => 'gzip, deflate, sdch',
  'accept-language' => 'zh-CN,zh;q=0.8',
  'cookie' => 'UM_distinctid=1615a67d1fa91-07528a454624f2-7e107977-1fa400-1615a67d1fb273; OUTFOX_SEARCH_USER_ID_NCOO=2042612758.9405384; PHPSESSID=it4otn4ci0gdo3eekr0bnd1rj5; CNZZDATA1272387699=644497730-1517640208-null%7C1520954609',
)
[ info ] [ PARAM ] array (
  'id' => 'undefined',
)
[ info ] [ SESSION ] INIT array (
  'id' => '',
  'var_session_id' => '',
  'prefix' => 'think',
  'type' => '',
  'auto_start' => true,
)
[ info ] [ DB ] INIT mysql
[ info ] [ RUN ] app\admin\controller\Article->commentList[ D:\work\phpstudy\WWW\myjob\ewei_admin\admin_pro\application\admin\controller\Article.php ]
[ info ] [ VIEW ] ../themes/admin/article\comment_list.html [ array (
  0 => 'menu',
  1 => 'msgNum',
  2 => 'controller',
  3 => 'category_level_list',
  4 => 'list',
) ]
[ info ] [ LOG ] INIT File
---------------------------------------------------------------
[2018-03-14T00:21:43+08:00] 127.0.0.1 127.0.0.1 GET /admin/article/commentList?id=undefined
[ info ] admin.ewei.com/admin/article/commentList?id=undefined [运行时间：0.367215s][吞吐率：2.72req/s] [内存消耗：2,978.98kb] [文件加载：56]
[ info ] [ BEHAVIOR ] Run app\api\behavior\CORS @app_init [ RunTime:0.001292s ]
[ info ] [ LANG ] D:\work\phpstudy\WWW\myjob\ewei_admin\admin_pro\thinkphp\lang\zh-cn.php
[ info ] [ ROUTE ] array (
  'type' => 'module',
  'module' => 
  array (
    0 => 'admin',
    1 => 'article',
    2 => 'commentList',
  ),
)
[ info ] [ HEADER ] array (
  'host' => 'admin.ewei.com',
  'connection' => 'keep-alive',
  'upgrade-insecure-requests' => '1',
  'user-agent' => 'Mozilla/5.0 (Windows NT 10.0; WOW64) AppleWebKit/537.36 (KHTML, like Gecko) Chrome/53.0.2785.104 Safari/537.36 Core/1.53.4549.400 QQBrowser/9.7.12900.400',
  'accept' => 'text/html,application/xhtml+xml,application/xml;q=0.9,image/webp,*/*;q=0.8',
  'referer' => 'http://admin.ewei.com/admin/article/index.html',
  'accept-encoding' => 'gzip, deflate, sdch',
  'accept-language' => 'zh-CN,zh;q=0.8',
  'cookie' => 'UM_distinctid=1615a67d1fa91-07528a454624f2-7e107977-1fa400-1615a67d1fb273; OUTFOX_SEARCH_USER_ID_NCOO=2042612758.9405384; PHPSESSID=it4otn4ci0gdo3eekr0bnd1rj5; CNZZDATA1272387699=644497730-1517640208-null%7C1520954609',
)
[ info ] [ PARAM ] array (
  'id' => 'undefined',
)
[ info ] [ SESSION ] INIT array (
  'id' => '',
  'var_session_id' => '',
  'prefix' => 'think',
  'type' => '',
  'auto_start' => true,
)
[ info ] [ DB ] INIT mysql
[ info ] [ RUN ] app\admin\controller\Article->commentList[ D:\work\phpstudy\WWW\myjob\ewei_admin\admin_pro\application\admin\controller\Article.php ]
[ info ] [ LOG ] INIT File
---------------------------------------------------------------
[2018-03-14T00:22:31+08:00] 127.0.0.1 127.0.0.1 GET /admin/article/commentList?id=undefined
[ info ] admin.ewei.com/admin/article/commentList?id=undefined [运行时间：0.341175s][吞吐率：2.93req/s] [内存消耗：2,979.51kb] [文件加载：56]
[ info ] [ BEHAVIOR ] Run app\api\behavior\CORS @app_init [ RunTime:0.003610s ]
[ info ] [ LANG ] D:\work\phpstudy\WWW\myjob\ewei_admin\admin_pro\thinkphp\lang\zh-cn.php
[ info ] [ ROUTE ] array (
  'type' => 'module',
  'module' => 
  array (
    0 => 'admin',
    1 => 'article',
    2 => 'commentList',
  ),
)
[ info ] [ HEADER ] array (
  'host' => 'admin.ewei.com',
  'connection' => 'keep-alive',
  'upgrade-insecure-requests' => '1',
  'user-agent' => 'Mozilla/5.0 (Windows NT 10.0; WOW64) AppleWebKit/537.36 (KHTML, like Gecko) Chrome/53.0.2785.104 Safari/537.36 Core/1.53.4549.400 QQBrowser/9.7.12900.400',
  'accept' => 'text/html,application/xhtml+xml,application/xml;q=0.9,image/webp,*/*;q=0.8',
  'referer' => 'http://admin.ewei.com/admin/article/index.html',
  'accept-encoding' => 'gzip, deflate, sdch',
  'accept-language' => 'zh-CN,zh;q=0.8',
  'cookie' => 'UM_distinctid=1615a67d1fa91-07528a454624f2-7e107977-1fa400-1615a67d1fb273; OUTFOX_SEARCH_USER_ID_NCOO=2042612758.9405384; PHPSESSID=it4otn4ci0gdo3eekr0bnd1rj5; CNZZDATA1272387699=644497730-1517640208-null%7C1520954609',
)
[ info ] [ PARAM ] array (
  'id' => 'undefined',
)
[ info ] [ SESSION ] INIT array (
  'id' => '',
  'var_session_id' => '',
  'prefix' => 'think',
  'type' => '',
  'auto_start' => true,
)
[ info ] [ DB ] INIT mysql
[ info ] [ RUN ] app\admin\controller\Article->commentList[ D:\work\phpstudy\WWW\myjob\ewei_admin\admin_pro\application\admin\controller\Article.php ]
[ info ] [ LOG ] INIT File
---------------------------------------------------------------
[2018-03-14T00:24:17+08:00] 127.0.0.1 127.0.0.1 GET /admin/article/commentdel/id/9.html
[ info ] admin.ewei.com/admin/article/commentdel/id/9.html [运行时间：0.299915s][吞吐率：3.33req/s] [内存消耗：3,043.45kb] [文件加载：61]
[ info ] [ BEHAVIOR ] Run app\api\behavior\CORS @app_init [ RunTime:0.001111s ]
[ info ] [ LANG ] D:\work\phpstudy\WWW\myjob\ewei_admin\admin_pro\thinkphp\lang\zh-cn.php
[ info ] [ ROUTE ] array (
  'type' => 'module',
  'module' => 
  array (
    0 => 'admin',
    1 => 'article',
    2 => 'commentdel',
  ),
)
[ info ] [ HEADER ] array (
  'host' => 'admin.ewei.com',
  'connection' => 'keep-alive',
  'upgrade-insecure-requests' => '1',
  'user-agent' => 'Mozilla/5.0 (Windows NT 10.0; WOW64) AppleWebKit/537.36 (KHTML, like Gecko) Chrome/53.0.2785.104 Safari/537.36 Core/1.53.4549.400 QQBrowser/9.7.12900.400',
  'accept' => 'text/html,application/xhtml+xml,application/xml;q=0.9,image/webp,*/*;q=0.8',
  'referer' => 'http://admin.ewei.com/admin/article/commentList?id=17',
  'accept-encoding' => 'gzip, deflate, sdch',
  'accept-language' => 'zh-CN,zh;q=0.8',
  'cookie' => 'UM_distinctid=1615a67d1fa91-07528a454624f2-7e107977-1fa400-1615a67d1fb273; OUTFOX_SEARCH_USER_ID_NCOO=2042612758.9405384; PHPSESSID=it4otn4ci0gdo3eekr0bnd1rj5; CNZZDATA1272387699=644497730-1517640208-null%7C1520954609',
)
[ info ] [ PARAM ] array (
  'id' => '9',
)
[ info ] [ SESSION ] INIT array (
  'id' => '',
  'var_session_id' => '',
  'prefix' => 'think',
  'type' => '',
  'auto_start' => true,
)
[ info ] [ DB ] INIT mysql
[ info ] [ LOG ] INIT File
---------------------------------------------------------------
[2018-03-14T00:49:54+08:00] 127.0.0.1 127.0.0.1 GET /admin/article/commentList?id=17
[ info ] admin.ewei.com/admin/article/commentList?id=17 [运行时间：0.102090s][吞吐率：9.80req/s] [内存消耗：1,474.08kb] [文件加载：39]
[ info ] [ BEHAVIOR ] Run app\api\behavior\CORS @app_init [ RunTime:0.003750s ]
[ info ] [ LANG ] D:\work\phpstudy\WWW\myjob\ewei_admin\admin_pro\thinkphp\lang\zh-cn.php
[ info ] [ ROUTE ] array (
  'type' => 'module',
  'module' => 
  array (
    0 => 'admin',
    1 => 'article',
    2 => 'commentList',
  ),
)
[ info ] [ HEADER ] array (
  'host' => 'admin.ewei.com',
  'connection' => 'keep-alive',
  'upgrade-insecure-requests' => '1',
  'user-agent' => 'Mozilla/5.0 (Windows NT 10.0; WOW64) AppleWebKit/537.36 (KHTML, like Gecko) Chrome/53.0.2785.104 Safari/537.36 Core/1.53.4549.400 QQBrowser/9.7.12900.400',
  'accept' => 'text/html,application/xhtml+xml,application/xml;q=0.9,image/webp,*/*;q=0.8',
  'referer' => 'http://admin.ewei.com/admin/article/index.html',
  'accept-encoding' => 'gzip, deflate, sdch',
  'accept-language' => 'zh-CN,zh;q=0.8',
  'cookie' => 'UM_distinctid=1615a67d1fa91-07528a454624f2-7e107977-1fa400-1615a67d1fb273; OUTFOX_SEARCH_USER_ID_NCOO=2042612758.9405384; PHPSESSID=it4otn4ci0gdo3eekr0bnd1rj5; CNZZDATA1272387699=644497730-1517640208-null%7C1520954609',
)
[ info ] [ PARAM ] array (
  'id' => '17',
)
[ info ] [ LOG ] INIT File
---------------------------------------------------------------
[2018-03-14T00:57:02+08:00] 127.0.0.1 127.0.0.1 GET /admin/article/commentdel/id/9.html
[ info ] admin.ewei.com/admin/article/commentdel/id/9.html [运行时间：0.334907s][吞吐率：2.99req/s] [内存消耗：3,066.66kb] [文件加载：59]
[ info ] [ BEHAVIOR ] Run app\api\behavior\CORS @app_init [ RunTime:0.002027s ]
[ info ] [ LANG ] D:\work\phpstudy\WWW\myjob\ewei_admin\admin_pro\thinkphp\lang\zh-cn.php
[ info ] [ ROUTE ] array (
  'type' => 'module',
  'module' => 
  array (
    0 => 'admin',
    1 => 'article',
    2 => 'commentdel',
  ),
)
[ info ] [ HEADER ] array (
  'host' => 'admin.ewei.com',
  'connection' => 'keep-alive',
  'upgrade-insecure-requests' => '1',
  'user-agent' => 'Mozilla/5.0 (Windows NT 10.0; WOW64) AppleWebKit/537.36 (KHTML, like Gecko) Chrome/53.0.2785.104 Safari/537.36 Core/1.53.4549.400 QQBrowser/9.7.12900.400',
  'accept' => 'text/html,application/xhtml+xml,application/xml;q=0.9,image/webp,*/*;q=0.8',
  'referer' => 'http://admin.ewei.com/admin/article/commentList?id=17',
  'accept-encoding' => 'gzip, deflate, sdch',
  'accept-language' => 'zh-CN,zh;q=0.8',
  'cookie' => 'UM_distinctid=1615a67d1fa91-07528a454624f2-7e107977-1fa400-1615a67d1fb273; OUTFOX_SEARCH_USER_ID_NCOO=2042612758.9405384; PHPSESSID=it4otn4ci0gdo3eekr0bnd1rj5; CNZZDATA1272387699=644497730-1517640208-null%7C1520954609',
)
[ info ] [ PARAM ] array (
  'id' => '9',
)
[ info ] [ SESSION ] INIT array (
  'id' => '',
  'var_session_id' => '',
  'prefix' => 'think',
  'type' => '',
  'auto_start' => true,
)
[ info ] [ DB ] INIT mysql
[ info ] [ RUN ] app\admin\controller\Article->commentDel[ D:\work\phpstudy\WWW\myjob\ewei_admin\admin_pro\application\admin\controller\Article.php ]
[ info ] [ CACHE ] INIT File
[ info ] [ LOG ] INIT File
---------------------------------------------------------------
[2018-03-14T00:57:49+08:00] 127.0.0.1 127.0.0.1 GET /admin/article/commentdel/id/17.html
[ info ] admin.ewei.com/admin/article/commentdel/id/17.html [运行时间：0.321301s][吞吐率：3.11req/s] [内存消耗：2,981.46kb] [文件加载：56]
[ info ] [ BEHAVIOR ] Run app\api\behavior\CORS @app_init [ RunTime:0.001971s ]
[ info ] [ LANG ] D:\work\phpstudy\WWW\myjob\ewei_admin\admin_pro\thinkphp\lang\zh-cn.php
[ info ] [ ROUTE ] array (
  'type' => 'module',
  'module' => 
  array (
    0 => 'admin',
    1 => 'article',
    2 => 'commentdel',
  ),
)
[ info ] [ HEADER ] array (
  'host' => 'admin.ewei.com',
  'connection' => 'keep-alive',
  'upgrade-insecure-requests' => '1',
  'user-agent' => 'Mozilla/5.0 (Windows NT 10.0; WOW64) AppleWebKit/537.36 (KHTML, like Gecko) Chrome/53.0.2785.104 Safari/537.36 Core/1.53.4549.400 QQBrowser/9.7.12900.400',
  'accept' => 'text/html,application/xhtml+xml,application/xml;q=0.9,image/webp,*/*;q=0.8',
  'referer' => 'http://admin.ewei.com/admin/article/commentList?id=17',
  'accept-encoding' => 'gzip, deflate, sdch',
  'accept-language' => 'zh-CN,zh;q=0.8',
  'cookie' => 'UM_distinctid=1615a67d1fa91-07528a454624f2-7e107977-1fa400-1615a67d1fb273; OUTFOX_SEARCH_USER_ID_NCOO=2042612758.9405384; PHPSESSID=it4otn4ci0gdo3eekr0bnd1rj5; CNZZDATA1272387699=644497730-1517640208-null%7C1520954609',
)
[ info ] [ PARAM ] array (
  'id' => '17',
)
[ info ] [ SESSION ] INIT array (
  'id' => '',
  'var_session_id' => '',
  'prefix' => 'think',
  'type' => '',
  'auto_start' => true,
)
[ info ] [ DB ] INIT mysql
[ info ] [ RUN ] app\admin\controller\Article->commentDel[ D:\work\phpstudy\WWW\myjob\ewei_admin\admin_pro\application\admin\controller\Article.php ]
[ info ] [ LOG ] INIT File
---------------------------------------------------------------
[2018-03-14T00:58:10+08:00] 127.0.0.1 127.0.0.1 GET /admin/article/commentdel/id/9.html
[ info ] admin.ewei.com/admin/article/commentdel/id/9.html [运行时间：0.308090s][吞吐率：3.25req/s] [内存消耗：2,981.46kb] [文件加载：56]
[ info ] [ BEHAVIOR ] Run app\api\behavior\CORS @app_init [ RunTime:0.002289s ]
[ info ] [ LANG ] D:\work\phpstudy\WWW\myjob\ewei_admin\admin_pro\thinkphp\lang\zh-cn.php
[ info ] [ ROUTE ] array (
  'type' => 'module',
  'module' => 
  array (
    0 => 'admin',
    1 => 'article',
    2 => 'commentdel',
  ),
)
[ info ] [ HEADER ] array (
  'host' => 'admin.ewei.com',
  'connection' => 'keep-alive',
  'upgrade-insecure-requests' => '1',
  'user-agent' => 'Mozilla/5.0 (Windows NT 10.0; WOW64) AppleWebKit/537.36 (KHTML, like Gecko) Chrome/53.0.2785.104 Safari/537.36 Core/1.53.4549.400 QQBrowser/9.7.12900.400',
  'accept' => 'text/html,application/xhtml+xml,application/xml;q=0.9,image/webp,*/*;q=0.8',
  'referer' => 'http://admin.ewei.com/admin/article/commentList?id=17',
  'accept-encoding' => 'gzip, deflate, sdch',
  'accept-language' => 'zh-CN,zh;q=0.8',
  'cookie' => 'UM_distinctid=1615a67d1fa91-07528a454624f2-7e107977-1fa400-1615a67d1fb273; OUTFOX_SEARCH_USER_ID_NCOO=2042612758.9405384; PHPSESSID=it4otn4ci0gdo3eekr0bnd1rj5; CNZZDATA1272387699=644497730-1517640208-null%7C1520954609',
)
[ info ] [ PARAM ] array (
  'id' => '9',
)
[ info ] [ SESSION ] INIT array (
  'id' => '',
  'var_session_id' => '',
  'prefix' => 'think',
  'type' => '',
  'auto_start' => true,
)
[ info ] [ DB ] INIT mysql
[ info ] [ RUN ] app\admin\controller\Article->commentDel[ D:\work\phpstudy\WWW\myjob\ewei_admin\admin_pro\application\admin\controller\Article.php ]
[ info ] [ LOG ] INIT File
---------------------------------------------------------------
[2018-03-14T00:59:25+08:00] 127.0.0.1 127.0.0.1 GET /admin/article/commentList?id=17
[ info ] admin.ewei.com/admin/article/commentList?id=17 [运行时间：0.394084s][吞吐率：2.54req/s] [内存消耗：3,049.52kb] [文件加载：63]
[ info ] [ BEHAVIOR ] Run app\api\behavior\CORS @app_init [ RunTime:0.002720s ]
[ info ] [ LANG ] D:\work\phpstudy\WWW\myjob\ewei_admin\admin_pro\thinkphp\lang\zh-cn.php
[ info ] [ ROUTE ] array (
  'type' => 'module',
  'module' => 
  array (
    0 => 'admin',
    1 => 'article',
    2 => 'commentList',
  ),
)
[ info ] [ HEADER ] array (
  'host' => 'admin.ewei.com',
  'connection' => 'keep-alive',
  'pragma' => 'no-cache',
  'cache-control' => 'no-cache',
  'upgrade-insecure-requests' => '1',
  'user-agent' => 'Mozilla/5.0 (Windows NT 10.0; WOW64) AppleWebKit/537.36 (KHTML, like Gecko) Chrome/53.0.2785.104 Safari/537.36 Core/1.53.4549.400 QQBrowser/9.7.12900.400',
  'accept' => 'text/html,application/xhtml+xml,application/xml;q=0.9,image/webp,*/*;q=0.8',
  'accept-encoding' => 'gzip, deflate, sdch',
  'accept-language' => 'zh-CN,zh;q=0.8',
  'cookie' => 'UM_distinctid=1615a67d1fa91-07528a454624f2-7e107977-1fa400-1615a67d1fb273; OUTFOX_SEARCH_USER_ID_NCOO=2042612758.9405384; PHPSESSID=it4otn4ci0gdo3eekr0bnd1rj5; CNZZDATA1272387699=644497730-1517640208-null%7C1520954609',
)
[ info ] [ PARAM ] array (
  'id' => '17',
)
[ info ] [ SESSION ] INIT array (
  'id' => '',
  'var_session_id' => '',
  'prefix' => 'think',
  'type' => '',
  'auto_start' => true,
)
[ info ] [ DB ] INIT mysql
[ info ] [ RUN ] app\admin\controller\Article->commentList[ D:\work\phpstudy\WWW\myjob\ewei_admin\admin_pro\application\admin\controller\Article.php ]
[ info ] [ LOG ] INIT File
---------------------------------------------------------------
[2018-03-14T01:04:55+08:00] 127.0.0.1 127.0.0.1 GET /admin/sell/index.html
[ info ] admin.ewei.com/admin/sell/index.html [运行时间：0.089559s][吞吐率：11.17req/s] [内存消耗：1,417.59kb] [文件加载：39]
[ info ] [ BEHAVIOR ] Run app\api\behavior\CORS @app_init [ RunTime:0.002877s ]
[ info ] [ LANG ] D:\work\phpstudy\WWW\myjob\ewei_admin\admin_pro\thinkphp\lang\zh-cn.php
[ info ] [ ROUTE ] array (
  'type' => 'module',
  'module' => 
  array (
    0 => 'admin',
    1 => 'sell',
    2 => 'index',
  ),
)
[ info ] [ HEADER ] array (
  'host' => 'admin.ewei.com',
  'connection' => 'keep-alive',
  'upgrade-insecure-requests' => '1',
  'user-agent' => 'Mozilla/5.0 (Windows NT 10.0; WOW64) AppleWebKit/537.36 (KHTML, like Gecko) Chrome/53.0.2785.104 Safari/537.36 Core/1.53.4549.400 QQBrowser/9.7.12900.400',
  'accept' => 'text/html,application/xhtml+xml,application/xml;q=0.9,image/webp,*/*;q=0.8',
  'referer' => 'http://admin.ewei.com/admin/order/index.html',
  'accept-encoding' => 'gzip, deflate, sdch',
  'accept-language' => 'zh-CN,zh;q=0.8',
  'cookie' => 'UM_distinctid=1615a67d1fa91-07528a454624f2-7e107977-1fa400-1615a67d1fb273; OUTFOX_SEARCH_USER_ID_NCOO=2042612758.9405384; PHPSESSID=it4otn4ci0gdo3eekr0bnd1rj5; CNZZDATA1272387699=644497730-1517640208-null%7C1520955572',
)
[ info ] [ PARAM ] array (
)
[ info ] [ LOG ] INIT File
---------------------------------------------------------------
[2018-03-14T01:08:04+08:00] 127.0.0.1 127.0.0.1 GET /static/css/page/index.css
[ info ] admin.ewei.com/static/css/page/index.css [运行时间：0.083989s][吞吐率：11.91req/s] [内存消耗：1,404.18kb] [文件加载：37]
[ info ] [ BEHAVIOR ] Run app\api\behavior\CORS @app_init [ RunTime:0.003181s ]
[ info ] [ LANG ] D:\work\phpstudy\WWW\myjob\ewei_admin\admin_pro\thinkphp\lang\zh-cn.php
[ info ] [ ROUTE ] array (
  'type' => 'module',
  'module' => 
  array (
    0 => 'static',
    1 => 'css',
    2 => 'page',
  ),
)
[ info ] [ HEADER ] array (
  'host' => 'admin.ewei.com',
  'connection' => 'keep-alive',
  'user-agent' => 'Mozilla/5.0 (Windows NT 10.0; WOW64) AppleWebKit/537.36 (KHTML, like Gecko) Chrome/53.0.2785.104 Safari/537.36 Core/1.53.4549.400 QQBrowser/9.7.12900.400',
  'accept' => 'text/css,*/*;q=0.1',
  'referer' => 'http://admin.ewei.com/admin/index/index.html',
  'accept-encoding' => 'gzip, deflate, sdch',
  'accept-language' => 'zh-CN,zh;q=0.8',
  'cookie' => 'UM_distinctid=1615a67d1fa91-07528a454624f2-7e107977-1fa400-1615a67d1fb273; OUTFOX_SEARCH_USER_ID_NCOO=2042612758.9405384; PHPSESSID=it4otn4ci0gdo3eekr0bnd1rj5; CNZZDATA1272387699=644497730-1517640208-null%7C1520955572',
)
[ info ] [ PARAM ] array (
)
[ info ] [ LOG ] INIT File
---------------------------------------------------------------
[2018-03-14T01:08:04+08:00] 127.0.0.1 127.0.0.1 GET /uploads/common/1519205417.jpg
[ info ] admin.ewei.com/uploads/common/1519205417.jpg [运行时间：0.084728s][吞吐率：11.80req/s] [内存消耗：1,404.45kb] [文件加载：37]
[ info ] [ BEHAVIOR ] Run app\api\behavior\CORS @app_init [ RunTime:0.003062s ]
[ info ] [ LANG ] D:\work\phpstudy\WWW\myjob\ewei_admin\admin_pro\thinkphp\lang\zh-cn.php
[ info ] [ ROUTE ] array (
  'type' => 'module',
  'module' => 
  array (
    0 => 'uploads',
    1 => 'common',
    2 => '1519205417.jpg',
  ),
)
[ info ] [ HEADER ] array (
  'host' => 'admin.ewei.com',
  'connection' => 'keep-alive',
  'user-agent' => 'Mozilla/5.0 (Windows NT 10.0; WOW64) AppleWebKit/537.36 (KHTML, like Gecko) Chrome/53.0.2785.104 Safari/537.36 Core/1.53.4549.400 QQBrowser/9.7.12900.400',
  'accept' => 'image/webp,image/*,*/*;q=0.8',
  'referer' => 'http://admin.ewei.com/admin/index/index.html',
  'accept-encoding' => 'gzip, deflate, sdch',
  'accept-language' => 'zh-CN,zh;q=0.8',
  'cookie' => 'UM_distinctid=1615a67d1fa91-07528a454624f2-7e107977-1fa400-1615a67d1fb273; OUTFOX_SEARCH_USER_ID_NCOO=2042612758.9405384; PHPSESSID=it4otn4ci0gdo3eekr0bnd1rj5; CNZZDATA1272387699=644497730-1517640208-null%7C1520955572',
)
[ info ] [ PARAM ] array (
)
[ info ] [ LOG ] INIT File
---------------------------------------------------------------
[2018-03-14T01:08:05+08:00] 127.0.0.1 127.0.0.1 GET /uploads/common/1519205417.jpg
[ info ] admin.ewei.com/uploads/common/1519205417.jpg [运行时间：0.071231s][吞吐率：14.04req/s] [内存消耗：1,404.45kb] [文件加载：37]
[ info ] [ BEHAVIOR ] Run app\api\behavior\CORS @app_init [ RunTime:0.001789s ]
[ info ] [ LANG ] D:\work\phpstudy\WWW\myjob\ewei_admin\admin_pro\thinkphp\lang\zh-cn.php
[ info ] [ ROUTE ] array (
  'type' => 'module',
  'module' => 
  array (
    0 => 'uploads',
    1 => 'common',
    2 => '1519205417.jpg',
  ),
)
[ info ] [ HEADER ] array (
  'host' => 'admin.ewei.com',
  'connection' => 'keep-alive',
  'user-agent' => 'Mozilla/5.0 (Windows NT 10.0; WOW64) AppleWebKit/537.36 (KHTML, like Gecko) Chrome/53.0.2785.104 Safari/537.36 Core/1.53.4549.400 QQBrowser/9.7.12900.400',
  'accept' => 'image/webp,image/*,*/*;q=0.8',
  'referer' => 'http://admin.ewei.com/admin/index/index.html',
  'accept-encoding' => 'gzip, deflate, sdch',
  'accept-language' => 'zh-CN,zh;q=0.8',
  'cookie' => 'UM_distinctid=1615a67d1fa91-07528a454624f2-7e107977-1fa400-1615a67d1fb273; OUTFOX_SEARCH_USER_ID_NCOO=2042612758.9405384; PHPSESSID=it4otn4ci0gdo3eekr0bnd1rj5; CNZZDATA1272387699=644497730-1517640208-null%7C1520955572',
)
[ info ] [ PARAM ] array (
)
[ info ] [ LOG ] INIT File
---------------------------------------------------------------
[2018-03-14T01:17:30+08:00] 127.0.0.1 127.0.0.1 GET /uploads/common/1519205417.jpg
[ info ] admin.ewei.com/uploads/common/1519205417.jpg [运行时间：0.069222s][吞吐率：14.45req/s] [内存消耗：1,404.45kb] [文件加载：37]
[ info ] [ BEHAVIOR ] Run app\api\behavior\CORS @app_init [ RunTime:0.002012s ]
[ info ] [ LANG ] D:\work\phpstudy\WWW\myjob\ewei_admin\admin_pro\thinkphp\lang\zh-cn.php
[ info ] [ ROUTE ] array (
  'type' => 'module',
  'module' => 
  array (
    0 => 'uploads',
    1 => 'common',
    2 => '1519205417.jpg',
  ),
)
[ info ] [ HEADER ] array (
  'host' => 'admin.ewei.com',
  'connection' => 'keep-alive',
  'user-agent' => 'Mozilla/5.0 (Windows NT 10.0; WOW64) AppleWebKit/537.36 (KHTML, like Gecko) Chrome/53.0.2785.104 Safari/537.36 Core/1.53.4549.400 QQBrowser/9.7.12900.400',
  'accept' => 'image/webp,image/*,*/*;q=0.8',
  'referer' => 'http://admin.ewei.com/admin/index/index.html',
  'accept-encoding' => 'gzip, deflate, sdch',
  'accept-language' => 'zh-CN,zh;q=0.8',
  'cookie' => 'UM_distinctid=1615a67d1fa91-07528a454624f2-7e107977-1fa400-1615a67d1fb273; OUTFOX_SEARCH_USER_ID_NCOO=2042612758.9405384; PHPSESSID=it4otn4ci0gdo3eekr0bnd1rj5; CNZZDATA1272387699=644497730-1517640208-null%7C1520960982',
)
[ info ] [ PARAM ] array (
)
[ info ] [ LOG ] INIT File
---------------------------------------------------------------
[2018-03-14T01:17:30+08:00] 127.0.0.1 127.0.0.1 GET /static/css/page/index.css
[ info ] admin.ewei.com/static/css/page/index.css [运行时间：0.082707s][吞吐率：12.09req/s] [内存消耗：1,404.18kb] [文件加载：37]
[ info ] [ BEHAVIOR ] Run app\api\behavior\CORS @app_init [ RunTime:0.002011s ]
[ info ] [ LANG ] D:\work\phpstudy\WWW\myjob\ewei_admin\admin_pro\thinkphp\lang\zh-cn.php
[ info ] [ ROUTE ] array (
  'type' => 'module',
  'module' => 
  array (
    0 => 'static',
    1 => 'css',
    2 => 'page',
  ),
)
[ info ] [ HEADER ] array (
  'host' => 'admin.ewei.com',
  'connection' => 'keep-alive',
  'user-agent' => 'Mozilla/5.0 (Windows NT 10.0; WOW64) AppleWebKit/537.36 (KHTML, like Gecko) Chrome/53.0.2785.104 Safari/537.36 Core/1.53.4549.400 QQBrowser/9.7.12900.400',
  'accept' => 'text/css,*/*;q=0.1',
  'referer' => 'http://admin.ewei.com/admin/index/index.html',
  'accept-encoding' => 'gzip, deflate, sdch',
  'accept-language' => 'zh-CN,zh;q=0.8',
  'cookie' => 'UM_distinctid=1615a67d1fa91-07528a454624f2-7e107977-1fa400-1615a67d1fb273; OUTFOX_SEARCH_USER_ID_NCOO=2042612758.9405384; PHPSESSID=it4otn4ci0gdo3eekr0bnd1rj5; CNZZDATA1272387699=644497730-1517640208-null%7C1520960982',
)
[ info ] [ PARAM ] array (
)
[ info ] [ LOG ] INIT File
---------------------------------------------------------------
[2018-03-14T01:17:30+08:00] 127.0.0.1 127.0.0.1 GET /uploads/common/1519205417.jpg
[ info ] admin.ewei.com/uploads/common/1519205417.jpg [运行时间：0.071301s][吞吐率：14.03req/s] [内存消耗：1,404.45kb] [文件加载：37]
[ info ] [ BEHAVIOR ] Run app\api\behavior\CORS @app_init [ RunTime:0.002112s ]
[ info ] [ LANG ] D:\work\phpstudy\WWW\myjob\ewei_admin\admin_pro\thinkphp\lang\zh-cn.php
[ info ] [ ROUTE ] array (
  'type' => 'module',
  'module' => 
  array (
    0 => 'uploads',
    1 => 'common',
    2 => '1519205417.jpg',
  ),
)
[ info ] [ HEADER ] array (
  'host' => 'admin.ewei.com',
  'connection' => 'keep-alive',
  'user-agent' => 'Mozilla/5.0 (Windows NT 10.0; WOW64) AppleWebKit/537.36 (KHTML, like Gecko) Chrome/53.0.2785.104 Safari/537.36 Core/1.53.4549.400 QQBrowser/9.7.12900.400',
  'accept' => 'image/webp,image/*,*/*;q=0.8',
  'referer' => 'http://admin.ewei.com/admin/index/index.html',
  'accept-encoding' => 'gzip, deflate, sdch',
  'accept-language' => 'zh-CN,zh;q=0.8',
  'cookie' => 'UM_distinctid=1615a67d1fa91-07528a454624f2-7e107977-1fa400-1615a67d1fb273; OUTFOX_SEARCH_USER_ID_NCOO=2042612758.9405384; PHPSESSID=it4otn4ci0gdo3eekr0bnd1rj5; CNZZDATA1272387699=644497730-1517640208-null%7C1520960982',
)
[ info ] [ PARAM ] array (
)
[ info ] [ LOG ] INIT File
---------------------------------------------------------------
[2018-03-14T01:17:55+08:00] 127.0.0.1 127.0.0.1 GET /static/css/page/index.css
[ info ] admin.ewei.com/static/css/page/index.css [运行时间：0.066468s][吞吐率：15.04req/s] [内存消耗：1,404.18kb] [文件加载：37]
[ info ] [ BEHAVIOR ] Run app\api\behavior\CORS @app_init [ RunTime:0.003429s ]
[ info ] [ LANG ] D:\work\phpstudy\WWW\myjob\ewei_admin\admin_pro\thinkphp\lang\zh-cn.php
[ info ] [ ROUTE ] array (
  'type' => 'module',
  'module' => 
  array (
    0 => 'static',
    1 => 'css',
    2 => 'page',
  ),
)
[ info ] [ HEADER ] array (
  'host' => 'admin.ewei.com',
  'connection' => 'keep-alive',
  'user-agent' => 'Mozilla/5.0 (Windows NT 10.0; WOW64) AppleWebKit/537.36 (KHTML, like Gecko) Chrome/53.0.2785.104 Safari/537.36 Core/1.53.4549.400 QQBrowser/9.7.12900.400',
  'accept' => 'text/css,*/*;q=0.1',
  'referer' => 'http://admin.ewei.com/admin/index/index.html',
  'accept-encoding' => 'gzip, deflate, sdch',
  'accept-language' => 'zh-CN,zh;q=0.8',
  'cookie' => 'UM_distinctid=1615a67d1fa91-07528a454624f2-7e107977-1fa400-1615a67d1fb273; OUTFOX_SEARCH_USER_ID_NCOO=2042612758.9405384; PHPSESSID=it4otn4ci0gdo3eekr0bnd1rj5; CNZZDATA1272387699=644497730-1517640208-null%7C1520960982',
)
[ info ] [ PARAM ] array (
)
[ info ] [ LOG ] INIT File
---------------------------------------------------------------
[2018-03-14T01:17:55+08:00] 127.0.0.1 127.0.0.1 GET /uploads/common/1519205417.jpg
[ info ] admin.ewei.com/uploads/common/1519205417.jpg [运行时间：0.062715s][吞吐率：15.95req/s] [内存消耗：1,404.45kb] [文件加载：37]
[ info ] [ BEHAVIOR ] Run app\api\behavior\CORS @app_init [ RunTime:0.001966s ]
[ info ] [ LANG ] D:\work\phpstudy\WWW\myjob\ewei_admin\admin_pro\thinkphp\lang\zh-cn.php
[ info ] [ ROUTE ] array (
  'type' => 'module',
  'module' => 
  array (
    0 => 'uploads',
    1 => 'common',
    2 => '1519205417.jpg',
  ),
)
[ info ] [ HEADER ] array (
  'host' => 'admin.ewei.com',
  'connection' => 'keep-alive',
  'user-agent' => 'Mozilla/5.0 (Windows NT 10.0; WOW64) AppleWebKit/537.36 (KHTML, like Gecko) Chrome/53.0.2785.104 Safari/537.36 Core/1.53.4549.400 QQBrowser/9.7.12900.400',
  'accept' => 'image/webp,image/*,*/*;q=0.8',
  'referer' => 'http://admin.ewei.com/admin/index/index.html',
  'accept-encoding' => 'gzip, deflate, sdch',
  'accept-language' => 'zh-CN,zh;q=0.8',
  'cookie' => 'UM_distinctid=1615a67d1fa91-07528a454624f2-7e107977-1fa400-1615a67d1fb273; OUTFOX_SEARCH_USER_ID_NCOO=2042612758.9405384; PHPSESSID=it4otn4ci0gdo3eekr0bnd1rj5; CNZZDATA1272387699=644497730-1517640208-null%7C1520960982',
)
[ info ] [ PARAM ] array (
)
[ info ] [ LOG ] INIT File
---------------------------------------------------------------
[2018-03-14T01:17:56+08:00] 127.0.0.1 127.0.0.1 GET /uploads/common/1519205417.jpg
[ info ] admin.ewei.com/uploads/common/1519205417.jpg [运行时间：0.061733s][吞吐率：16.20req/s] [内存消耗：1,404.45kb] [文件加载：37]
[ info ] [ BEHAVIOR ] Run app\api\behavior\CORS @app_init [ RunTime:0.002060s ]
[ info ] [ LANG ] D:\work\phpstudy\WWW\myjob\ewei_admin\admin_pro\thinkphp\lang\zh-cn.php
[ info ] [ ROUTE ] array (
  'type' => 'module',
  'module' => 
  array (
    0 => 'uploads',
    1 => 'common',
    2 => '1519205417.jpg',
  ),
)
[ info ] [ HEADER ] array (
  'host' => 'admin.ewei.com',
  'connection' => 'keep-alive',
  'user-agent' => 'Mozilla/5.0 (Windows NT 10.0; WOW64) AppleWebKit/537.36 (KHTML, like Gecko) Chrome/53.0.2785.104 Safari/537.36 Core/1.53.4549.400 QQBrowser/9.7.12900.400',
  'accept' => 'image/webp,image/*,*/*;q=0.8',
  'referer' => 'http://admin.ewei.com/admin/index/index.html',
  'accept-encoding' => 'gzip, deflate, sdch',
  'accept-language' => 'zh-CN,zh;q=0.8',
  'cookie' => 'UM_distinctid=1615a67d1fa91-07528a454624f2-7e107977-1fa400-1615a67d1fb273; OUTFOX_SEARCH_USER_ID_NCOO=2042612758.9405384; PHPSESSID=it4otn4ci0gdo3eekr0bnd1rj5; CNZZDATA1272387699=644497730-1517640208-null%7C1520960982',
)
[ info ] [ PARAM ] array (
)
[ info ] [ LOG ] INIT File
---------------------------------------------------------------
[2018-03-14T01:18:50+08:00] 127.0.0.1 127.0.0.1 GET /admin/operation/index.html
[ info ] admin.ewei.com/admin/operation/index.html [运行时间：0.067769s][吞吐率：14.76req/s] [内存消耗：1,417.77kb] [文件加载：39]
[ info ] [ BEHAVIOR ] Run app\api\behavior\CORS @app_init [ RunTime:0.003208s ]
[ info ] [ LANG ] D:\work\phpstudy\WWW\myjob\ewei_admin\admin_pro\thinkphp\lang\zh-cn.php
[ info ] [ ROUTE ] array (
  'type' => 'module',
  'module' => 
  array (
    0 => 'admin',
    1 => 'operation',
    2 => 'index',
  ),
)
[ info ] [ HEADER ] array (
  'host' => 'admin.ewei.com',
  'connection' => 'keep-alive',
  'upgrade-insecure-requests' => '1',
  'user-agent' => 'Mozilla/5.0 (Windows NT 10.0; WOW64) AppleWebKit/537.36 (KHTML, like Gecko) Chrome/53.0.2785.104 Safari/537.36 Core/1.53.4549.400 QQBrowser/9.7.12900.400',
  'accept' => 'text/html,application/xhtml+xml,application/xml;q=0.9,image/webp,*/*;q=0.8',
  'referer' => 'http://admin.ewei.com/admin/sell/index.html',
  'accept-encoding' => 'gzip, deflate, sdch',
  'accept-language' => 'zh-CN,zh;q=0.8',
  'cookie' => 'UM_distinctid=1615a67d1fa91-07528a454624f2-7e107977-1fa400-1615a67d1fb273; OUTFOX_SEARCH_USER_ID_NCOO=2042612758.9405384; PHPSESSID=it4otn4ci0gdo3eekr0bnd1rj5; CNZZDATA1272387699=644497730-1517640208-null%7C1520960982',
)
[ info ] [ PARAM ] array (
)
[ info ] [ LOG ] INIT File
---------------------------------------------------------------
[2018-03-14T01:29:43+08:00] 127.0.0.1 127.0.0.1 GET /static/js/echarts.js.map
[ info ] admin.ewei.com/static/js/echarts.js.map [运行时间：0.055686s][吞吐率：17.96req/s] [内存消耗：1,403.70kb] [文件加载：37]
[ info ] [ BEHAVIOR ] Run app\api\behavior\CORS @app_init [ RunTime:0.002088s ]
[ info ] [ LANG ] D:\work\phpstudy\WWW\myjob\ewei_admin\admin_pro\thinkphp\lang\zh-cn.php
[ info ] [ ROUTE ] array (
  'type' => 'module',
  'module' => 
  array (
    0 => 'static',
    1 => 'js',
    2 => 'echarts.js.map',
  ),
)
[ info ] [ HEADER ] array (
  'host' => 'admin.ewei.com',
  'connection' => 'keep-alive',
  'user-agent' => 'Mozilla/5.0 (Windows NT 10.0; WOW64) AppleWebKit/537.36 (KHTML, like Gecko) Chrome/53.0.2785.104 Safari/537.36 Core/1.53.4549.400 QQBrowser/9.7.12900.400',
  'accept-encoding' => 'gzip, deflate, sdch',
  'accept-language' => 'zh-CN,zh;q=0.8',
  'cookie' => 'UM_distinctid=1615a67d1fa91-07528a454624f2-7e107977-1fa400-1615a67d1fb273; OUTFOX_SEARCH_USER_ID_NCOO=2042612758.9405384; PHPSESSID=it4otn4ci0gdo3eekr0bnd1rj5; CNZZDATA1272387699=644497730-1517640208-null%7C1520962177',
)
[ info ] [ PARAM ] array (
)
[ info ] [ LOG ] INIT File
---------------------------------------------------------------
[2018-03-14T01:30:02+08:00] 127.0.0.1 127.0.0.1 GET /static/js/echarts.js.map
[ info ] admin.ewei.com/static/js/echarts.js.map [运行时间：0.051207s][吞吐率：19.53req/s] [内存消耗：1,403.70kb] [文件加载：37]
[ info ] [ BEHAVIOR ] Run app\api\behavior\CORS @app_init [ RunTime:0.002009s ]
[ info ] [ LANG ] D:\work\phpstudy\WWW\myjob\ewei_admin\admin_pro\thinkphp\lang\zh-cn.php
[ info ] [ ROUTE ] array (
  'type' => 'module',
  'module' => 
  array (
    0 => 'static',
    1 => 'js',
    2 => 'echarts.js.map',
  ),
)
[ info ] [ HEADER ] array (
  'host' => 'admin.ewei.com',
  'connection' => 'keep-alive',
  'user-agent' => 'Mozilla/5.0 (Windows NT 10.0; WOW64) AppleWebKit/537.36 (KHTML, like Gecko) Chrome/53.0.2785.104 Safari/537.36 Core/1.53.4549.400 QQBrowser/9.7.12900.400',
  'accept-encoding' => 'gzip, deflate, sdch',
  'accept-language' => 'zh-CN,zh;q=0.8',
  'cookie' => 'UM_distinctid=1615a67d1fa91-07528a454624f2-7e107977-1fa400-1615a67d1fb273; OUTFOX_SEARCH_USER_ID_NCOO=2042612758.9405384; PHPSESSID=it4otn4ci0gdo3eekr0bnd1rj5; CNZZDATA1272387699=644497730-1517640208-null%7C1520962177',
)
[ info ] [ PARAM ] array (
)
[ info ] [ LOG ] INIT File
---------------------------------------------------------------
[2018-03-14T01:31:01+08:00] 127.0.0.1 127.0.0.1 GET /static/js/echarts.js.map
[ info ] admin.ewei.com/static/js/echarts.js.map [运行时间：0.070999s][吞吐率：14.08req/s] [内存消耗：1,403.70kb] [文件加载：37]
[ info ] [ BEHAVIOR ] Run app\api\behavior\CORS @app_init [ RunTime:0.002486s ]
[ info ] [ LANG ] D:\work\phpstudy\WWW\myjob\ewei_admin\admin_pro\thinkphp\lang\zh-cn.php
[ info ] [ ROUTE ] array (
  'type' => 'module',
  'module' => 
  array (
    0 => 'static',
    1 => 'js',
    2 => 'echarts.js.map',
  ),
)
[ info ] [ HEADER ] array (
  'host' => 'admin.ewei.com',
  'connection' => 'keep-alive',
  'user-agent' => 'Mozilla/5.0 (Windows NT 10.0; WOW64) AppleWebKit/537.36 (KHTML, like Gecko) Chrome/53.0.2785.104 Safari/537.36 Core/1.53.4549.400 QQBrowser/9.7.12900.400',
  'accept-encoding' => 'gzip, deflate, sdch',
  'accept-language' => 'zh-CN,zh;q=0.8',
  'cookie' => 'UM_distinctid=1615a67d1fa91-07528a454624f2-7e107977-1fa400-1615a67d1fb273; OUTFOX_SEARCH_USER_ID_NCOO=2042612758.9405384; PHPSESSID=it4otn4ci0gdo3eekr0bnd1rj5; CNZZDATA1272387699=644497730-1517640208-null%7C1520962177',
)
[ info ] [ PARAM ] array (
)
[ info ] [ LOG ] INIT File
---------------------------------------------------------------
[2018-03-14T01:31:19+08:00] 127.0.0.1 127.0.0.1 GET /static/js/echarts.js.map
[ info ] admin.ewei.com/static/js/echarts.js.map [运行时间：0.080921s][吞吐率：12.36req/s] [内存消耗：1,403.70kb] [文件加载：37]
[ info ] [ BEHAVIOR ] Run app\api\behavior\CORS @app_init [ RunTime:0.003619s ]
[ info ] [ LANG ] D:\work\phpstudy\WWW\myjob\ewei_admin\admin_pro\thinkphp\lang\zh-cn.php
[ info ] [ ROUTE ] array (
  'type' => 'module',
  'module' => 
  array (
    0 => 'static',
    1 => 'js',
    2 => 'echarts.js.map',
  ),
)
[ info ] [ HEADER ] array (
  'host' => 'admin.ewei.com',
  'connection' => 'keep-alive',
  'user-agent' => 'Mozilla/5.0 (Windows NT 10.0; WOW64) AppleWebKit/537.36 (KHTML, like Gecko) Chrome/53.0.2785.104 Safari/537.36 Core/1.53.4549.400 QQBrowser/9.7.12900.400',
  'accept-encoding' => 'gzip, deflate, sdch',
  'accept-language' => 'zh-CN,zh;q=0.8',
  'cookie' => 'UM_distinctid=1615a67d1fa91-07528a454624f2-7e107977-1fa400-1615a67d1fb273; OUTFOX_SEARCH_USER_ID_NCOO=2042612758.9405384; PHPSESSID=it4otn4ci0gdo3eekr0bnd1rj5; CNZZDATA1272387699=644497730-1517640208-null%7C1520962177',
)
[ info ] [ PARAM ] array (
)
[ info ] [ LOG ] INIT File
---------------------------------------------------------------
[2018-03-14T01:31:23+08:00] 127.0.0.1 127.0.0.1 GET /static/js/echarts.js.map
[ info ] admin.ewei.com/static/js/echarts.js.map [运行时间：0.072543s][吞吐率：13.78req/s] [内存消耗：1,403.70kb] [文件加载：37]
[ info ] [ BEHAVIOR ] Run app\api\behavior\CORS @app_init [ RunTime:0.001697s ]
[ info ] [ LANG ] D:\work\phpstudy\WWW\myjob\ewei_admin\admin_pro\thinkphp\lang\zh-cn.php
[ info ] [ ROUTE ] array (
  'type' => 'module',
  'module' => 
  array (
    0 => 'static',
    1 => 'js',
    2 => 'echarts.js.map',
  ),
)
[ info ] [ HEADER ] array (
  'host' => 'admin.ewei.com',
  'connection' => 'keep-alive',
  'user-agent' => 'Mozilla/5.0 (Windows NT 10.0; WOW64) AppleWebKit/537.36 (KHTML, like Gecko) Chrome/53.0.2785.104 Safari/537.36 Core/1.53.4549.400 QQBrowser/9.7.12900.400',
  'accept-encoding' => 'gzip, deflate, sdch',
  'accept-language' => 'zh-CN,zh;q=0.8',
  'cookie' => 'UM_distinctid=1615a67d1fa91-07528a454624f2-7e107977-1fa400-1615a67d1fb273; OUTFOX_SEARCH_USER_ID_NCOO=2042612758.9405384; PHPSESSID=it4otn4ci0gdo3eekr0bnd1rj5; CNZZDATA1272387699=644497730-1517640208-null%7C1520962177',
)
[ info ] [ PARAM ] array (
)
[ info ] [ LOG ] INIT File
---------------------------------------------------------------
[2018-03-14T01:32:11+08:00] 127.0.0.1 127.0.0.1 GET /static/js/echarts.js.map
[ info ] admin.ewei.com/static/js/echarts.js.map [运行时间：0.069014s][吞吐率：14.49req/s] [内存消耗：1,403.70kb] [文件加载：37]
[ info ] [ BEHAVIOR ] Run app\api\behavior\CORS @app_init [ RunTime:0.002056s ]
[ info ] [ LANG ] D:\work\phpstudy\WWW\myjob\ewei_admin\admin_pro\thinkphp\lang\zh-cn.php
[ info ] [ ROUTE ] array (
  'type' => 'module',
  'module' => 
  array (
    0 => 'static',
    1 => 'js',
    2 => 'echarts.js.map',
  ),
)
[ info ] [ HEADER ] array (
  'host' => 'admin.ewei.com',
  'connection' => 'keep-alive',
  'user-agent' => 'Mozilla/5.0 (Windows NT 10.0; WOW64) AppleWebKit/537.36 (KHTML, like Gecko) Chrome/53.0.2785.104 Safari/537.36 Core/1.53.4549.400 QQBrowser/9.7.12900.400',
  'accept-encoding' => 'gzip, deflate, sdch',
  'accept-language' => 'zh-CN,zh;q=0.8',
  'cookie' => 'UM_distinctid=1615a67d1fa91-07528a454624f2-7e107977-1fa400-1615a67d1fb273; OUTFOX_SEARCH_USER_ID_NCOO=2042612758.9405384; PHPSESSID=it4otn4ci0gdo3eekr0bnd1rj5; CNZZDATA1272387699=644497730-1517640208-null%7C1520962177',
)
[ info ] [ PARAM ] array (
)
[ info ] [ LOG ] INIT File
---------------------------------------------------------------
[2018-03-14T01:32:46+08:00] 127.0.0.1 127.0.0.1 GET /static/js/echarts.js.map
[ info ] admin.ewei.com/static/js/echarts.js.map [运行时间：0.065751s][吞吐率：15.21req/s] [内存消耗：1,403.70kb] [文件加载：37]
[ info ] [ BEHAVIOR ] Run app\api\behavior\CORS @app_init [ RunTime:0.003614s ]
[ info ] [ LANG ] D:\work\phpstudy\WWW\myjob\ewei_admin\admin_pro\thinkphp\lang\zh-cn.php
[ info ] [ ROUTE ] array (
  'type' => 'module',
  'module' => 
  array (
    0 => 'static',
    1 => 'js',
    2 => 'echarts.js.map',
  ),
)
[ info ] [ HEADER ] array (
  'host' => 'admin.ewei.com',
  'connection' => 'keep-alive',
  'user-agent' => 'Mozilla/5.0 (Windows NT 10.0; WOW64) AppleWebKit/537.36 (KHTML, like Gecko) Chrome/53.0.2785.104 Safari/537.36 Core/1.53.4549.400 QQBrowser/9.7.12900.400',
  'accept-encoding' => 'gzip, deflate, sdch',
  'accept-language' => 'zh-CN,zh;q=0.8',
  'cookie' => 'UM_distinctid=1615a67d1fa91-07528a454624f2-7e107977-1fa400-1615a67d1fb273; OUTFOX_SEARCH_USER_ID_NCOO=2042612758.9405384; PHPSESSID=it4otn4ci0gdo3eekr0bnd1rj5; CNZZDATA1272387699=644497730-1517640208-null%7C1520962177',
)
[ info ] [ PARAM ] array (
)
[ info ] [ LOG ] INIT File
---------------------------------------------------------------
[2018-03-14T01:32:56+08:00] 127.0.0.1 127.0.0.1 GET /static/css/page/index.css
[ info ] admin.ewei.com/static/css/page/index.css [运行时间：0.074174s][吞吐率：13.48req/s] [内存消耗：1,404.18kb] [文件加载：37]
[ info ] [ BEHAVIOR ] Run app\api\behavior\CORS @app_init [ RunTime:0.003284s ]
[ info ] [ LANG ] D:\work\phpstudy\WWW\myjob\ewei_admin\admin_pro\thinkphp\lang\zh-cn.php
[ info ] [ ROUTE ] array (
  'type' => 'module',
  'module' => 
  array (
    0 => 'static',
    1 => 'css',
    2 => 'page',
  ),
)
[ info ] [ HEADER ] array (
  'host' => 'admin.ewei.com',
  'connection' => 'keep-alive',
  'user-agent' => 'Mozilla/5.0 (Windows NT 10.0; WOW64) AppleWebKit/537.36 (KHTML, like Gecko) Chrome/53.0.2785.104 Safari/537.36 Core/1.53.4549.400 QQBrowser/9.7.12900.400',
  'accept' => 'text/css,*/*;q=0.1',
  'referer' => 'http://admin.ewei.com/admin/index/index.html',
  'accept-encoding' => 'gzip, deflate, sdch',
  'accept-language' => 'zh-CN,zh;q=0.8',
  'cookie' => 'UM_distinctid=1615a67d1fa91-07528a454624f2-7e107977-1fa400-1615a67d1fb273; OUTFOX_SEARCH_USER_ID_NCOO=2042612758.9405384; PHPSESSID=it4otn4ci0gdo3eekr0bnd1rj5; CNZZDATA1272387699=644497730-1517640208-null%7C1520962177',
)
[ info ] [ PARAM ] array (
)
[ info ] [ LOG ] INIT File
---------------------------------------------------------------
[2018-03-14T01:32:56+08:00] 127.0.0.1 127.0.0.1 GET /uploads/common/1519205417.jpg
[ info ] admin.ewei.com/uploads/common/1519205417.jpg [运行时间：0.091119s][吞吐率：10.97req/s] [内存消耗：1,404.45kb] [文件加载：37]
[ info ] [ BEHAVIOR ] Run app\api\behavior\CORS @app_init [ RunTime:0.003408s ]
[ info ] [ LANG ] D:\work\phpstudy\WWW\myjob\ewei_admin\admin_pro\thinkphp\lang\zh-cn.php
[ info ] [ ROUTE ] array (
  'type' => 'module',
  'module' => 
  array (
    0 => 'uploads',
    1 => 'common',
    2 => '1519205417.jpg',
  ),
)
[ info ] [ HEADER ] array (
  'host' => 'admin.ewei.com',
  'connection' => 'keep-alive',
  'user-agent' => 'Mozilla/5.0 (Windows NT 10.0; WOW64) AppleWebKit/537.36 (KHTML, like Gecko) Chrome/53.0.2785.104 Safari/537.36 Core/1.53.4549.400 QQBrowser/9.7.12900.400',
  'accept' => 'image/webp,image/*,*/*;q=0.8',
  'referer' => 'http://admin.ewei.com/admin/index/index.html',
  'accept-encoding' => 'gzip, deflate, sdch',
  'accept-language' => 'zh-CN,zh;q=0.8',
  'cookie' => 'UM_distinctid=1615a67d1fa91-07528a454624f2-7e107977-1fa400-1615a67d1fb273; OUTFOX_SEARCH_USER_ID_NCOO=2042612758.9405384; PHPSESSID=it4otn4ci0gdo3eekr0bnd1rj5; CNZZDATA1272387699=644497730-1517640208-null%7C1520962177',
)
[ info ] [ PARAM ] array (
)
[ info ] [ LOG ] INIT File
---------------------------------------------------------------
[2018-03-14T01:32:56+08:00] 127.0.0.1 127.0.0.1 GET /uploads/common/1519205417.jpg
[ info ] admin.ewei.com/uploads/common/1519205417.jpg [运行时间：0.073487s][吞吐率：13.61req/s] [内存消耗：1,404.45kb] [文件加载：37]
[ info ] [ BEHAVIOR ] Run app\api\behavior\CORS @app_init [ RunTime:0.003196s ]
[ info ] [ LANG ] D:\work\phpstudy\WWW\myjob\ewei_admin\admin_pro\thinkphp\lang\zh-cn.php
[ info ] [ ROUTE ] array (
  'type' => 'module',
  'module' => 
  array (
    0 => 'uploads',
    1 => 'common',
    2 => '1519205417.jpg',
  ),
)
[ info ] [ HEADER ] array (
  'host' => 'admin.ewei.com',
  'connection' => 'keep-alive',
  'user-agent' => 'Mozilla/5.0 (Windows NT 10.0; WOW64) AppleWebKit/537.36 (KHTML, like Gecko) Chrome/53.0.2785.104 Safari/537.36 Core/1.53.4549.400 QQBrowser/9.7.12900.400',
  'accept' => 'image/webp,image/*,*/*;q=0.8',
  'referer' => 'http://admin.ewei.com/admin/index/index.html',
  'accept-encoding' => 'gzip, deflate, sdch',
  'accept-language' => 'zh-CN,zh;q=0.8',
  'cookie' => 'UM_distinctid=1615a67d1fa91-07528a454624f2-7e107977-1fa400-1615a67d1fb273; OUTFOX_SEARCH_USER_ID_NCOO=2042612758.9405384; PHPSESSID=it4otn4ci0gdo3eekr0bnd1rj5; CNZZDATA1272387699=644497730-1517640208-null%7C1520962177',
)
[ info ] [ PARAM ] array (
)
[ info ] [ LOG ] INIT File
---------------------------------------------------------------
[2018-03-14T01:33:30+08:00] 127.0.0.1 127.0.0.1 GET /static/js/echarts.js.map
[ info ] admin.ewei.com/static/js/echarts.js.map [运行时间：0.069401s][吞吐率：14.41req/s] [内存消耗：1,403.70kb] [文件加载：37]
[ info ] [ BEHAVIOR ] Run app\api\behavior\CORS @app_init [ RunTime:0.001863s ]
[ info ] [ LANG ] D:\work\phpstudy\WWW\myjob\ewei_admin\admin_pro\thinkphp\lang\zh-cn.php
[ info ] [ ROUTE ] array (
  'type' => 'module',
  'module' => 
  array (
    0 => 'static',
    1 => 'js',
    2 => 'echarts.js.map',
  ),
)
[ info ] [ HEADER ] array (
  'host' => 'admin.ewei.com',
  'connection' => 'keep-alive',
  'user-agent' => 'Mozilla/5.0 (Windows NT 10.0; WOW64) AppleWebKit/537.36 (KHTML, like Gecko) Chrome/53.0.2785.104 Safari/537.36 Core/1.53.4549.400 QQBrowser/9.7.12900.400',
  'accept-encoding' => 'gzip, deflate, sdch',
  'accept-language' => 'zh-CN,zh;q=0.8',
  'cookie' => 'UM_distinctid=1615a67d1fa91-07528a454624f2-7e107977-1fa400-1615a67d1fb273; OUTFOX_SEARCH_USER_ID_NCOO=2042612758.9405384; PHPSESSID=it4otn4ci0gdo3eekr0bnd1rj5; CNZZDATA1272387699=644497730-1517640208-null%7C1520962177',
)
[ info ] [ PARAM ] array (
)
[ info ] [ LOG ] INIT File
---------------------------------------------------------------
[2018-03-14T01:34:06+08:00] 127.0.0.1 127.0.0.1 GET /static/js/echarts.js.map
[ info ] admin.ewei.com/static/js/echarts.js.map [运行时间：0.077606s][吞吐率：12.89req/s] [内存消耗：1,403.70kb] [文件加载：37]
[ info ] [ BEHAVIOR ] Run app\api\behavior\CORS @app_init [ RunTime:0.002274s ]
[ info ] [ LANG ] D:\work\phpstudy\WWW\myjob\ewei_admin\admin_pro\thinkphp\lang\zh-cn.php
[ info ] [ ROUTE ] array (
  'type' => 'module',
  'module' => 
  array (
    0 => 'static',
    1 => 'js',
    2 => 'echarts.js.map',
  ),
)
[ info ] [ HEADER ] array (
  'host' => 'admin.ewei.com',
  'connection' => 'keep-alive',
  'user-agent' => 'Mozilla/5.0 (Windows NT 10.0; WOW64) AppleWebKit/537.36 (KHTML, like Gecko) Chrome/53.0.2785.104 Safari/537.36 Core/1.53.4549.400 QQBrowser/9.7.12900.400',
  'accept-encoding' => 'gzip, deflate, sdch',
  'accept-language' => 'zh-CN,zh;q=0.8',
  'cookie' => 'UM_distinctid=1615a67d1fa91-07528a454624f2-7e107977-1fa400-1615a67d1fb273; OUTFOX_SEARCH_USER_ID_NCOO=2042612758.9405384; PHPSESSID=it4otn4ci0gdo3eekr0bnd1rj5; CNZZDATA1272387699=644497730-1517640208-null%7C1520962177',
)
[ info ] [ PARAM ] array (
)
[ info ] [ LOG ] INIT File
---------------------------------------------------------------
[2018-03-14T01:34:14+08:00] 127.0.0.1 127.0.0.1 GET /static/js/echarts.js.map
[ info ] admin.ewei.com/static/js/echarts.js.map [运行时间：0.063274s][吞吐率：15.80req/s] [内存消耗：1,403.70kb] [文件加载：37]
[ info ] [ BEHAVIOR ] Run app\api\behavior\CORS @app_init [ RunTime:0.002181s ]
[ info ] [ LANG ] D:\work\phpstudy\WWW\myjob\ewei_admin\admin_pro\thinkphp\lang\zh-cn.php
[ info ] [ ROUTE ] array (
  'type' => 'module',
  'module' => 
  array (
    0 => 'static',
    1 => 'js',
    2 => 'echarts.js.map',
  ),
)
[ info ] [ HEADER ] array (
  'host' => 'admin.ewei.com',
  'connection' => 'keep-alive',
  'user-agent' => 'Mozilla/5.0 (Windows NT 10.0; WOW64) AppleWebKit/537.36 (KHTML, like Gecko) Chrome/53.0.2785.104 Safari/537.36 Core/1.53.4549.400 QQBrowser/9.7.12900.400',
  'accept-encoding' => 'gzip, deflate, sdch',
  'accept-language' => 'zh-CN,zh;q=0.8',
  'cookie' => 'UM_distinctid=1615a67d1fa91-07528a454624f2-7e107977-1fa400-1615a67d1fb273; OUTFOX_SEARCH_USER_ID_NCOO=2042612758.9405384; PHPSESSID=it4otn4ci0gdo3eekr0bnd1rj5; CNZZDATA1272387699=644497730-1517640208-null%7C1520962177',
)
[ info ] [ PARAM ] array (
)
[ info ] [ LOG ] INIT File
---------------------------------------------------------------
[2018-03-14T01:34:27+08:00] 127.0.0.1 127.0.0.1 GET /static/js/echarts.js.map
[ info ] admin.ewei.com/static/js/echarts.js.map [运行时间：0.053425s][吞吐率：18.72req/s] [内存消耗：1,403.70kb] [文件加载：37]
[ info ] [ BEHAVIOR ] Run app\api\behavior\CORS @app_init [ RunTime:0.001953s ]
[ info ] [ LANG ] D:\work\phpstudy\WWW\myjob\ewei_admin\admin_pro\thinkphp\lang\zh-cn.php
[ info ] [ ROUTE ] array (
  'type' => 'module',
  'module' => 
  array (
    0 => 'static',
    1 => 'js',
    2 => 'echarts.js.map',
  ),
)
[ info ] [ HEADER ] array (
  'host' => 'admin.ewei.com',
  'connection' => 'keep-alive',
  'user-agent' => 'Mozilla/5.0 (Windows NT 10.0; WOW64) AppleWebKit/537.36 (KHTML, like Gecko) Chrome/53.0.2785.104 Safari/537.36 Core/1.53.4549.400 QQBrowser/9.7.12900.400',
  'accept-encoding' => 'gzip, deflate, sdch',
  'accept-language' => 'zh-CN,zh;q=0.8',
  'cookie' => 'UM_distinctid=1615a67d1fa91-07528a454624f2-7e107977-1fa400-1615a67d1fb273; OUTFOX_SEARCH_USER_ID_NCOO=2042612758.9405384; PHPSESSID=it4otn4ci0gdo3eekr0bnd1rj5; CNZZDATA1272387699=644497730-1517640208-null%7C1520962177',
)
[ info ] [ PARAM ] array (
)
[ info ] [ LOG ] INIT File
---------------------------------------------------------------
[2018-03-14T01:35:54+08:00] 127.0.0.1 127.0.0.1 GET /static/js/echarts.js.map
[ info ] admin.ewei.com/static/js/echarts.js.map [运行时间：0.063091s][吞吐率：15.85req/s] [内存消耗：1,403.70kb] [文件加载：37]
[ info ] [ BEHAVIOR ] Run app\api\behavior\CORS @app_init [ RunTime:0.001952s ]
[ info ] [ LANG ] D:\work\phpstudy\WWW\myjob\ewei_admin\admin_pro\thinkphp\lang\zh-cn.php
[ info ] [ ROUTE ] array (
  'type' => 'module',
  'module' => 
  array (
    0 => 'static',
    1 => 'js',
    2 => 'echarts.js.map',
  ),
)
[ info ] [ HEADER ] array (
  'host' => 'admin.ewei.com',
  'connection' => 'keep-alive',
  'user-agent' => 'Mozilla/5.0 (Windows NT 10.0; WOW64) AppleWebKit/537.36 (KHTML, like Gecko) Chrome/53.0.2785.104 Safari/537.36 Core/1.53.4549.400 QQBrowser/9.7.12900.400',
  'accept-encoding' => 'gzip, deflate, sdch',
  'accept-language' => 'zh-CN,zh;q=0.8',
  'cookie' => 'UM_distinctid=1615a67d1fa91-07528a454624f2-7e107977-1fa400-1615a67d1fb273; OUTFOX_SEARCH_USER_ID_NCOO=2042612758.9405384; PHPSESSID=it4otn4ci0gdo3eekr0bnd1rj5; CNZZDATA1272387699=644497730-1517640208-null%7C1520962177',
)
[ info ] [ PARAM ] array (
)
[ info ] [ LOG ] INIT File
---------------------------------------------------------------
[2018-03-14T01:36:35+08:00] 127.0.0.1 127.0.0.1 GET /static/js/echarts.js.map
[ info ] admin.ewei.com/static/js/echarts.js.map [运行时间：0.072418s][吞吐率：13.81req/s] [内存消耗：1,403.70kb] [文件加载：37]
[ info ] [ BEHAVIOR ] Run app\api\behavior\CORS @app_init [ RunTime:0.003117s ]
[ info ] [ LANG ] D:\work\phpstudy\WWW\myjob\ewei_admin\admin_pro\thinkphp\lang\zh-cn.php
[ info ] [ ROUTE ] array (
  'type' => 'module',
  'module' => 
  array (
    0 => 'static',
    1 => 'js',
    2 => 'echarts.js.map',
  ),
)
[ info ] [ HEADER ] array (
  'host' => 'admin.ewei.com',
  'connection' => 'keep-alive',
  'user-agent' => 'Mozilla/5.0 (Windows NT 10.0; WOW64) AppleWebKit/537.36 (KHTML, like Gecko) Chrome/53.0.2785.104 Safari/537.36 Core/1.53.4549.400 QQBrowser/9.7.12900.400',
  'accept-encoding' => 'gzip, deflate, sdch',
  'accept-language' => 'zh-CN,zh;q=0.8',
  'cookie' => 'UM_distinctid=1615a67d1fa91-07528a454624f2-7e107977-1fa400-1615a67d1fb273; OUTFOX_SEARCH_USER_ID_NCOO=2042612758.9405384; PHPSESSID=it4otn4ci0gdo3eekr0bnd1rj5; CNZZDATA1272387699=644497730-1517640208-null%7C1520962177',
)
[ info ] [ PARAM ] array (
)
[ info ] [ LOG ] INIT File
---------------------------------------------------------------
[2018-03-14T01:36:44+08:00] 127.0.0.1 127.0.0.1 GET /static/js/echarts.js.map
[ info ] admin.ewei.com/static/js/echarts.js.map [运行时间：0.087439s][吞吐率：11.44req/s] [内存消耗：1,403.70kb] [文件加载：37]
[ info ] [ BEHAVIOR ] Run app\api\behavior\CORS @app_init [ RunTime:0.004048s ]
[ info ] [ LANG ] D:\work\phpstudy\WWW\myjob\ewei_admin\admin_pro\thinkphp\lang\zh-cn.php
[ info ] [ ROUTE ] array (
  'type' => 'module',
  'module' => 
  array (
    0 => 'static',
    1 => 'js',
    2 => 'echarts.js.map',
  ),
)
[ info ] [ HEADER ] array (
  'host' => 'admin.ewei.com',
  'connection' => 'keep-alive',
  'user-agent' => 'Mozilla/5.0 (Windows NT 10.0; WOW64) AppleWebKit/537.36 (KHTML, like Gecko) Chrome/53.0.2785.104 Safari/537.36 Core/1.53.4549.400 QQBrowser/9.7.12900.400',
  'accept-encoding' => 'gzip, deflate, sdch',
  'accept-language' => 'zh-CN,zh;q=0.8',
  'cookie' => 'UM_distinctid=1615a67d1fa91-07528a454624f2-7e107977-1fa400-1615a67d1fb273; OUTFOX_SEARCH_USER_ID_NCOO=2042612758.9405384; PHPSESSID=it4otn4ci0gdo3eekr0bnd1rj5; CNZZDATA1272387699=644497730-1517640208-null%7C1520962177',
)
[ info ] [ PARAM ] array (
)
[ info ] [ LOG ] INIT File
---------------------------------------------------------------
[2018-03-14T01:37:13+08:00] 127.0.0.1 127.0.0.1 GET /static/js/echarts.js.map
[ info ] admin.ewei.com/static/js/echarts.js.map [运行时间：0.067040s][吞吐率：14.92req/s] [内存消耗：1,403.70kb] [文件加载：37]
[ info ] [ BEHAVIOR ] Run app\api\behavior\CORS @app_init [ RunTime:0.001986s ]
[ info ] [ LANG ] D:\work\phpstudy\WWW\myjob\ewei_admin\admin_pro\thinkphp\lang\zh-cn.php
[ info ] [ ROUTE ] array (
  'type' => 'module',
  'module' => 
  array (
    0 => 'static',
    1 => 'js',
    2 => 'echarts.js.map',
  ),
)
[ info ] [ HEADER ] array (
  'host' => 'admin.ewei.com',
  'connection' => 'keep-alive',
  'user-agent' => 'Mozilla/5.0 (Windows NT 10.0; WOW64) AppleWebKit/537.36 (KHTML, like Gecko) Chrome/53.0.2785.104 Safari/537.36 Core/1.53.4549.400 QQBrowser/9.7.12900.400',
  'accept-encoding' => 'gzip, deflate, sdch',
  'accept-language' => 'zh-CN,zh;q=0.8',
  'cookie' => 'UM_distinctid=1615a67d1fa91-07528a454624f2-7e107977-1fa400-1615a67d1fb273; OUTFOX_SEARCH_USER_ID_NCOO=2042612758.9405384; PHPSESSID=it4otn4ci0gdo3eekr0bnd1rj5; CNZZDATA1272387699=644497730-1517640208-null%7C1520962177',
)
[ info ] [ PARAM ] array (
)
[ info ] [ LOG ] INIT File
---------------------------------------------------------------
[2018-03-14T01:56:41+08:00] 127.0.0.1 127.0.0.1 GET /api/v1/goods/by_category/paginate?id=undefined&page=undefined&size=undefined&order=undefined&sort=undefined&categoryId=undefined&types=vip
[ info ] admin.ewei.com/api/v1/goods/by_category/paginate?id=undefined&page=undefined&size=undefined&order=undefined&sort=undefined&categoryId=undefined&types=vip [运行时间：0.279926s][吞吐率：3.57req/s] [内存消耗：2,994.95kb] [文件加载：65]
[ info ] [ BEHAVIOR ] Run app\api\behavior\CORS @app_init [ RunTime:0.002793s ]
[ info ] [ LANG ] D:\work\phpstudy\WWW\myjob\ewei_admin\admin_pro\thinkphp\lang\zh-cn.php
[ info ] [ ROUTE ] array (
  'type' => 'module',
  'module' => 
  array (
    0 => 'api',
    1 => 'v1.Goods',
    2 => 'getByCategory',
  ),
  'convert' => false,
)
[ info ] [ HEADER ] array (
  'host' => 'admin.ewei.com',
  'connection' => 'keep-alive',
  'pragma' => 'no-cache',
  'cache-control' => 'no-cache',
  'ewei-token' => 'e84a8f3c8d83d4c837fe5703c65356cc',
  'user-agent' => 'wechatdevtools appservice port/49304',
  'content-type' => 'application/json',
  'accept' => '*/*',
  'referer' => 'https://servicewechat.com/wx720cf9c5765a5c4d/devtools/page-frame.html',
  'accept-encoding' => 'gzip, deflate',
)
[ info ] [ PARAM ] array (
  'id' => 'undefined',
  'page' => 'undefined',
  'size' => 'undefined',
  'order' => 'undefined',
  'sort' => 'undefined',
  'categoryId' => 'undefined',
  'types' => 'vip',
  'version' => 'v1',
)
[ info ] [ DB ] INIT mysql
[ info ] [ CACHE ] INIT File
[ info ] [ RUN ] app\api\controller\v1\Goods->getByCategory[ D:\work\phpstudy\WWW\myjob\ewei_admin\admin_pro\application\api\controller\v1\Goods.php ]
[ info ] [ LOG ] INIT File
---------------------------------------------------------------
[2018-03-14T01:59:59+08:00] 127.0.0.1 127.0.0.1 GET /api/v1/goods/by_category/paginate?id=4&page=1&size=1000&order=asc&sort=category&categoryId=4&types=integral
[ info ] admin.ewei.com/api/v1/goods/by_category/paginate?id=4&page=1&size=1000&order=asc&sort=category&categoryId=4&types=integral [运行时间：0.209429s][吞吐率：4.77req/s] [内存消耗：2,964.16kb] [文件加载：60]
[ info ] [ BEHAVIOR ] Run app\api\behavior\CORS @app_init [ RunTime:0.003045s ]
[ info ] [ LANG ] D:\work\phpstudy\WWW\myjob\ewei_admin\admin_pro\thinkphp\lang\zh-cn.php
[ info ] [ ROUTE ] array (
  'type' => 'module',
  'module' => 
  array (
    0 => 'api',
    1 => 'v1.Goods',
    2 => 'getByCategory',
  ),
  'convert' => false,
)
[ info ] [ HEADER ] array (
  'host' => 'admin.ewei.com',
  'connection' => 'keep-alive',
  'pragma' => 'no-cache',
  'cache-control' => 'no-cache',
  'ewei-token' => 'c86e7345c6f27152f66c049c76e05988',
  'user-agent' => 'wechatdevtools appservice port/49304',
  'content-type' => 'application/json',
  'accept' => '*/*',
  'referer' => 'https://servicewechat.com/wx720cf9c5765a5c4d/devtools/page-frame.html',
  'accept-encoding' => 'gzip, deflate',
)
[ info ] [ PARAM ] array (
  'id' => '4',
  'page' => '1',
  'size' => '1000',
  'order' => 'asc',
  'sort' => 'category',
  'categoryId' => '4',
  'types' => 'integral',
  'version' => 'v1',
)
[ info ] [ DB ] INIT mysql
[ info ] [ CACHE ] INIT File
[ info ] [ RUN ] app\api\controller\v1\Goods->getByCategory[ D:\work\phpstudy\WWW\myjob\ewei_admin\admin_pro\application\api\controller\v1\Goods.php ]
[ info ] [ LOG ] INIT File
---------------------------------------------------------------
[2018-03-14T02:20:02+08:00] 127.0.0.1 127.0.0.1 GET /admin/order/detail.html?id=59
[ info ] admin.ewei.com/admin/order/detail.html?id=59 [运行时间：0.705552s][吞吐率：1.42req/s] [内存消耗：3,503.46kb] [文件加载：69]
[ info ] [ BEHAVIOR ] Run app\api\behavior\CORS @app_init [ RunTime:0.002189s ]
[ info ] [ LANG ] D:\work\phpstudy\WWW\myjob\ewei_admin\admin_pro\thinkphp\lang\zh-cn.php
[ info ] [ ROUTE ] array (
  'type' => 'module',
  'module' => 
  array (
    0 => 'admin',
    1 => 'order',
    2 => 'detail',
  ),
)
[ info ] [ HEADER ] array (
  'host' => 'admin.ewei.com',
  'connection' => 'keep-alive',
  'upgrade-insecure-requests' => '1',
  'user-agent' => 'Mozilla/5.0 (Windows NT 10.0; WOW64) AppleWebKit/537.36 (KHTML, like Gecko) Chrome/53.0.2785.104 Safari/537.36 Core/1.53.4549.400 QQBrowser/9.7.12900.400',
  'accept' => 'text/html,application/xhtml+xml,application/xml;q=0.9,image/webp,*/*;q=0.8',
  'referer' => 'http://admin.ewei.com/admin/order/index.html',
  'accept-encoding' => 'gzip, deflate, sdch',
  'accept-language' => 'zh-CN,zh;q=0.8',
  'cookie' => '___rl__test__cookies=1520956457202; UM_distinctid=1615a67d1fa91-07528a454624f2-7e107977-1fa400-1615a67d1fb273; OUTFOX_SEARCH_USER_ID_NCOO=2042612758.9405384; PHPSESSID=it4otn4ci0gdo3eekr0bnd1rj5; CNZZDATA1272387699=644497730-1517640208-null%7C1520964176',
)
[ info ] [ PARAM ] array (
  'id' => '59',
)
[ info ] [ SESSION ] INIT array (
  'id' => '',
  'var_session_id' => '',
  'prefix' => 'think',
  'type' => '',
  'auto_start' => true,
)
[ info ] [ DB ] INIT mysql
[ info ] [ RUN ] app\admin\controller\Order->detail[ D:\work\phpstudy\WWW\myjob\ewei_admin\admin_pro\application\admin\controller\Order.php ]
[ info ] [ VIEW ] ../themes/admin/order\detail.html [ array (
  0 => 'menu',
  1 => 'msgNum',
  2 => 'controller',
  3 => 'order',
) ]
[ info ] [ LOG ] INIT File
---------------------------------------------------------------
[2018-03-14T02:21:02+08:00] 127.0.0.1 127.0.0.1 GET /admin/order/detail.html?id=59
[ info ] admin.ewei.com/admin/order/detail.html?id=59 [运行时间：0.338747s][吞吐率：2.95req/s] [内存消耗：3,206.05kb] [文件加载：58]
[ info ] [ BEHAVIOR ] Run app\api\behavior\CORS @app_init [ RunTime:0.002137s ]
[ info ] [ LANG ] D:\work\phpstudy\WWW\myjob\ewei_admin\admin_pro\thinkphp\lang\zh-cn.php
[ info ] [ ROUTE ] array (
  'type' => 'module',
  'module' => 
  array (
    0 => 'admin',
    1 => 'order',
    2 => 'detail',
  ),
)
[ info ] [ HEADER ] array (
  'host' => 'admin.ewei.com',
  'connection' => 'keep-alive',
  'upgrade-insecure-requests' => '1',
  'user-agent' => 'Mozilla/5.0 (Windows NT 10.0; WOW64) AppleWebKit/537.36 (KHTML, like Gecko) Chrome/53.0.2785.104 Safari/537.36 Core/1.53.4549.400 QQBrowser/9.7.12900.400',
  'accept' => 'text/html,application/xhtml+xml,application/xml;q=0.9,image/webp,*/*;q=0.8',
  'referer' => 'http://admin.ewei.com/admin/order/index.html',
  'accept-encoding' => 'gzip, deflate, sdch',
  'accept-language' => 'zh-CN,zh;q=0.8',
  'cookie' => '___rl__test__cookies=1520965204802; UM_distinctid=1615a67d1fa91-07528a454624f2-7e107977-1fa400-1615a67d1fb273; OUTFOX_SEARCH_USER_ID_NCOO=2042612758.9405384; PHPSESSID=it4otn4ci0gdo3eekr0bnd1rj5; CNZZDATA1272387699=644497730-1517640208-null%7C1520964176',
)
[ info ] [ PARAM ] array (
  'id' => '59',
)
[ info ] [ SESSION ] INIT array (
  'id' => '',
  'var_session_id' => '',
  'prefix' => 'think',
  'type' => '',
  'auto_start' => true,
)
[ info ] [ DB ] INIT mysql
[ info ] [ RUN ] app\admin\controller\Order->detail[ D:\work\phpstudy\WWW\myjob\ewei_admin\admin_pro\application\admin\controller\Order.php ]
[ info ] [ LOG ] INIT File
---------------------------------------------------------------
[2018-03-14T02:21:22+08:00] 127.0.0.1 127.0.0.1 GET /admin/order/detail.html?id=59
[ info ] admin.ewei.com/admin/order/detail.html?id=59 [运行时间：0.364211s][吞吐率：2.75req/s] [内存消耗：3,206.38kb] [文件加载：58]
[ info ] [ BEHAVIOR ] Run app\api\behavior\CORS @app_init [ RunTime:0.002208s ]
[ info ] [ LANG ] D:\work\phpstudy\WWW\myjob\ewei_admin\admin_pro\thinkphp\lang\zh-cn.php
[ info ] [ ROUTE ] array (
  'type' => 'module',
  'module' => 
  array (
    0 => 'admin',
    1 => 'order',
    2 => 'detail',
  ),
)
[ info ] [ HEADER ] array (
  'host' => 'admin.ewei.com',
  'connection' => 'keep-alive',
  'upgrade-insecure-requests' => '1',
  'user-agent' => 'Mozilla/5.0 (Windows NT 10.0; WOW64) AppleWebKit/537.36 (KHTML, like Gecko) Chrome/53.0.2785.104 Safari/537.36 Core/1.53.4549.400 QQBrowser/9.7.12900.400',
  'accept' => 'text/html,application/xhtml+xml,application/xml;q=0.9,image/webp,*/*;q=0.8',
  'referer' => 'http://admin.ewei.com/admin/order/index.html',
  'accept-encoding' => 'gzip, deflate, sdch',
  'accept-language' => 'zh-CN,zh;q=0.8',
  'cookie' => '___rl__test__cookies=1520965204802; UM_distinctid=1615a67d1fa91-07528a454624f2-7e107977-1fa400-1615a67d1fb273; OUTFOX_SEARCH_USER_ID_NCOO=2042612758.9405384; PHPSESSID=it4otn4ci0gdo3eekr0bnd1rj5; CNZZDATA1272387699=644497730-1517640208-null%7C1520964176',
)
[ info ] [ PARAM ] array (
  'id' => '59',
)
[ info ] [ SESSION ] INIT array (
  'id' => '',
  'var_session_id' => '',
  'prefix' => 'think',
  'type' => '',
  'auto_start' => true,
)
[ info ] [ DB ] INIT mysql
[ info ] [ RUN ] app\admin\controller\Order->detail[ D:\work\phpstudy\WWW\myjob\ewei_admin\admin_pro\application\admin\controller\Order.php ]
[ info ] [ LOG ] INIT File
---------------------------------------------------------------
[2018-03-14T02:21:34+08:00] 127.0.0.1 127.0.0.1 GET /admin/order/detail.html?id=59
[ info ] admin.ewei.com/admin/order/detail.html?id=59 [运行时间：0.354009s][吞吐率：2.82req/s] [内存消耗：3,206.69kb] [文件加载：58]
[ info ] [ BEHAVIOR ] Run app\api\behavior\CORS @app_init [ RunTime:0.003026s ]
[ info ] [ LANG ] D:\work\phpstudy\WWW\myjob\ewei_admin\admin_pro\thinkphp\lang\zh-cn.php
[ info ] [ ROUTE ] array (
  'type' => 'module',
  'module' => 
  array (
    0 => 'admin',
    1 => 'order',
    2 => 'detail',
  ),
)
[ info ] [ HEADER ] array (
  'host' => 'admin.ewei.com',
  'connection' => 'keep-alive',
  'upgrade-insecure-requests' => '1',
  'user-agent' => 'Mozilla/5.0 (Windows NT 10.0; WOW64) AppleWebKit/537.36 (KHTML, like Gecko) Chrome/53.0.2785.104 Safari/537.36 Core/1.53.4549.400 QQBrowser/9.7.12900.400',
  'accept' => 'text/html,application/xhtml+xml,application/xml;q=0.9,image/webp,*/*;q=0.8',
  'referer' => 'http://admin.ewei.com/admin/order/index.html',
  'accept-encoding' => 'gzip, deflate, sdch',
  'accept-language' => 'zh-CN,zh;q=0.8',
  'cookie' => '___rl__test__cookies=1520965204802; UM_distinctid=1615a67d1fa91-07528a454624f2-7e107977-1fa400-1615a67d1fb273; OUTFOX_SEARCH_USER_ID_NCOO=2042612758.9405384; PHPSESSID=it4otn4ci0gdo3eekr0bnd1rj5; CNZZDATA1272387699=644497730-1517640208-null%7C1520964176',
)
[ info ] [ PARAM ] array (
  'id' => '59',
)
[ info ] [ SESSION ] INIT array (
  'id' => '',
  'var_session_id' => '',
  'prefix' => 'think',
  'type' => '',
  'auto_start' => true,
)
[ info ] [ DB ] INIT mysql
[ info ] [ RUN ] app\admin\controller\Order->detail[ D:\work\phpstudy\WWW\myjob\ewei_admin\admin_pro\application\admin\controller\Order.php ]
[ info ] [ LOG ] INIT File
---------------------------------------------------------------
[2018-03-14T02:21:53+08:00] 127.0.0.1 127.0.0.1 GET /admin/order/detail.html?id=59
[ info ] admin.ewei.com/admin/order/detail.html?id=59 [运行时间：0.395733s][吞吐率：2.53req/s] [内存消耗：3,208.17kb] [文件加载：59]
[ info ] [ BEHAVIOR ] Run app\api\behavior\CORS @app_init [ RunTime:0.002154s ]
[ info ] [ LANG ] D:\work\phpstudy\WWW\myjob\ewei_admin\admin_pro\thinkphp\lang\zh-cn.php
[ info ] [ ROUTE ] array (
  'type' => 'module',
  'module' => 
  array (
    0 => 'admin',
    1 => 'order',
    2 => 'detail',
  ),
)
[ info ] [ HEADER ] array (
  'host' => 'admin.ewei.com',
  'connection' => 'keep-alive',
  'upgrade-insecure-requests' => '1',
  'user-agent' => 'Mozilla/5.0 (Windows NT 10.0; WOW64) AppleWebKit/537.36 (KHTML, like Gecko) Chrome/53.0.2785.104 Safari/537.36 Core/1.53.4549.400 QQBrowser/9.7.12900.400',
  'accept' => 'text/html,application/xhtml+xml,application/xml;q=0.9,image/webp,*/*;q=0.8',
  'referer' => 'http://admin.ewei.com/admin/order/index.html',
  'accept-encoding' => 'gzip, deflate, sdch',
  'accept-language' => 'zh-CN,zh;q=0.8',
  'cookie' => '___rl__test__cookies=1520965204802; UM_distinctid=1615a67d1fa91-07528a454624f2-7e107977-1fa400-1615a67d1fb273; OUTFOX_SEARCH_USER_ID_NCOO=2042612758.9405384; PHPSESSID=it4otn4ci0gdo3eekr0bnd1rj5; CNZZDATA1272387699=644497730-1517640208-null%7C1520964176',
)
[ info ] [ PARAM ] array (
  'id' => '59',
)
[ info ] [ SESSION ] INIT array (
  'id' => '',
  'var_session_id' => '',
  'prefix' => 'think',
  'type' => '',
  'auto_start' => true,
)
[ info ] [ DB ] INIT mysql
[ info ] [ RUN ] app\admin\controller\Order->detail[ D:\work\phpstudy\WWW\myjob\ewei_admin\admin_pro\application\admin\controller\Order.php ]
[ info ] [ LOG ] INIT File
---------------------------------------------------------------
[2018-03-14T02:23:29+08:00] 127.0.0.1 127.0.0.1 GET /admin/order/detail.html?id=59
[ info ] admin.ewei.com/admin/order/detail.html?id=59 [运行时间：0.408738s][吞吐率：2.45req/s] [内存消耗：3,237.80kb] [文件加载：63]
[ info ] [ BEHAVIOR ] Run app\api\behavior\CORS @app_init [ RunTime:0.002225s ]
[ info ] [ LANG ] D:\work\phpstudy\WWW\myjob\ewei_admin\admin_pro\thinkphp\lang\zh-cn.php
[ info ] [ ROUTE ] array (
  'type' => 'module',
  'module' => 
  array (
    0 => 'admin',
    1 => 'order',
    2 => 'detail',
  ),
)
[ info ] [ HEADER ] array (
  'host' => 'admin.ewei.com',
  'connection' => 'keep-alive',
  'upgrade-insecure-requests' => '1',
  'user-agent' => 'Mozilla/5.0 (Windows NT 10.0; WOW64) AppleWebKit/537.36 (KHTML, like Gecko) Chrome/53.0.2785.104 Safari/537.36 Core/1.53.4549.400 QQBrowser/9.7.12900.400',
  'accept' => 'text/html,application/xhtml+xml,application/xml;q=0.9,image/webp,*/*;q=0.8',
  'referer' => 'http://admin.ewei.com/admin/order/index.html',
  'accept-encoding' => 'gzip, deflate, sdch',
  'accept-language' => 'zh-CN,zh;q=0.8',
  'cookie' => '___rl__test__cookies=1520965204802; UM_distinctid=1615a67d1fa91-07528a454624f2-7e107977-1fa400-1615a67d1fb273; OUTFOX_SEARCH_USER_ID_NCOO=2042612758.9405384; PHPSESSID=it4otn4ci0gdo3eekr0bnd1rj5; CNZZDATA1272387699=644497730-1517640208-null%7C1520964176',
)
[ info ] [ PARAM ] array (
  'id' => '59',
)
[ info ] [ SESSION ] INIT array (
  'id' => '',
  'var_session_id' => '',
  'prefix' => 'think',
  'type' => '',
  'auto_start' => true,
)
[ info ] [ DB ] INIT mysql
[ info ] [ RUN ] app\admin\controller\Order->detail[ D:\work\phpstudy\WWW\myjob\ewei_admin\admin_pro\application\admin\controller\Order.php ]
[ info ] [ LOG ] INIT File
---------------------------------------------------------------
[2018-03-14T02:23:38+08:00] 127.0.0.1 127.0.0.1 GET /admin/order/detail.html?id=59
[ info ] admin.ewei.com/admin/order/detail.html?id=59 [运行时间：0.392562s][吞吐率：2.55req/s] [内存消耗：3,211.04kb] [文件加载：59]
[ info ] [ BEHAVIOR ] Run app\api\behavior\CORS @app_init [ RunTime:0.001986s ]
[ info ] [ LANG ] D:\work\phpstudy\WWW\myjob\ewei_admin\admin_pro\thinkphp\lang\zh-cn.php
[ info ] [ ROUTE ] array (
  'type' => 'module',
  'module' => 
  array (
    0 => 'admin',
    1 => 'order',
    2 => 'detail',
  ),
)
[ info ] [ HEADER ] array (
  'host' => 'admin.ewei.com',
  'connection' => 'keep-alive',
  'upgrade-insecure-requests' => '1',
  'user-agent' => 'Mozilla/5.0 (Windows NT 10.0; WOW64) AppleWebKit/537.36 (KHTML, like Gecko) Chrome/53.0.2785.104 Safari/537.36 Core/1.53.4549.400 QQBrowser/9.7.12900.400',
  'accept' => 'text/html,application/xhtml+xml,application/xml;q=0.9,image/webp,*/*;q=0.8',
  'referer' => 'http://admin.ewei.com/admin/order/index.html',
  'accept-encoding' => 'gzip, deflate, sdch',
  'accept-language' => 'zh-CN,zh;q=0.8',
  'cookie' => '___rl__test__cookies=1520965204802; UM_distinctid=1615a67d1fa91-07528a454624f2-7e107977-1fa400-1615a67d1fb273; OUTFOX_SEARCH_USER_ID_NCOO=2042612758.9405384; PHPSESSID=it4otn4ci0gdo3eekr0bnd1rj5; CNZZDATA1272387699=644497730-1517640208-null%7C1520964176',
)
[ info ] [ PARAM ] array (
  'id' => '59',
)
[ info ] [ SESSION ] INIT array (
  'id' => '',
  'var_session_id' => '',
  'prefix' => 'think',
  'type' => '',
  'auto_start' => true,
)
[ info ] [ DB ] INIT mysql
[ info ] [ RUN ] app\admin\controller\Order->detail[ D:\work\phpstudy\WWW\myjob\ewei_admin\admin_pro\application\admin\controller\Order.php ]
[ info ] [ LOG ] INIT File
---------------------------------------------------------------
[2018-03-14T02:33:48+08:00] 127.0.0.1 127.0.0.1 GET /static/css/page/index.css
[ info ] admin.ewei.com/static/css/page/index.css [运行时间：0.062658s][吞吐率：15.96req/s] [内存消耗：1,404.18kb] [文件加载：37]
[ info ] [ BEHAVIOR ] Run app\api\behavior\CORS @app_init [ RunTime:0.002014s ]
[ info ] [ LANG ] D:\work\phpstudy\WWW\myjob\ewei_admin\admin_pro\thinkphp\lang\zh-cn.php
[ info ] [ ROUTE ] array (
  'type' => 'module',
  'module' => 
  array (
    0 => 'static',
    1 => 'css',
    2 => 'page',
  ),
)
[ info ] [ HEADER ] array (
  'host' => 'admin.ewei.com',
  'connection' => 'keep-alive',
  'user-agent' => 'Mozilla/5.0 (Windows NT 10.0; WOW64) AppleWebKit/537.36 (KHTML, like Gecko) Chrome/53.0.2785.104 Safari/537.36 Core/1.53.4549.400 QQBrowser/9.7.12900.400',
  'accept' => 'text/css,*/*;q=0.1',
  'referer' => 'http://admin.ewei.com/admin/index/index.html',
  'accept-encoding' => 'gzip, deflate, sdch',
  'accept-language' => 'zh-CN,zh;q=0.8',
  'cookie' => 'UM_distinctid=1615a67d1fa91-07528a454624f2-7e107977-1fa400-1615a67d1fb273; OUTFOX_SEARCH_USER_ID_NCOO=2042612758.9405384; PHPSESSID=it4otn4ci0gdo3eekr0bnd1rj5; CNZZDATA1272387699=644497730-1517640208-null%7C1520964176',
)
[ info ] [ PARAM ] array (
)
[ info ] [ LOG ] INIT File
---------------------------------------------------------------
[2018-03-14T02:33:48+08:00] 127.0.0.1 127.0.0.1 GET /uploads/common/1519205417.jpg
[ info ] admin.ewei.com/uploads/common/1519205417.jpg [运行时间：0.065000s][吞吐率：15.38req/s] [内存消耗：1,404.45kb] [文件加载：37]
[ info ] [ BEHAVIOR ] Run app\api\behavior\CORS @app_init [ RunTime:0.002874s ]
[ info ] [ LANG ] D:\work\phpstudy\WWW\myjob\ewei_admin\admin_pro\thinkphp\lang\zh-cn.php
[ info ] [ ROUTE ] array (
  'type' => 'module',
  'module' => 
  array (
    0 => 'uploads',
    1 => 'common',
    2 => '1519205417.jpg',
  ),
)
[ info ] [ HEADER ] array (
  'host' => 'admin.ewei.com',
  'connection' => 'keep-alive',
  'user-agent' => 'Mozilla/5.0 (Windows NT 10.0; WOW64) AppleWebKit/537.36 (KHTML, like Gecko) Chrome/53.0.2785.104 Safari/537.36 Core/1.53.4549.400 QQBrowser/9.7.12900.400',
  'accept' => 'image/webp,image/*,*/*;q=0.8',
  'referer' => 'http://admin.ewei.com/admin/index/index.html',
  'accept-encoding' => 'gzip, deflate, sdch',
  'accept-language' => 'zh-CN,zh;q=0.8',
  'cookie' => 'UM_distinctid=1615a67d1fa91-07528a454624f2-7e107977-1fa400-1615a67d1fb273; OUTFOX_SEARCH_USER_ID_NCOO=2042612758.9405384; PHPSESSID=it4otn4ci0gdo3eekr0bnd1rj5; CNZZDATA1272387699=644497730-1517640208-null%7C1520964176',
)
[ info ] [ PARAM ] array (
)
[ info ] [ LOG ] INIT File
