---------------------------------------------------------------
[2018-05-03T11:25:51+08:00] 127.0.0.1 127.0.0.1 GET /uploads/common/1520992324.jpg
[ info ] admin.ewei.com/uploads/common/1520992324.jpg [运行时间：0.294530s][吞吐率：3.40req/s] [内存消耗：1,472.66kb] [文件加载：37]
[ info ] [ BEHAVIOR ] Run app\api\behavior\CORS @app_init [ RunTime:0.001137s ]
[ info ] [ LANG ] D:\work\phpstudy\WWW\myjob\ewei_admin\admin_pro\thinkphp\lang\zh-cn.php
[ info ] [ ROUTE ] array (
  'type' => 'module',
  'module' => 
  array (
    0 => 'uploads',
    1 => 'common',
    2 => '1520992324.jpg',
  ),
)
[ info ] [ HEADER ] array (
  'host' => 'admin.ewei.com',
  'connection' => 'keep-alive',
  'user-agent' => 'Mozilla/5.0 (Windows NT 10.0; WOW64) AppleWebKit/537.36 (KHTML, like Gecko) Chrome/53.0.2785.104 Safari/537.36 Core/1.53.4549.400 QQBrowser/9.7.12900.400',
  'accept' => 'image/webp,image/*,*/*;q=0.8',
  'referer' => 'http://admin.ewei.com/admin/shop_info/index.html?type=index&id=1',
  'accept-encoding' => 'gzip, deflate, sdch',
  'accept-language' => 'zh-CN,zh;q=0.8',
  'cookie' => 'OUTFOX_SEARCH_USER_ID_NCOO=433128006.86589545; pgv_pvi=3481007104; Hm_lvt_21b27145da0487d1e9f52a8e5576e564=1523347871,1523952969,1524153867; PHPSESSID=f08k3b33jomvud52mtgqlfd8u2',
)
[ info ] [ PARAM ] array (
)
[ info ] [ LOG ] INIT File
