---------------------------------------------------------------
[2018-05-24T14:35:47+08:00] 127.0.0.1 127.0.0.1 GET /uploads/common/1524153538.jpg
[ info ] admin.ewei.com/uploads/common/1524153538.jpg [运行时间：0.327424s][吞吐率：3.05req/s] [内存消耗：1,477.23kb] [文件加载：37]
[ info ] [ BEHAVIOR ] Run app\api\behavior\CORS @app_init [ RunTime:0.001856s ]
[ info ] [ LANG ] D:\work\phpstudy\WWW\myjob\ewei_admin\admin_pro\thinkphp\lang\zh-cn.php
[ info ] [ ROUTE ] array (
  'type' => 'module',
  'module' => 
  array (
    0 => 'uploads',
    1 => 'common',
    2 => '1524153538.jpg',
  ),
)
[ info ] [ HEADER ] array (
  'host' => 'admin.ewei.com',
  'connection' => 'keep-alive',
  'user-agent' => 'Mozilla/5.0 (Windows NT 10.0; WOW64) AppleWebKit/537.36 (KHTML, like Gecko) Chrome/53.0.2785.104 Safari/537.36 Core/1.53.4549.400 QQBrowser/9.7.12900.400',
  'accept' => 'image/webp,image/*,*/*;q=0.8',
  'referer' => 'http://admin.ewei.com/',
  'accept-encoding' => 'gzip, deflate, sdch',
  'accept-language' => 'zh-CN,zh;q=0.8',
  'cookie' => 'OUTFOX_SEARCH_USER_ID_NCOO=433128006.86589545; pgv_pvi=3481007104; Hm_lvt_21b27145da0487d1e9f52a8e5576e564=1523347871,1523952969,1524153867; Hm_lvt_5cc5f097ee4458cfff8ebe791a436dab=1526457066; PHPSESSID=n2fhk9isnstrmbenriegiuvl37',
)
[ info ] [ PARAM ] array (
)
[ info ] [ LOG ] INIT File
---------------------------------------------------------------
[2018-05-24T14:35:47+08:00] 127.0.0.1 127.0.0.1 GET /uploads/common/1524153538.jpg
[ info ] admin.ewei.com/uploads/common/1524153538.jpg [运行时间：0.047081s][吞吐率：21.24req/s] [内存消耗：1,477.23kb] [文件加载：37]
[ info ] [ BEHAVIOR ] Run app\api\behavior\CORS @app_init [ RunTime:0.001059s ]
[ info ] [ LANG ] D:\work\phpstudy\WWW\myjob\ewei_admin\admin_pro\thinkphp\lang\zh-cn.php
[ info ] [ ROUTE ] array (
  'type' => 'module',
  'module' => 
  array (
    0 => 'uploads',
    1 => 'common',
    2 => '1524153538.jpg',
  ),
)
[ info ] [ HEADER ] array (
  'host' => 'admin.ewei.com',
  'connection' => 'keep-alive',
  'user-agent' => 'Mozilla/5.0 (Windows NT 10.0; WOW64) AppleWebKit/537.36 (KHTML, like Gecko) Chrome/53.0.2785.104 Safari/537.36 Core/1.53.4549.400 QQBrowser/9.7.12900.400',
  'accept' => 'image/webp,image/*,*/*;q=0.8',
  'referer' => 'http://admin.ewei.com/',
  'accept-encoding' => 'gzip, deflate, sdch',
  'accept-language' => 'zh-CN,zh;q=0.8',
  'cookie' => 'OUTFOX_SEARCH_USER_ID_NCOO=433128006.86589545; pgv_pvi=3481007104; Hm_lvt_21b27145da0487d1e9f52a8e5576e564=1523347871,1523952969,1524153867; Hm_lvt_5cc5f097ee4458cfff8ebe791a436dab=1526457066; PHPSESSID=n2fhk9isnstrmbenriegiuvl37',
)
[ info ] [ PARAM ] array (
)
[ info ] [ LOG ] INIT File
