---------------------------------------------------------------
[2018-04-01T00:23:27+08:00] 127.0.0.1 127.0.0.1 GET /admin/order/index/type/export.html?
[ info ] admin.ewei.com/admin/order/index/type/export.html? [运行时间：3.431102s][吞吐率：0.29req/s] [内存消耗：7,079.28kb] [文件加载：118]
[ info ] [ BEHAVIOR ] Run app\api\behavior\CORS @app_init [ RunTime:0.002287s ]
[ info ] [ LANG ] D:\work\phpstudy\WWW\myjob\ewei_admin\admin_pro\thinkphp\lang\zh-cn.php
[ info ] [ ROUTE ] array (
  'type' => 'module',
  'module' => 
  array (
    0 => 'admin',
    1 => 'order',
    2 => 'index',
  ),
)
[ info ] [ HEADER ] array (
  'host' => 'admin.ewei.com',
  'connection' => 'keep-alive',
  'upgrade-insecure-requests' => '1',
  'user-agent' => 'Mozilla/5.0 (Windows NT 10.0; WOW64) AppleWebKit/537.36 (KHTML, like Gecko) Chrome/53.0.2785.104 Safari/537.36 Core/1.53.4549.400 QQBrowser/9.7.12900.400',
  'accept' => 'text/html,application/xhtml+xml,application/xml;q=0.9,image/webp,*/*;q=0.8',
  'referer' => 'http://admin.ewei.com/admin/order/index.html',
  'accept-encoding' => 'gzip, deflate, sdch',
  'accept-language' => 'zh-CN,zh;q=0.8',
  'cookie' => 'OUTFOX_SEARCH_USER_ID_NCOO=433128006.86589545; PHPSESSID=a801skkanjvb0d9l1nha59iid1',
)
[ info ] [ PARAM ] array (
  'type' => 'export',
)
[ info ] [ SESSION ] INIT array (
  'id' => '',
  'var_session_id' => '',
  'prefix' => 'think',
  'type' => '',
  'auto_start' => true,
)
[ info ] [ DB ] INIT mysql
[ info ] [ RUN ] app\admin\controller\Order->index[ D:\work\phpstudy\WWW\myjob\ewei_admin\admin_pro\application\admin\controller\Order.php ]
[ info ] [ LOG ] INIT File
---------------------------------------------------------------
[2018-04-01T20:02:41+08:00] 127.0.0.1 127.0.0.1 GET /admin/order/index/type/export.html?
[ info ] admin.ewei.com/admin/order/index/type/export.html? [运行时间：2.686318s][吞吐率：0.37req/s] [内存消耗：7,082.51kb] [文件加载：118]
[ info ] [ BEHAVIOR ] Run app\api\behavior\CORS @app_init [ RunTime:0.000427s ]
[ info ] [ LANG ] D:\work\phpstudy\WWW\myjob\ewei_admin\admin_pro\thinkphp\lang\zh-cn.php
[ info ] [ ROUTE ] array (
  'type' => 'module',
  'module' => 
  array (
    0 => 'admin',
    1 => 'order',
    2 => 'index',
  ),
)
[ info ] [ HEADER ] array (
  'host' => 'admin.ewei.com',
  'connection' => 'keep-alive',
  'upgrade-insecure-requests' => '1',
  'user-agent' => 'Mozilla/5.0 (Windows NT 10.0; WOW64) AppleWebKit/537.36 (KHTML, like Gecko) Chrome/53.0.2785.104 Safari/537.36 Core/1.53.4549.400 QQBrowser/9.7.12900.400',
  'accept' => 'text/html,application/xhtml+xml,application/xml;q=0.9,image/webp,*/*;q=0.8',
  'referer' => 'http://admin.ewei.com/admin/order/index.html',
  'accept-encoding' => 'gzip, deflate, sdch',
  'accept-language' => 'zh-CN,zh;q=0.8',
  'cookie' => 'OUTFOX_SEARCH_USER_ID_NCOO=433128006.86589545; PHPSESSID=a801skkanjvb0d9l1nha59iid1',
)
[ info ] [ PARAM ] array (
  'type' => 'export',
)
[ info ] [ SESSION ] INIT array (
  'id' => '',
  'var_session_id' => '',
  'prefix' => 'think',
  'type' => '',
  'auto_start' => true,
)
[ info ] [ DB ] INIT mysql
[ info ] [ RUN ] app\admin\controller\Order->index[ D:\work\phpstudy\WWW\myjob\ewei_admin\admin_pro\application\admin\controller\Order.php ]
[ info ] [ LOG ] INIT File
---------------------------------------------------------------
[2018-04-01T20:03:26+08:00] 127.0.0.1 127.0.0.1 GET /admin/order/index/type/export.html?
[ info ] admin.ewei.com/admin/order/index/type/export.html? [运行时间：0.407918s][吞吐率：2.45req/s] [内存消耗：3,322.42kb] [文件加载：60]
[ info ] [ BEHAVIOR ] Run app\api\behavior\CORS @app_init [ RunTime:0.003108s ]
[ info ] [ LANG ] D:\work\phpstudy\WWW\myjob\ewei_admin\admin_pro\thinkphp\lang\zh-cn.php
[ info ] [ ROUTE ] array (
  'type' => 'module',
  'module' => 
  array (
    0 => 'admin',
    1 => 'order',
    2 => 'index',
  ),
)
[ info ] [ HEADER ] array (
  'host' => 'admin.ewei.com',
  'connection' => 'keep-alive',
  'upgrade-insecure-requests' => '1',
  'user-agent' => 'Mozilla/5.0 (Windows NT 10.0; WOW64) AppleWebKit/537.36 (KHTML, like Gecko) Chrome/53.0.2785.104 Safari/537.36 Core/1.53.4549.400 QQBrowser/9.7.12900.400',
  'accept' => 'text/html,application/xhtml+xml,application/xml;q=0.9,image/webp,*/*;q=0.8',
  'referer' => 'http://admin.ewei.com/admin/order/index.html',
  'accept-encoding' => 'gzip, deflate, sdch',
  'accept-language' => 'zh-CN,zh;q=0.8',
  'cookie' => 'OUTFOX_SEARCH_USER_ID_NCOO=433128006.86589545; PHPSESSID=a801skkanjvb0d9l1nha59iid1',
)
[ info ] [ PARAM ] array (
  'type' => 'export',
)
[ info ] [ SESSION ] INIT array (
  'id' => '',
  'var_session_id' => '',
  'prefix' => 'think',
  'type' => '',
  'auto_start' => true,
)
[ info ] [ DB ] INIT mysql
[ info ] [ RUN ] app\admin\controller\Order->index[ D:\work\phpstudy\WWW\myjob\ewei_admin\admin_pro\application\admin\controller\Order.php ]
[ info ] [ LOG ] INIT File
---------------------------------------------------------------
[2018-04-01T20:07:11+08:00] 127.0.0.1 127.0.0.1 GET /admin/order/index/type/export.html?
[ info ] admin.ewei.com/admin/order/index/type/export.html? [运行时间：0.642427s][吞吐率：1.56req/s] [内存消耗：7,230.64kb] [文件加载：120]
[ info ] [ BEHAVIOR ] Run app\api\behavior\CORS @app_init [ RunTime:0.001992s ]
[ info ] [ LANG ] D:\work\phpstudy\WWW\myjob\ewei_admin\admin_pro\thinkphp\lang\zh-cn.php
[ info ] [ ROUTE ] array (
  'type' => 'module',
  'module' => 
  array (
    0 => 'admin',
    1 => 'order',
    2 => 'index',
  ),
)
[ info ] [ HEADER ] array (
  'host' => 'admin.ewei.com',
  'connection' => 'keep-alive',
  'upgrade-insecure-requests' => '1',
  'user-agent' => 'Mozilla/5.0 (Windows NT 10.0; WOW64) AppleWebKit/537.36 (KHTML, like Gecko) Chrome/53.0.2785.104 Safari/537.36 Core/1.53.4549.400 QQBrowser/9.7.12900.400',
  'accept' => 'text/html,application/xhtml+xml,application/xml;q=0.9,image/webp,*/*;q=0.8',
  'referer' => 'http://admin.ewei.com/admin/order/index.html',
  'accept-encoding' => 'gzip, deflate, sdch',
  'accept-language' => 'zh-CN,zh;q=0.8',
  'cookie' => 'OUTFOX_SEARCH_USER_ID_NCOO=433128006.86589545; PHPSESSID=a801skkanjvb0d9l1nha59iid1',
)
[ info ] [ PARAM ] array (
  'type' => 'export',
)
[ info ] [ SESSION ] INIT array (
  'id' => '',
  'var_session_id' => '',
  'prefix' => 'think',
  'type' => '',
  'auto_start' => true,
)
[ info ] [ DB ] INIT mysql
[ info ] [ RUN ] app\admin\controller\Order->index[ D:\work\phpstudy\WWW\myjob\ewei_admin\admin_pro\application\admin\controller\Order.php ]
[ info ] [ LOG ] INIT File
---------------------------------------------------------------
[2018-04-01T20:09:09+08:00] 127.0.0.1 127.0.0.1 GET /admin/order/index/type/export.html?
[ info ] admin.ewei.com/admin/order/index/type/export.html? [运行时间：0.493099s][吞吐率：2.03req/s] [内存消耗：7,231.75kb] [文件加载：120]
[ info ] [ BEHAVIOR ] Run app\api\behavior\CORS @app_init [ RunTime:0.001740s ]
[ info ] [ LANG ] D:\work\phpstudy\WWW\myjob\ewei_admin\admin_pro\thinkphp\lang\zh-cn.php
[ info ] [ ROUTE ] array (
  'type' => 'module',
  'module' => 
  array (
    0 => 'admin',
    1 => 'order',
    2 => 'index',
  ),
)
[ info ] [ HEADER ] array (
  'host' => 'admin.ewei.com',
  'connection' => 'keep-alive',
  'upgrade-insecure-requests' => '1',
  'user-agent' => 'Mozilla/5.0 (Windows NT 10.0; WOW64) AppleWebKit/537.36 (KHTML, like Gecko) Chrome/53.0.2785.104 Safari/537.36 Core/1.53.4549.400 QQBrowser/9.7.12900.400',
  'accept' => 'text/html,application/xhtml+xml,application/xml;q=0.9,image/webp,*/*;q=0.8',
  'referer' => 'http://admin.ewei.com/admin/order/index.html',
  'accept-encoding' => 'gzip, deflate, sdch',
  'accept-language' => 'zh-CN,zh;q=0.8',
  'cookie' => 'OUTFOX_SEARCH_USER_ID_NCOO=433128006.86589545; PHPSESSID=a801skkanjvb0d9l1nha59iid1',
)
[ info ] [ PARAM ] array (
  'type' => 'export',
)
[ info ] [ SESSION ] INIT array (
  'id' => '',
  'var_session_id' => '',
  'prefix' => 'think',
  'type' => '',
  'auto_start' => true,
)
[ info ] [ DB ] INIT mysql
[ info ] [ RUN ] app\admin\controller\Order->index[ D:\work\phpstudy\WWW\myjob\ewei_admin\admin_pro\application\admin\controller\Order.php ]
[ info ] [ LOG ] INIT File
---------------------------------------------------------------
[2018-04-01T20:09:50+08:00] 127.0.0.1 127.0.0.1 GET /admin/order/index/type/export.html?
[ info ] admin.ewei.com/admin/order/index/type/export.html? [运行时间：0.467767s][吞吐率：2.14req/s] [内存消耗：7,076.71kb] [文件加载：118]
[ info ] [ BEHAVIOR ] Run app\api\behavior\CORS @app_init [ RunTime:0.001724s ]
[ info ] [ LANG ] D:\work\phpstudy\WWW\myjob\ewei_admin\admin_pro\thinkphp\lang\zh-cn.php
[ info ] [ ROUTE ] array (
  'type' => 'module',
  'module' => 
  array (
    0 => 'admin',
    1 => 'order',
    2 => 'index',
  ),
)
[ info ] [ HEADER ] array (
  'host' => 'admin.ewei.com',
  'connection' => 'keep-alive',
  'upgrade-insecure-requests' => '1',
  'user-agent' => 'Mozilla/5.0 (Windows NT 10.0; WOW64) AppleWebKit/537.36 (KHTML, like Gecko) Chrome/53.0.2785.104 Safari/537.36 Core/1.53.4549.400 QQBrowser/9.7.12900.400',
  'accept' => 'text/html,application/xhtml+xml,application/xml;q=0.9,image/webp,*/*;q=0.8',
  'referer' => 'http://admin.ewei.com/admin/order/index.html',
  'accept-encoding' => 'gzip, deflate, sdch',
  'accept-language' => 'zh-CN,zh;q=0.8',
  'cookie' => 'OUTFOX_SEARCH_USER_ID_NCOO=433128006.86589545; PHPSESSID=a801skkanjvb0d9l1nha59iid1',
)
[ info ] [ PARAM ] array (
  'type' => 'export',
)
[ info ] [ SESSION ] INIT array (
  'id' => '',
  'var_session_id' => '',
  'prefix' => 'think',
  'type' => '',
  'auto_start' => true,
)
[ info ] [ DB ] INIT mysql
[ info ] [ RUN ] app\admin\controller\Order->index[ D:\work\phpstudy\WWW\myjob\ewei_admin\admin_pro\application\admin\controller\Order.php ]
[ info ] [ LOG ] INIT File
---------------------------------------------------------------
[2018-04-01T20:15:26+08:00] 127.0.0.1 127.0.0.1 GET /admin/order/index/type/export.html?
[ info ] admin.ewei.com/admin/order/index/type/export.html? [运行时间：0.319658s][吞吐率：3.13req/s] [内存消耗：3,322.52kb] [文件加载：60]
[ info ] [ BEHAVIOR ] Run app\api\behavior\CORS @app_init [ RunTime:0.001974s ]
[ info ] [ LANG ] D:\work\phpstudy\WWW\myjob\ewei_admin\admin_pro\thinkphp\lang\zh-cn.php
[ info ] [ ROUTE ] array (
  'type' => 'module',
  'module' => 
  array (
    0 => 'admin',
    1 => 'order',
    2 => 'index',
  ),
)
[ info ] [ HEADER ] array (
  'host' => 'admin.ewei.com',
  'connection' => 'keep-alive',
  'upgrade-insecure-requests' => '1',
  'user-agent' => 'Mozilla/5.0 (Windows NT 10.0; WOW64) AppleWebKit/537.36 (KHTML, like Gecko) Chrome/53.0.2785.104 Safari/537.36 Core/1.53.4549.400 QQBrowser/9.7.12900.400',
  'accept' => 'text/html,application/xhtml+xml,application/xml;q=0.9,image/webp,*/*;q=0.8',
  'referer' => 'http://admin.ewei.com/admin/order/index.html',
  'accept-encoding' => 'gzip, deflate, sdch',
  'accept-language' => 'zh-CN,zh;q=0.8',
  'cookie' => 'OUTFOX_SEARCH_USER_ID_NCOO=433128006.86589545; PHPSESSID=a801skkanjvb0d9l1nha59iid1',
)
[ info ] [ PARAM ] array (
  'type' => 'export',
)
[ info ] [ SESSION ] INIT array (
  'id' => '',
  'var_session_id' => '',
  'prefix' => 'think',
  'type' => '',
  'auto_start' => true,
)
[ info ] [ DB ] INIT mysql
[ info ] [ RUN ] app\admin\controller\Order->index[ D:\work\phpstudy\WWW\myjob\ewei_admin\admin_pro\application\admin\controller\Order.php ]
[ info ] [ LOG ] INIT File
