---------------------------------------------------------------
[2018-04-09T10:45:28+08:00] 127.0.0.1 127.0.0.1 GET /uploads/goods_brand/1520144045.png
[ info ] admin.ewei.com/uploads/goods_brand/1520144045.png [运行时间：0.292724s][吞吐率：3.42req/s] [内存消耗：1,456.01kb] [文件加载：37]
[ info ] [ BEHAVIOR ] Run app\api\behavior\CORS @app_init [ RunTime:0.001016s ]
[ info ] [ LANG ] D:\work\phpstudy\WWW\myjob\ewei_admin\admin_pro\thinkphp\lang\zh-cn.php
[ info ] [ ROUTE ] array (
  'type' => 'module',
  'module' => 
  array (
    0 => 'uploads',
    1 => 'goods_brand',
    2 => '1520144045.png',
  ),
)
[ info ] [ HEADER ] array (
  'host' => 'admin.ewei.com',
  'connection' => 'keep-alive',
  'user-agent' => 'Mozilla/5.0 (Windows NT 10.0; WOW64) AppleWebKit/537.36 (KHTML, like Gecko) Chrome/53.0.2785.104 Safari/537.36 Core/1.53.4549.400 QQBrowser/9.7.12900.400',
  'accept' => 'image/webp,image/*,*/*;q=0.8',
  'referer' => 'http://admin.ewei.com/admin/goods/index.html',
  'accept-encoding' => 'gzip, deflate, sdch',
  'accept-language' => 'zh-CN,zh;q=0.8',
  'cookie' => 'OUTFOX_SEARCH_USER_ID_NCOO=433128006.86589545; pgv_pvi=3481007104; PHPSESSID=o7eu4t5ibi8kgoq9f4o5sn54u3',
)
[ info ] [ PARAM ] array (
)
[ info ] [ LOG ] INIT File
---------------------------------------------------------------
[2018-04-09T10:45:28+08:00] 127.0.0.1 127.0.0.1 GET /uploads/goods_brand/1520265545.png
[ info ] admin.ewei.com/uploads/goods_brand/1520265545.png [运行时间：0.296851s][吞吐率：3.37req/s] [内存消耗：1,456.03kb] [文件加载：37]
[ info ] [ BEHAVIOR ] Run app\api\behavior\CORS @app_init [ RunTime:0.000619s ]
[ info ] [ LANG ] D:\work\phpstudy\WWW\myjob\ewei_admin\admin_pro\thinkphp\lang\zh-cn.php
[ info ] [ ROUTE ] array (
  'type' => 'module',
  'module' => 
  array (
    0 => 'uploads',
    1 => 'goods_brand',
    2 => '1520265545.png',
  ),
)
[ info ] [ HEADER ] array (
  'host' => 'admin.ewei.com',
  'connection' => 'keep-alive',
  'user-agent' => 'Mozilla/5.0 (Windows NT 10.0; WOW64) AppleWebKit/537.36 (KHTML, like Gecko) Chrome/53.0.2785.104 Safari/537.36 Core/1.53.4549.400 QQBrowser/9.7.12900.400',
  'accept' => 'image/webp,image/*,*/*;q=0.8',
  'referer' => 'http://admin.ewei.com/admin/goods/index.html',
  'accept-encoding' => 'gzip, deflate, sdch',
  'accept-language' => 'zh-CN,zh;q=0.8',
  'cookie' => 'OUTFOX_SEARCH_USER_ID_NCOO=433128006.86589545; pgv_pvi=3481007104; PHPSESSID=o7eu4t5ibi8kgoq9f4o5sn54u3',
)
[ info ] [ PARAM ] array (
)
[ info ] [ LOG ] INIT File
---------------------------------------------------------------
[2018-04-09T10:45:31+08:00] 127.0.0.1 127.0.0.1 GET /uploads/goods_brand/1520265545.png
[ info ] admin.ewei.com/uploads/goods_brand/1520265545.png [运行时间：0.038090s][吞吐率：26.25req/s] [内存消耗：1,455.98kb] [文件加载：37]
[ info ] [ BEHAVIOR ] Run app\api\behavior\CORS @app_init [ RunTime:0.000389s ]
[ info ] [ LANG ] D:\work\phpstudy\WWW\myjob\ewei_admin\admin_pro\thinkphp\lang\zh-cn.php
[ info ] [ ROUTE ] array (
  'type' => 'module',
  'module' => 
  array (
    0 => 'uploads',
    1 => 'goods_brand',
    2 => '1520265545.png',
  ),
)
[ info ] [ HEADER ] array (
  'host' => 'admin.ewei.com',
  'connection' => 'keep-alive',
  'user-agent' => 'Mozilla/5.0 (Windows NT 10.0; WOW64) AppleWebKit/537.36 (KHTML, like Gecko) Chrome/53.0.2785.104 Safari/537.36 Core/1.53.4549.400 QQBrowser/9.7.12900.400',
  'accept' => 'image/webp,image/*,*/*;q=0.8',
  'referer' => 'http://admin.ewei.com/admin/goods/edit/id/43.html',
  'accept-encoding' => 'gzip, deflate, sdch',
  'accept-language' => 'zh-CN,zh;q=0.8',
  'cookie' => 'OUTFOX_SEARCH_USER_ID_NCOO=433128006.86589545; pgv_pvi=3481007104; PHPSESSID=o7eu4t5ibi8kgoq9f4o5sn54u3',
)
[ info ] [ PARAM ] array (
)
[ info ] [ LOG ] INIT File
---------------------------------------------------------------
[2018-04-09T11:46:19+08:00] 127.0.0.1 127.0.0.1 GET /uploads/goods_brand/1520265545.png
[ info ] admin.ewei.com/uploads/goods_brand/1520265545.png [运行时间：0.061324s][吞吐率：16.31req/s] [内存消耗：1,456.16kb] [文件加载：37]
[ info ] [ BEHAVIOR ] Run app\api\behavior\CORS @app_init [ RunTime:0.000577s ]
[ info ] [ LANG ] D:\work\phpstudy\WWW\myjob\ewei_admin\admin_pro\thinkphp\lang\zh-cn.php
[ info ] [ ROUTE ] array (
  'type' => 'module',
  'module' => 
  array (
    0 => 'uploads',
    1 => 'goods_brand',
    2 => '1520265545.png',
  ),
)
[ info ] [ HEADER ] array (
  'host' => 'admin.ewei.com',
  'connection' => 'keep-alive',
  'user-agent' => 'Mozilla/5.0 (Windows NT 10.0; WOW64) AppleWebKit/537.36 (KHTML, like Gecko) Chrome/53.0.2785.104 Safari/537.36 Core/1.53.4549.400 QQBrowser/9.7.12900.400',
  'accept' => 'image/webp,image/*,*/*;q=0.8',
  'referer' => 'http://admin.ewei.com/admin/goods/index.html',
  'accept-encoding' => 'gzip, deflate, sdch',
  'accept-language' => 'zh-CN,zh;q=0.8',
  'cookie' => 'OUTFOX_SEARCH_USER_ID_NCOO=433128006.86589545; pgv_pvi=3481007104; PHPSESSID=o7eu4t5ibi8kgoq9f4o5sn54u3',
)
[ info ] [ PARAM ] array (
)
[ info ] [ LOG ] INIT File
---------------------------------------------------------------
[2018-04-09T11:46:19+08:00] 127.0.0.1 127.0.0.1 GET /uploads/goods_brand/1520144045.png
[ info ] admin.ewei.com/uploads/goods_brand/1520144045.png [运行时间：0.066236s][吞吐率：15.10req/s] [内存消耗：1,456.16kb] [文件加载：37]
[ info ] [ BEHAVIOR ] Run app\api\behavior\CORS @app_init [ RunTime:0.001626s ]
[ info ] [ LANG ] D:\work\phpstudy\WWW\myjob\ewei_admin\admin_pro\thinkphp\lang\zh-cn.php
[ info ] [ ROUTE ] array (
  'type' => 'module',
  'module' => 
  array (
    0 => 'uploads',
    1 => 'goods_brand',
    2 => '1520144045.png',
  ),
)
[ info ] [ HEADER ] array (
  'host' => 'admin.ewei.com',
  'connection' => 'keep-alive',
  'user-agent' => 'Mozilla/5.0 (Windows NT 10.0; WOW64) AppleWebKit/537.36 (KHTML, like Gecko) Chrome/53.0.2785.104 Safari/537.36 Core/1.53.4549.400 QQBrowser/9.7.12900.400',
  'accept' => 'image/webp,image/*,*/*;q=0.8',
  'referer' => 'http://admin.ewei.com/admin/goods/index.html',
  'accept-encoding' => 'gzip, deflate, sdch',
  'accept-language' => 'zh-CN,zh;q=0.8',
  'cookie' => 'OUTFOX_SEARCH_USER_ID_NCOO=433128006.86589545; pgv_pvi=3481007104; PHPSESSID=o7eu4t5ibi8kgoq9f4o5sn54u3',
)
[ info ] [ PARAM ] array (
)
[ info ] [ LOG ] INIT File
---------------------------------------------------------------
[2018-04-09T11:46:22+08:00] 127.0.0.1 127.0.0.1 GET /uploads/goods_brand/1520265545.png
[ info ] admin.ewei.com/uploads/goods_brand/1520265545.png [运行时间：0.055775s][吞吐率：17.93req/s] [内存消耗：1,456.09kb] [文件加载：37]
[ info ] [ BEHAVIOR ] Run app\api\behavior\CORS @app_init [ RunTime:0.000552s ]
[ info ] [ LANG ] D:\work\phpstudy\WWW\myjob\ewei_admin\admin_pro\thinkphp\lang\zh-cn.php
[ info ] [ ROUTE ] array (
  'type' => 'module',
  'module' => 
  array (
    0 => 'uploads',
    1 => 'goods_brand',
    2 => '1520265545.png',
  ),
)
[ info ] [ HEADER ] array (
  'host' => 'admin.ewei.com',
  'connection' => 'keep-alive',
  'user-agent' => 'Mozilla/5.0 (Windows NT 10.0; WOW64) AppleWebKit/537.36 (KHTML, like Gecko) Chrome/53.0.2785.104 Safari/537.36 Core/1.53.4549.400 QQBrowser/9.7.12900.400',
  'accept' => 'image/webp,image/*,*/*;q=0.8',
  'referer' => 'http://admin.ewei.com/admin/goods/edit/id/43.html',
  'accept-encoding' => 'gzip, deflate, sdch',
  'accept-language' => 'zh-CN,zh;q=0.8',
  'cookie' => 'OUTFOX_SEARCH_USER_ID_NCOO=433128006.86589545; pgv_pvi=3481007104; PHPSESSID=o7eu4t5ibi8kgoq9f4o5sn54u3',
)
[ info ] [ PARAM ] array (
)
[ info ] [ LOG ] INIT File
---------------------------------------------------------------
[2018-04-09T14:44:36+08:00] 127.0.0.1 127.0.0.1 POST /admin/prize/index.html
[ info ] admin.ewei.com/admin/prize/index.html [运行时间：0.373998s][吞吐率：2.67req/s] [内存消耗：3,046.19kb] [文件加载：57]
[ info ] [ BEHAVIOR ] Run app\api\behavior\CORS @app_init [ RunTime:0.000398s ]
[ info ] [ LANG ] D:\work\phpstudy\WWW\myjob\ewei_admin\admin_pro\thinkphp\lang\zh-cn.php
[ info ] [ ROUTE ] array (
  'type' => 'module',
  'module' => 
  array (
    0 => 'admin',
    1 => 'prize',
    2 => 'index',
  ),
)
[ info ] [ HEADER ] array (
  'host' => 'admin.ewei.com',
  'connection' => 'keep-alive',
  'content-length' => '151',
  'accept' => '*/*',
  'origin' => 'http://admin.ewei.com',
  'x-requested-with' => 'XMLHttpRequest',
  'user-agent' => 'Mozilla/5.0 (Windows NT 10.0; WOW64) AppleWebKit/537.36 (KHTML, like Gecko) Chrome/53.0.2785.104 Safari/537.36 Core/1.53.4549.400 QQBrowser/9.7.12900.400',
  'content-type' => 'application/x-www-form-urlencoded; charset=UTF-8',
  'referer' => 'http://admin.ewei.com/admin/prize/index.html',
  'accept-encoding' => 'gzip, deflate',
  'accept-language' => 'zh-CN,zh;q=0.8',
  'cookie' => 'OUTFOX_SEARCH_USER_ID_NCOO=433128006.86589545; pgv_pvi=3481007104; PHPSESSID=o7eu4t5ibi8kgoq9f4o5sn54u3',
)
[ info ] [ PARAM ] array (
  'integral' => '0',
  'photo' => 
  array (
    0 => '/uploads/common/1521633232.png',
    1 => '/uploads/common/1521633122.png',
  ),
  'editorValue' => '<p><br/></p>',
)
[ info ] [ SESSION ] INIT array (
  'id' => '',
  'var_session_id' => '',
  'prefix' => 'think',
  'type' => '',
  'auto_start' => true,
)
[ info ] [ DB ] INIT mysql
[ info ] [ RUN ] app\admin\controller\Prize->index[ D:\work\phpstudy\WWW\myjob\ewei_admin\admin_pro\application\admin\controller\Prize.php ]
[ info ] [ LOG ] INIT File
---------------------------------------------------------------
[2018-04-09T14:44:42+08:00] 127.0.0.1 127.0.0.1 POST /admin/prize/index.html
[ info ] admin.ewei.com/admin/prize/index.html [运行时间：0.271538s][吞吐率：3.68req/s] [内存消耗：3,046.19kb] [文件加载：57]
[ info ] [ BEHAVIOR ] Run app\api\behavior\CORS @app_init [ RunTime:0.000397s ]
[ info ] [ LANG ] D:\work\phpstudy\WWW\myjob\ewei_admin\admin_pro\thinkphp\lang\zh-cn.php
[ info ] [ ROUTE ] array (
  'type' => 'module',
  'module' => 
  array (
    0 => 'admin',
    1 => 'prize',
    2 => 'index',
  ),
)
[ info ] [ HEADER ] array (
  'host' => 'admin.ewei.com',
  'connection' => 'keep-alive',
  'content-length' => '151',
  'accept' => '*/*',
  'origin' => 'http://admin.ewei.com',
  'x-requested-with' => 'XMLHttpRequest',
  'user-agent' => 'Mozilla/5.0 (Windows NT 10.0; WOW64) AppleWebKit/537.36 (KHTML, like Gecko) Chrome/53.0.2785.104 Safari/537.36 Core/1.53.4549.400 QQBrowser/9.7.12900.400',
  'content-type' => 'application/x-www-form-urlencoded; charset=UTF-8',
  'referer' => 'http://admin.ewei.com/admin/prize/index.html',
  'accept-encoding' => 'gzip, deflate',
  'accept-language' => 'zh-CN,zh;q=0.8',
  'cookie' => 'OUTFOX_SEARCH_USER_ID_NCOO=433128006.86589545; pgv_pvi=3481007104; PHPSESSID=o7eu4t5ibi8kgoq9f4o5sn54u3',
)
[ info ] [ PARAM ] array (
  'integral' => '0',
  'photo' => 
  array (
    0 => '/uploads/common/1521633232.png',
    1 => '/uploads/common/1521633122.png',
  ),
  'editorValue' => '<p><br/></p>',
)
[ info ] [ SESSION ] INIT array (
  'id' => '',
  'var_session_id' => '',
  'prefix' => 'think',
  'type' => '',
  'auto_start' => true,
)
[ info ] [ DB ] INIT mysql
[ info ] [ RUN ] app\admin\controller\Prize->index[ D:\work\phpstudy\WWW\myjob\ewei_admin\admin_pro\application\admin\controller\Prize.php ]
[ info ] [ LOG ] INIT File
---------------------------------------------------------------
[2018-04-09T14:45:27+08:00] 127.0.0.1 127.0.0.1 POST /admin/prize/index.html
[ info ] admin.ewei.com/admin/prize/index.html [运行时间：0.258967s][吞吐率：3.86req/s] [内存消耗：2,971.91kb] [文件加载：51]
[ info ] [ BEHAVIOR ] Run app\api\behavior\CORS @app_init [ RunTime:0.000427s ]
[ info ] [ LANG ] D:\work\phpstudy\WWW\myjob\ewei_admin\admin_pro\thinkphp\lang\zh-cn.php
[ info ] [ ROUTE ] array (
  'type' => 'module',
  'module' => 
  array (
    0 => 'admin',
    1 => 'prize',
    2 => 'index',
  ),
)
[ info ] [ HEADER ] array (
  'host' => 'admin.ewei.com',
  'connection' => 'keep-alive',
  'content-length' => '151',
  'accept' => '*/*',
  'origin' => 'http://admin.ewei.com',
  'x-requested-with' => 'XMLHttpRequest',
  'user-agent' => 'Mozilla/5.0 (Windows NT 10.0; WOW64) AppleWebKit/537.36 (KHTML, like Gecko) Chrome/53.0.2785.104 Safari/537.36 Core/1.53.4549.400 QQBrowser/9.7.12900.400',
  'content-type' => 'application/x-www-form-urlencoded; charset=UTF-8',
  'referer' => 'http://admin.ewei.com/admin/prize/index.html',
  'accept-encoding' => 'gzip, deflate',
  'accept-language' => 'zh-CN,zh;q=0.8',
  'cookie' => 'OUTFOX_SEARCH_USER_ID_NCOO=433128006.86589545; pgv_pvi=3481007104; PHPSESSID=o7eu4t5ibi8kgoq9f4o5sn54u3',
)
[ info ] [ PARAM ] array (
  'integral' => '0',
  'photo' => 
  array (
    0 => '/uploads/common/1521633232.png',
    1 => '/uploads/common/1521633122.png',
  ),
  'editorValue' => '<p><br/></p>',
)
[ info ] [ SESSION ] INIT array (
  'id' => '',
  'var_session_id' => '',
  'prefix' => 'think',
  'type' => '',
  'auto_start' => true,
)
[ info ] [ DB ] INIT mysql
[ info ] [ RUN ] app\admin\controller\Prize->index[ D:\work\phpstudy\WWW\myjob\ewei_admin\admin_pro\application\admin\controller\Prize.php ]
[ info ] [ LOG ] INIT File
---------------------------------------------------------------
[2018-04-09T15:39:56+08:00] 127.0.0.1 127.0.0.1 POST /admin/prize/index.html
[ info ] admin.ewei.com/admin/prize/index.html [运行时间：0.320939s][吞吐率：3.12req/s] [内存消耗：3,046.62kb] [文件加载：57]
[ info ] [ BEHAVIOR ] Run app\api\behavior\CORS @app_init [ RunTime:0.000967s ]
[ info ] [ LANG ] D:\work\phpstudy\WWW\myjob\ewei_admin\admin_pro\thinkphp\lang\zh-cn.php
[ info ] [ ROUTE ] array (
  'type' => 'module',
  'module' => 
  array (
    0 => 'admin',
    1 => 'prize',
    2 => 'index',
  ),
)
[ info ] [ HEADER ] array (
  'host' => 'admin.ewei.com',
  'connection' => 'keep-alive',
  'content-length' => '151',
  'accept' => '*/*',
  'origin' => 'http://admin.ewei.com',
  'x-requested-with' => 'XMLHttpRequest',
  'user-agent' => 'Mozilla/5.0 (Windows NT 10.0; WOW64) AppleWebKit/537.36 (KHTML, like Gecko) Chrome/53.0.2785.104 Safari/537.36 Core/1.53.4549.400 QQBrowser/9.7.12900.400',
  'content-type' => 'application/x-www-form-urlencoded; charset=UTF-8',
  'referer' => 'http://admin.ewei.com/admin/prize/index.html',
  'accept-encoding' => 'gzip, deflate',
  'accept-language' => 'zh-CN,zh;q=0.8',
  'cookie' => 'OUTFOX_SEARCH_USER_ID_NCOO=433128006.86589545; pgv_pvi=3481007104; PHPSESSID=o7eu4t5ibi8kgoq9f4o5sn54u3',
)
[ info ] [ PARAM ] array (
  'integral' => '0',
  'photo' => 
  array (
    0 => '/uploads/common/1521633232.png',
    1 => '/uploads/common/1521633122.png',
  ),
  'editorValue' => '<p><br/></p>',
)
[ info ] [ SESSION ] INIT array (
  'id' => '',
  'var_session_id' => '',
  'prefix' => 'think',
  'type' => '',
  'auto_start' => true,
)
[ info ] [ DB ] INIT mysql
[ info ] [ RUN ] app\admin\controller\Prize->index[ D:\work\phpstudy\WWW\myjob\ewei_admin\admin_pro\application\admin\controller\Prize.php ]
[ info ] [ LOG ] INIT File
---------------------------------------------------------------
[2018-04-09T16:06:39+08:00] 127.0.0.1 127.0.0.1 POST /admin/prize/index.html
[ info ] admin.ewei.com/admin/prize/index.html [运行时间：0.278532s][吞吐率：3.59req/s] [内存消耗：3,047.20kb] [文件加载：57]
[ info ] [ BEHAVIOR ] Run app\api\behavior\CORS @app_init [ RunTime:0.000932s ]
[ info ] [ LANG ] D:\work\phpstudy\WWW\myjob\ewei_admin\admin_pro\thinkphp\lang\zh-cn.php
[ info ] [ ROUTE ] array (
  'type' => 'module',
  'module' => 
  array (
    0 => 'admin',
    1 => 'prize',
    2 => 'index',
  ),
)
[ info ] [ HEADER ] array (
  'host' => 'admin.ewei.com',
  'connection' => 'keep-alive',
  'content-length' => '151',
  'accept' => '*/*',
  'origin' => 'http://admin.ewei.com',
  'x-requested-with' => 'XMLHttpRequest',
  'user-agent' => 'Mozilla/5.0 (Windows NT 10.0; WOW64) AppleWebKit/537.36 (KHTML, like Gecko) Chrome/53.0.2785.104 Safari/537.36 Core/1.53.4549.400 QQBrowser/9.7.12900.400',
  'content-type' => 'application/x-www-form-urlencoded; charset=UTF-8',
  'referer' => 'http://admin.ewei.com/admin/prize/index.html',
  'accept-encoding' => 'gzip, deflate',
  'accept-language' => 'zh-CN,zh;q=0.8',
  'cookie' => 'OUTFOX_SEARCH_USER_ID_NCOO=433128006.86589545; pgv_pvi=3481007104; PHPSESSID=o7eu4t5ibi8kgoq9f4o5sn54u3',
)
[ info ] [ PARAM ] array (
  'integral' => '0',
  'photo' => 
  array (
    0 => '/uploads/common/1521633232.png',
    1 => '/uploads/common/1521633122.png',
  ),
  'editorValue' => '<p><br/></p>',
)
[ info ] [ SESSION ] INIT array (
  'id' => '',
  'var_session_id' => '',
  'prefix' => 'think',
  'type' => '',
  'auto_start' => true,
)
[ info ] [ DB ] INIT mysql
[ info ] [ RUN ] app\admin\controller\Prize->index[ D:\work\phpstudy\WWW\myjob\ewei_admin\admin_pro\application\admin\controller\Prize.php ]
[ info ] [ LOG ] INIT File
---------------------------------------------------------------
[2018-04-09T16:07:23+08:00] 127.0.0.1 127.0.0.1 POST /admin/prize/index.html
[ info ] admin.ewei.com/admin/prize/index.html [运行时间：0.249904s][吞吐率：4.00req/s] [内存消耗：2,973.23kb] [文件加载：51]
[ info ] [ BEHAVIOR ] Run app\api\behavior\CORS @app_init [ RunTime:0.000540s ]
[ info ] [ LANG ] D:\work\phpstudy\WWW\myjob\ewei_admin\admin_pro\thinkphp\lang\zh-cn.php
[ info ] [ ROUTE ] array (
  'type' => 'module',
  'module' => 
  array (
    0 => 'admin',
    1 => 'prize',
    2 => 'index',
  ),
)
[ info ] [ HEADER ] array (
  'host' => 'admin.ewei.com',
  'connection' => 'keep-alive',
  'content-length' => '151',
  'accept' => '*/*',
  'origin' => 'http://admin.ewei.com',
  'x-requested-with' => 'XMLHttpRequest',
  'user-agent' => 'Mozilla/5.0 (Windows NT 10.0; WOW64) AppleWebKit/537.36 (KHTML, like Gecko) Chrome/53.0.2785.104 Safari/537.36 Core/1.53.4549.400 QQBrowser/9.7.12900.400',
  'content-type' => 'application/x-www-form-urlencoded; charset=UTF-8',
  'referer' => 'http://admin.ewei.com/admin/prize/index.html',
  'accept-encoding' => 'gzip, deflate',
  'accept-language' => 'zh-CN,zh;q=0.8',
  'cookie' => 'OUTFOX_SEARCH_USER_ID_NCOO=433128006.86589545; pgv_pvi=3481007104; PHPSESSID=o7eu4t5ibi8kgoq9f4o5sn54u3',
)
[ info ] [ PARAM ] array (
  'integral' => '0',
  'photo' => 
  array (
    0 => '/uploads/common/1521633232.png',
    1 => '/uploads/common/1521633122.png',
  ),
  'editorValue' => '<p><br/></p>',
)
[ info ] [ SESSION ] INIT array (
  'id' => '',
  'var_session_id' => '',
  'prefix' => 'think',
  'type' => '',
  'auto_start' => true,
)
[ info ] [ DB ] INIT mysql
[ info ] [ RUN ] app\admin\controller\Prize->index[ D:\work\phpstudy\WWW\myjob\ewei_admin\admin_pro\application\admin\controller\Prize.php ]
[ info ] [ LOG ] INIT File
---------------------------------------------------------------
[2018-04-09T16:08:20+08:00] 127.0.0.1 127.0.0.1 POST /admin/prize/index.html
[ info ] admin.ewei.com/admin/prize/index.html [运行时间：0.308172s][吞吐率：3.24req/s] [内存消耗：2,973.32kb] [文件加载：51]
[ info ] [ BEHAVIOR ] Run app\api\behavior\CORS @app_init [ RunTime:0.000399s ]
[ info ] [ LANG ] D:\work\phpstudy\WWW\myjob\ewei_admin\admin_pro\thinkphp\lang\zh-cn.php
[ info ] [ ROUTE ] array (
  'type' => 'module',
  'module' => 
  array (
    0 => 'admin',
    1 => 'prize',
    2 => 'index',
  ),
)
[ info ] [ HEADER ] array (
  'host' => 'admin.ewei.com',
  'connection' => 'keep-alive',
  'content-length' => '151',
  'accept' => '*/*',
  'origin' => 'http://admin.ewei.com',
  'x-requested-with' => 'XMLHttpRequest',
  'user-agent' => 'Mozilla/5.0 (Windows NT 10.0; WOW64) AppleWebKit/537.36 (KHTML, like Gecko) Chrome/53.0.2785.104 Safari/537.36 Core/1.53.4549.400 QQBrowser/9.7.12900.400',
  'content-type' => 'application/x-www-form-urlencoded; charset=UTF-8',
  'referer' => 'http://admin.ewei.com/admin/prize/index.html',
  'accept-encoding' => 'gzip, deflate',
  'accept-language' => 'zh-CN,zh;q=0.8',
  'cookie' => 'OUTFOX_SEARCH_USER_ID_NCOO=433128006.86589545; pgv_pvi=3481007104; PHPSESSID=o7eu4t5ibi8kgoq9f4o5sn54u3',
)
[ info ] [ PARAM ] array (
  'integral' => '0',
  'photo' => 
  array (
    0 => '/uploads/common/1521633232.png',
    1 => '/uploads/common/1521633122.png',
  ),
  'editorValue' => '<p><br/></p>',
)
[ info ] [ SESSION ] INIT array (
  'id' => '',
  'var_session_id' => '',
  'prefix' => 'think',
  'type' => '',
  'auto_start' => true,
)
[ info ] [ DB ] INIT mysql
[ info ] [ RUN ] app\admin\controller\Prize->index[ D:\work\phpstudy\WWW\myjob\ewei_admin\admin_pro\application\admin\controller\Prize.php ]
[ info ] [ LOG ] INIT File
---------------------------------------------------------------
[2018-04-09T16:16:22+08:00] 127.0.0.1 127.0.0.1 GET /admin/prize/index.html
[ info ] admin.ewei.com/admin/prize/index.html [运行时间：0.342434s][吞吐率：2.92req/s] [内存消耗：3,008.09kb] [文件加载：52]
[ info ] [ BEHAVIOR ] Run app\api\behavior\CORS @app_init [ RunTime:0.000480s ]
[ info ] [ LANG ] D:\work\phpstudy\WWW\myjob\ewei_admin\admin_pro\thinkphp\lang\zh-cn.php
[ info ] [ ROUTE ] array (
  'type' => 'module',
  'module' => 
  array (
    0 => 'admin',
    1 => 'prize',
    2 => 'index',
  ),
)
[ info ] [ HEADER ] array (
  'host' => 'admin.ewei.com',
  'connection' => 'keep-alive',
  'pragma' => 'no-cache',
  'cache-control' => 'no-cache',
  'upgrade-insecure-requests' => '1',
  'user-agent' => 'Mozilla/5.0 (Windows NT 10.0; WOW64) AppleWebKit/537.36 (KHTML, like Gecko) Chrome/53.0.2785.104 Safari/537.36 Core/1.53.4549.400 QQBrowser/9.7.12900.400',
  'accept' => 'text/html,application/xhtml+xml,application/xml;q=0.9,image/webp,*/*;q=0.8',
  'referer' => 'http://admin.ewei.com/admin/goods/edit/id/43.html',
  'accept-encoding' => 'gzip, deflate, sdch',
  'accept-language' => 'zh-CN,zh;q=0.8',
  'cookie' => 'OUTFOX_SEARCH_USER_ID_NCOO=433128006.86589545; pgv_pvi=3481007104; PHPSESSID=o7eu4t5ibi8kgoq9f4o5sn54u3',
)
[ info ] [ PARAM ] array (
)
[ info ] [ SESSION ] INIT array (
  'id' => '',
  'var_session_id' => '',
  'prefix' => 'think',
  'type' => '',
  'auto_start' => true,
)
[ info ] [ DB ] INIT mysql
[ info ] [ RUN ] app\admin\controller\Prize->index[ D:\work\phpstudy\WWW\myjob\ewei_admin\admin_pro\application\admin\controller\Prize.php ]
[ info ] [ LOG ] INIT File
---------------------------------------------------------------
[2018-04-09T16:16:31+08:00] 127.0.0.1 127.0.0.1 GET /admin/prize/index.html
[ info ] admin.ewei.com/admin/prize/index.html [运行时间：0.306846s][吞吐率：3.26req/s] [内存消耗：3,007.42kb] [文件加载：52]
[ info ] [ BEHAVIOR ] Run app\api\behavior\CORS @app_init [ RunTime:0.000406s ]
[ info ] [ LANG ] D:\work\phpstudy\WWW\myjob\ewei_admin\admin_pro\thinkphp\lang\zh-cn.php
[ info ] [ ROUTE ] array (
  'type' => 'module',
  'module' => 
  array (
    0 => 'admin',
    1 => 'prize',
    2 => 'index',
  ),
)
[ info ] [ HEADER ] array (
  'host' => 'admin.ewei.com',
  'connection' => 'keep-alive',
  'cache-control' => 'max-age=0',
  'upgrade-insecure-requests' => '1',
  'user-agent' => 'Mozilla/5.0 (Windows NT 10.0; WOW64) AppleWebKit/537.36 (KHTML, like Gecko) Chrome/53.0.2785.104 Safari/537.36 Core/1.53.4549.400 QQBrowser/9.7.12900.400',
  'accept' => 'text/html,application/xhtml+xml,application/xml;q=0.9,image/webp,*/*;q=0.8',
  'referer' => 'http://admin.ewei.com/admin/goods/edit/id/43.html',
  'accept-encoding' => 'gzip, deflate, sdch',
  'accept-language' => 'zh-CN,zh;q=0.8',
  'cookie' => 'OUTFOX_SEARCH_USER_ID_NCOO=433128006.86589545; pgv_pvi=3481007104; PHPSESSID=o7eu4t5ibi8kgoq9f4o5sn54u3',
)
[ info ] [ PARAM ] array (
)
[ info ] [ SESSION ] INIT array (
  'id' => '',
  'var_session_id' => '',
  'prefix' => 'think',
  'type' => '',
  'auto_start' => true,
)
[ info ] [ DB ] INIT mysql
[ info ] [ RUN ] app\admin\controller\Prize->index[ D:\work\phpstudy\WWW\myjob\ewei_admin\admin_pro\application\admin\controller\Prize.php ]
[ info ] [ LOG ] INIT File
---------------------------------------------------------------
[2018-04-09T16:17:59+08:00] 127.0.0.1 127.0.0.1 GET /admin/prize/index.html
[ info ] admin.ewei.com/admin/prize/index.html [运行时间：0.404719s][吞吐率：2.47req/s] [内存消耗：3,082.23kb] [文件加载：58]
[ info ] [ BEHAVIOR ] Run app\api\behavior\CORS @app_init [ RunTime:0.000994s ]
[ info ] [ LANG ] D:\work\phpstudy\WWW\myjob\ewei_admin\admin_pro\thinkphp\lang\zh-cn.php
[ info ] [ ROUTE ] array (
  'type' => 'module',
  'module' => 
  array (
    0 => 'admin',
    1 => 'prize',
    2 => 'index',
  ),
)
[ info ] [ HEADER ] array (
  'host' => 'admin.ewei.com',
  'connection' => 'keep-alive',
  'cache-control' => 'max-age=0',
  'upgrade-insecure-requests' => '1',
  'user-agent' => 'Mozilla/5.0 (Windows NT 10.0; WOW64) AppleWebKit/537.36 (KHTML, like Gecko) Chrome/53.0.2785.104 Safari/537.36 Core/1.53.4549.400 QQBrowser/9.7.12900.400',
  'accept' => 'text/html,application/xhtml+xml,application/xml;q=0.9,image/webp,*/*;q=0.8',
  'referer' => 'http://admin.ewei.com/admin/goods/edit/id/43.html',
  'accept-encoding' => 'gzip, deflate, sdch',
  'accept-language' => 'zh-CN,zh;q=0.8',
  'cookie' => 'OUTFOX_SEARCH_USER_ID_NCOO=433128006.86589545; pgv_pvi=3481007104; PHPSESSID=o7eu4t5ibi8kgoq9f4o5sn54u3',
)
[ info ] [ PARAM ] array (
)
[ info ] [ SESSION ] INIT array (
  'id' => '',
  'var_session_id' => '',
  'prefix' => 'think',
  'type' => '',
  'auto_start' => true,
)
[ info ] [ DB ] INIT mysql
[ info ] [ RUN ] app\admin\controller\Prize->index[ D:\work\phpstudy\WWW\myjob\ewei_admin\admin_pro\application\admin\controller\Prize.php ]
[ info ] [ LOG ] INIT File
---------------------------------------------------------------
[2018-04-09T16:18:33+08:00] 127.0.0.1 127.0.0.1 GET /admin/prize/index.html
[ info ] admin.ewei.com/admin/prize/index.html [运行时间：0.146535s][吞吐率：6.82req/s] [内存消耗：1,503.74kb] [文件加载：39]
[ info ] [ BEHAVIOR ] Run app\api\behavior\CORS @app_init [ RunTime:0.000392s ]
[ info ] [ LANG ] D:\work\phpstudy\WWW\myjob\ewei_admin\admin_pro\thinkphp\lang\zh-cn.php
[ info ] [ ROUTE ] array (
  'type' => 'module',
  'module' => 
  array (
    0 => 'admin',
    1 => 'prize',
    2 => 'index',
  ),
)
[ info ] [ HEADER ] array (
  'host' => 'admin.ewei.com',
  'connection' => 'keep-alive',
  'cache-control' => 'max-age=0',
  'upgrade-insecure-requests' => '1',
  'user-agent' => 'Mozilla/5.0 (Windows NT 10.0; WOW64) AppleWebKit/537.36 (KHTML, like Gecko) Chrome/53.0.2785.104 Safari/537.36 Core/1.53.4549.400 QQBrowser/9.7.12900.400',
  'accept' => 'text/html,application/xhtml+xml,application/xml;q=0.9,image/webp,*/*;q=0.8',
  'referer' => 'http://admin.ewei.com/admin/goods/edit/id/43.html',
  'accept-encoding' => 'gzip, deflate, sdch',
  'accept-language' => 'zh-CN,zh;q=0.8',
  'cookie' => 'OUTFOX_SEARCH_USER_ID_NCOO=433128006.86589545; pgv_pvi=3481007104; PHPSESSID=o7eu4t5ibi8kgoq9f4o5sn54u3',
)
[ info ] [ PARAM ] array (
)
[ info ] [ LOG ] INIT File
---------------------------------------------------------------
[2018-04-09T16:19:04+08:00] 127.0.0.1 127.0.0.1 POST /admin/prize/index.html
[ info ] admin.ewei.com/admin/prize/index.html [运行时间：0.284409s][吞吐率：3.52req/s] [内存消耗：3,048.93kb] [文件加载：57]
[ info ] [ BEHAVIOR ] Run app\api\behavior\CORS @app_init [ RunTime:0.000915s ]
[ info ] [ LANG ] D:\work\phpstudy\WWW\myjob\ewei_admin\admin_pro\thinkphp\lang\zh-cn.php
[ info ] [ ROUTE ] array (
  'type' => 'module',
  'module' => 
  array (
    0 => 'admin',
    1 => 'prize',
    2 => 'index',
  ),
)
[ info ] [ HEADER ] array (
  'host' => 'admin.ewei.com',
  'connection' => 'keep-alive',
  'content-length' => '230',
  'accept' => '*/*',
  'origin' => 'http://admin.ewei.com',
  'x-requested-with' => 'XMLHttpRequest',
  'user-agent' => 'Mozilla/5.0 (Windows NT 10.0; WOW64) AppleWebKit/537.36 (KHTML, like Gecko) Chrome/53.0.2785.104 Safari/537.36 Core/1.53.4549.400 QQBrowser/9.7.12900.400',
  'content-type' => 'application/x-www-form-urlencoded; charset=UTF-8',
  'referer' => 'http://admin.ewei.com/admin/prize/index.html',
  'accept-encoding' => 'gzip, deflate',
  'accept-language' => 'zh-CN,zh;q=0.8',
  'cookie' => 'OUTFOX_SEARCH_USER_ID_NCOO=433128006.86589545; pgv_pvi=3481007104; PHPSESSID=o7eu4t5ibi8kgoq9f4o5sn54u3',
)
[ info ] [ PARAM ] array (
  'integral' => '12',
  'photo' => 
  array (
    0 => '/uploads/common/1521777409.jpg',
    1 => '/uploads/common/1521633232.png',
    2 => '/uploads/common/1521633122.png',
  ),
  'describe' => '测试',
  'editorValue' => '<p><br/></p>',
)
[ info ] [ SESSION ] INIT array (
  'id' => '',
  'var_session_id' => '',
  'prefix' => 'think',
  'type' => '',
  'auto_start' => true,
)
[ info ] [ DB ] INIT mysql
[ info ] [ RUN ] app\admin\controller\Prize->index[ D:\work\phpstudy\WWW\myjob\ewei_admin\admin_pro\application\admin\controller\Prize.php ]
[ info ] [ LOG ] INIT File
---------------------------------------------------------------
[2018-04-09T16:20:06+08:00] 127.0.0.1 127.0.0.1 GET /admin/prize/index.html
[ info ] admin.ewei.com/admin/prize/index.html [运行时间：0.274080s][吞吐率：3.65req/s] [内存消耗：3,040.39kb] [文件加载：57]
[ info ] [ BEHAVIOR ] Run app\api\behavior\CORS @app_init [ RunTime:0.000438s ]
[ info ] [ LANG ] D:\work\phpstudy\WWW\myjob\ewei_admin\admin_pro\thinkphp\lang\zh-cn.php
[ info ] [ ROUTE ] array (
  'type' => 'module',
  'module' => 
  array (
    0 => 'admin',
    1 => 'prize',
    2 => 'index',
  ),
)
[ info ] [ HEADER ] array (
  'host' => 'admin.ewei.com',
  'connection' => 'keep-alive',
  'upgrade-insecure-requests' => '1',
  'user-agent' => 'Mozilla/5.0 (Windows NT 10.0; WOW64) AppleWebKit/537.36 (KHTML, like Gecko) Chrome/53.0.2785.104 Safari/537.36 Core/1.53.4549.400 QQBrowser/9.7.12900.400',
  'accept' => 'text/html,application/xhtml+xml,application/xml;q=0.9,image/webp,*/*;q=0.8',
  'referer' => 'http://admin.ewei.com/admin/prize/index.html',
  'accept-encoding' => 'gzip, deflate, sdch',
  'accept-language' => 'zh-CN,zh;q=0.8',
  'cookie' => 'OUTFOX_SEARCH_USER_ID_NCOO=433128006.86589545; pgv_pvi=3481007104; PHPSESSID=o7eu4t5ibi8kgoq9f4o5sn54u3',
)
[ info ] [ PARAM ] array (
)
[ info ] [ SESSION ] INIT array (
  'id' => '',
  'var_session_id' => '',
  'prefix' => 'think',
  'type' => '',
  'auto_start' => true,
)
[ info ] [ DB ] INIT mysql
[ info ] [ RUN ] app\admin\controller\Prize->index[ D:\work\phpstudy\WWW\myjob\ewei_admin\admin_pro\application\admin\controller\Prize.php ]
[ info ] [ LOG ] INIT File
---------------------------------------------------------------
[ 2018-04-09T16:31:58+08:00 ] 127.0.0.1 127.0.0.1 POST /index.php/api/v1/upload/upload
[ info ] admin.ewei.com/index.php/api/v1/upload/upload [运行时间：0.314405s][吞吐率：3.18req/s] [内存消耗：1,957.97kb] [文件加载：48]
[ error ] [2]unlink() expects parameter 1 to be a valid path, array given[D:\work\phpstudy\WWW\myjob\ewei_admin\admin_pro\application\api\controller\v1\Upload.php:236]
---------------------------------------------------------------
[ 2018-04-09T16:32:56+08:00 ] 127.0.0.1 127.0.0.1 POST /index.php/api/v1/upload/upload
[ info ] admin.ewei.com/index.php/api/v1/upload/upload [运行时间：0.083975s][吞吐率：11.91req/s] [内存消耗：1,958.05kb] [文件加载：48]
[ error ] [2]unlink() expects parameter 1 to be a valid path, array given[D:\work\phpstudy\WWW\myjob\ewei_admin\admin_pro\application\api\controller\v1\Upload.php:236]
---------------------------------------------------------------
[ 2018-04-09T16:50:27+08:00 ] 127.0.0.1 127.0.0.1 POST /index.php/api/v1/upload/upload
[ info ] admin.ewei.com/index.php/api/v1/upload/upload [运行时间：0.068671s][吞吐率：14.56req/s] [内存消耗：1,957.90kb] [文件加载：48]
[ error ] [2]unlink() expects parameter 1 to be a valid path, array given[D:\work\phpstudy\WWW\myjob\ewei_admin\admin_pro\application\api\controller\v1\Upload.php:236]
---------------------------------------------------------------
[ 2018-04-09T16:51:07+08:00 ] 127.0.0.1 127.0.0.1 POST /index.php/api/v1/upload/upload
[ info ] admin.ewei.com/index.php/api/v1/upload/upload [运行时间：0.275460s][吞吐率：3.63req/s] [内存消耗：1,957.57kb] [文件加载：48]
[ error ] [2]unlink() expects parameter 1 to be a valid path, array given[D:\work\phpstudy\WWW\myjob\ewei_admin\admin_pro\application\api\controller\v1\Upload.php:236]
---------------------------------------------------------------
[ 2018-04-09T16:52:31+08:00 ] 127.0.0.1 127.0.0.1 POST /index.php/api/v1/upload/upload
[ info ] admin.ewei.com/index.php/api/v1/upload/upload [运行时间：0.283425s][吞吐率：3.53req/s] [内存消耗：1,957.88kb] [文件加载：48]
[ error ] [2]unlink() expects parameter 1 to be a valid path, array given[D:\work\phpstudy\WWW\myjob\ewei_admin\admin_pro\application\api\controller\v1\Upload.php:236]
---------------------------------------------------------------
[ 2018-04-09T16:55:09+08:00 ] 127.0.0.1 127.0.0.1 POST /index.php/api/v1/upload/upload
[ info ] admin.ewei.com/index.php/api/v1/upload/upload [运行时间：0.236948s][吞吐率：4.22req/s] [内存消耗：1,957.90kb] [文件加载：48]
[ error ] [2]unlink() expects parameter 1 to be a valid path, array given[D:\work\phpstudy\WWW\myjob\ewei_admin\admin_pro\application\api\controller\v1\Upload.php:236]
---------------------------------------------------------------
[2018-04-09T17:00:57+08:00] 127.0.0.1 127.0.0.1 POST /admin/signin/setting.html
[ info ] admin.ewei.com/admin/signin/setting.html [运行时间：0.373659s][吞吐率：2.68req/s] [内存消耗：3,197.80kb] [文件加载：56]
[ info ] [ BEHAVIOR ] Run app\api\behavior\CORS @app_init [ RunTime:0.000937s ]
[ info ] [ LANG ] D:\work\phpstudy\WWW\myjob\ewei_admin\admin_pro\thinkphp\lang\zh-cn.php
[ info ] [ ROUTE ] array (
  'type' => 'module',
  'module' => 
  array (
    0 => 'admin',
    1 => 'Promotion',
    2 => 'signIn',
  ),
  'convert' => false,
)
[ info ] [ HEADER ] array (
  'host' => 'admin.ewei.com',
  'connection' => 'keep-alive',
  'content-length' => '78',
  'accept' => '*/*',
  'origin' => 'http://admin.ewei.com',
  'x-requested-with' => 'XMLHttpRequest',
  'user-agent' => 'Mozilla/5.0 (Windows NT 10.0; WOW64) AppleWebKit/537.36 (KHTML, like Gecko) Chrome/53.0.2785.104 Safari/537.36 Core/1.53.4549.400 QQBrowser/9.7.12900.400',
  'content-type' => 'application/x-www-form-urlencoded; charset=UTF-8',
  'referer' => 'http://admin.ewei.com/admin/signin/setting.html',
  'accept-encoding' => 'gzip, deflate',
  'accept-language' => 'zh-CN,zh;q=0.8',
  'cookie' => 'OUTFOX_SEARCH_USER_ID_NCOO=433128006.86589545; pgv_pvi=3481007104; PHPSESSID=o7eu4t5ibi8kgoq9f4o5sn54u3',
)
[ info ] [ PARAM ] array (
  'thumb' => '/uploads/common/1523264109.jpg',
  'award_type' => '1',
  'award_number' => '',
  'status' => '1',
)
[ info ] [ DB ] INIT mysql
[ info ] [ SESSION ] INIT array (
  'id' => '',
  'var_session_id' => '',
  'prefix' => 'think',
  'type' => '',
  'auto_start' => true,
)
[ info ] [ RUN ] app\admin\controller\Promotion->SignIn[ D:\work\phpstudy\WWW\myjob\ewei_admin\admin_pro\application\admin\controller\Promotion.php ]
[ info ] [ LOG ] INIT File
---------------------------------------------------------------
[2018-04-09T18:14:21+08:00] 127.0.0.1 127.0.0.1 POST /admin/signin/setting.html
[ info ] admin.ewei.com/admin/signin/setting.html [运行时间：0.330339s][吞吐率：3.03req/s] [内存消耗：3,263.93kb] [文件加载：61]
[ info ] [ BEHAVIOR ] Run app\api\behavior\CORS @app_init [ RunTime:0.000987s ]
[ info ] [ LANG ] D:\work\phpstudy\WWW\myjob\ewei_admin\admin_pro\thinkphp\lang\zh-cn.php
[ info ] [ ROUTE ] array (
  'type' => 'module',
  'module' => 
  array (
    0 => 'admin',
    1 => 'Promotion',
    2 => 'signIn',
  ),
  'convert' => false,
)
[ info ] [ HEADER ] array (
  'host' => 'admin.ewei.com',
  'connection' => 'keep-alive',
  'content-length' => '80',
  'accept' => '*/*',
  'origin' => 'http://admin.ewei.com',
  'x-requested-with' => 'XMLHttpRequest',
  'user-agent' => 'Mozilla/5.0 (Windows NT 10.0; WOW64) AppleWebKit/537.36 (KHTML, like Gecko) Chrome/53.0.2785.104 Safari/537.36 Core/1.53.4549.400 QQBrowser/9.7.12900.400',
  'content-type' => 'application/x-www-form-urlencoded; charset=UTF-8',
  'referer' => 'http://admin.ewei.com/admin/signin/setting.html',
  'accept-encoding' => 'gzip, deflate',
  'accept-language' => 'zh-CN,zh;q=0.8',
  'cookie' => 'OUTFOX_SEARCH_USER_ID_NCOO=433128006.86589545; pgv_pvi=3481007104; PHPSESSID=o7eu4t5ibi8kgoq9f4o5sn54u3',
)
[ info ] [ PARAM ] array (
  'thumb' => '/uploads/common/1523264109.jpg',
  'award_type' => '1',
  'award_number' => '10',
  'status' => '1',
)
[ info ] [ DB ] INIT mysql
[ info ] [ SESSION ] INIT array (
  'id' => '',
  'var_session_id' => '',
  'prefix' => 'think',
  'type' => '',
  'auto_start' => true,
)
[ info ] [ RUN ] app\admin\controller\Promotion->SignIn[ D:\work\phpstudy\WWW\myjob\ewei_admin\admin_pro\application\admin\controller\Promotion.php ]
[ info ] [ LOG ] INIT File
---------------------------------------------------------------
[2018-04-09T18:14:26+08:00] 127.0.0.1 127.0.0.1 POST /admin/signin/setting.html
[ info ] admin.ewei.com/admin/signin/setting.html [运行时间：0.341938s][吞吐率：2.92req/s] [内存消耗：3,263.93kb] [文件加载：61]
[ info ] [ BEHAVIOR ] Run app\api\behavior\CORS @app_init [ RunTime:0.000597s ]
[ info ] [ LANG ] D:\work\phpstudy\WWW\myjob\ewei_admin\admin_pro\thinkphp\lang\zh-cn.php
[ info ] [ ROUTE ] array (
  'type' => 'module',
  'module' => 
  array (
    0 => 'admin',
    1 => 'Promotion',
    2 => 'signIn',
  ),
  'convert' => false,
)
[ info ] [ HEADER ] array (
  'host' => 'admin.ewei.com',
  'connection' => 'keep-alive',
  'content-length' => '80',
  'accept' => '*/*',
  'origin' => 'http://admin.ewei.com',
  'x-requested-with' => 'XMLHttpRequest',
  'user-agent' => 'Mozilla/5.0 (Windows NT 10.0; WOW64) AppleWebKit/537.36 (KHTML, like Gecko) Chrome/53.0.2785.104 Safari/537.36 Core/1.53.4549.400 QQBrowser/9.7.12900.400',
  'content-type' => 'application/x-www-form-urlencoded; charset=UTF-8',
  'referer' => 'http://admin.ewei.com/admin/signin/setting.html',
  'accept-encoding' => 'gzip, deflate',
  'accept-language' => 'zh-CN,zh;q=0.8',
  'cookie' => 'OUTFOX_SEARCH_USER_ID_NCOO=433128006.86589545; pgv_pvi=3481007104; PHPSESSID=o7eu4t5ibi8kgoq9f4o5sn54u3',
)
[ info ] [ PARAM ] array (
  'thumb' => '/uploads/common/1523264109.jpg',
  'award_type' => '1',
  'award_number' => '10',
  'status' => '1',
)
[ info ] [ DB ] INIT mysql
[ info ] [ SESSION ] INIT array (
  'id' => '',
  'var_session_id' => '',
  'prefix' => 'think',
  'type' => '',
  'auto_start' => true,
)
[ info ] [ RUN ] app\admin\controller\Promotion->SignIn[ D:\work\phpstudy\WWW\myjob\ewei_admin\admin_pro\application\admin\controller\Promotion.php ]
[ info ] [ LOG ] INIT File
---------------------------------------------------------------
[2018-04-09T18:20:47+08:00] 127.0.0.1 127.0.0.1 GET /uploads/common/1520405232.jpg
[ info ] admin.ewei.com/uploads/common/1520405232.jpg [运行时间：0.044540s][吞吐率：22.45req/s] [内存消耗：1,456.13kb] [文件加载：37]
[ info ] [ BEHAVIOR ] Run app\api\behavior\CORS @app_init [ RunTime:0.000398s ]
[ info ] [ LANG ] D:\work\phpstudy\WWW\myjob\ewei_admin\admin_pro\thinkphp\lang\zh-cn.php
[ info ] [ ROUTE ] array (
  'type' => 'module',
  'module' => 
  array (
    0 => 'uploads',
    1 => 'common',
    2 => '1520405232.jpg',
  ),
)
[ info ] [ HEADER ] array (
  'host' => 'admin.ewei.com',
  'connection' => 'keep-alive',
  'user-agent' => 'Mozilla/5.0 (Windows NT 10.0; WOW64) AppleWebKit/537.36 (KHTML, like Gecko) Chrome/53.0.2785.104 Safari/537.36 Core/1.53.4549.400 QQBrowser/9.7.12900.400',
  'accept' => 'image/webp,image/*,*/*;q=0.8',
  'referer' => 'http://admin.ewei.com/admin/banner_item/edit/id/1.html',
  'accept-encoding' => 'gzip, deflate, sdch',
  'accept-language' => 'zh-CN,zh;q=0.8',
  'cookie' => 'OUTFOX_SEARCH_USER_ID_NCOO=433128006.86589545; pgv_pvi=3481007104; PHPSESSID=o7eu4t5ibi8kgoq9f4o5sn54u3',
)
[ info ] [ PARAM ] array (
)
[ info ] [ LOG ] INIT File
---------------------------------------------------------------
[2018-04-09T21:22:59+08:00] 127.0.0.1 127.0.0.1 GET /admin/subscribe/defalut.html
[ info ] admin.ewei.com/admin/subscribe/defalut.html [运行时间：1.242091s][吞吐率：0.81req/s] [内存消耗：3,107.47kb] [文件加载：57]
[ info ] [ BEHAVIOR ] Run app\api\behavior\CORS @app_init [ RunTime:0.000631s ]
[ info ] [ LANG ] D:\work\phpstudy\WWW\myjob\ewei_admin\admin_pro\thinkphp\lang\zh-cn.php
[ info ] [ ROUTE ] array (
  'type' => 'module',
  'module' => 
  array (
    0 => 'admin',
    1 => 'subscribe',
    2 => 'defalut',
  ),
)
[ info ] [ HEADER ] array (
  'host' => 'admin.ewei.com',
  'connection' => 'keep-alive',
  'upgrade-insecure-requests' => '1',
  'user-agent' => 'Mozilla/5.0 (Windows NT 10.0; WOW64) AppleWebKit/537.36 (KHTML, like Gecko) Chrome/53.0.2785.104 Safari/537.36 Core/1.53.4549.400 QQBrowser/9.7.12900.400',
  'accept' => 'text/html,application/xhtml+xml,application/xml;q=0.9,image/webp,*/*;q=0.8',
  'referer' => 'http://admin.ewei.com/admin/menu/index.html',
  'accept-encoding' => 'gzip, deflate, sdch',
  'accept-language' => 'zh-CN,zh;q=0.8',
  'cookie' => 'OUTFOX_SEARCH_USER_ID_NCOO=433128006.86589545; pgv_pvi=3481007104; PHPSESSID=o7eu4t5ibi8kgoq9f4o5sn54u3',
)
[ info ] [ PARAM ] array (
)
[ info ] [ SESSION ] INIT array (
  'id' => '',
  'var_session_id' => '',
  'prefix' => 'think',
  'type' => '',
  'auto_start' => true,
)
[ info ] [ DB ] INIT mysql
[ info ] [ LOG ] INIT File
---------------------------------------------------------------
[2018-04-09T22:11:09+08:00] 127.0.0.1 127.0.0.1 GET /uploads/common/1520912835.jpg
[ info ] admin.ewei.com/uploads/common/1520912835.jpg [运行时间：0.321231s][吞吐率：3.11req/s] [内存消耗：1,456.08kb] [文件加载：37]
[ info ] [ BEHAVIOR ] Run app\api\behavior\CORS @app_init [ RunTime:0.000629s ]
[ info ] [ LANG ] D:\work\phpstudy\WWW\myjob\ewei_admin\admin_pro\thinkphp\lang\zh-cn.php
[ info ] [ ROUTE ] array (
  'type' => 'module',
  'module' => 
  array (
    0 => 'uploads',
    1 => 'common',
    2 => '1520912835.jpg',
  ),
)
[ info ] [ HEADER ] array (
  'host' => 'admin.ewei.com',
  'connection' => 'keep-alive',
  'user-agent' => 'Mozilla/5.0 (Windows NT 10.0; WOW64) AppleWebKit/537.36 (KHTML, like Gecko) Chrome/53.0.2785.104 Safari/537.36 Core/1.53.4549.400 QQBrowser/9.7.12900.400',
  'accept' => 'image/webp,image/*,*/*;q=0.8',
  'referer' => 'http://admin.ewei.com/admin/article/edit/id/17.html',
  'accept-encoding' => 'gzip, deflate, sdch',
  'accept-language' => 'zh-CN,zh;q=0.8',
  'cookie' => 'OUTFOX_SEARCH_USER_ID_NCOO=433128006.86589545; pgv_pvi=3481007104; PHPSESSID=o7eu4t5ibi8kgoq9f4o5sn54u3',
)
[ info ] [ PARAM ] array (
)
[ info ] [ LOG ] INIT File
---------------------------------------------------------------
[2018-04-09T22:11:09+08:00] 127.0.0.1 127.0.0.1 GET /uploads/goods_brand/1520144045.png
[ info ] admin.ewei.com/uploads/goods_brand/1520144045.png [运行时间：0.320593s][吞吐率：3.12req/s] [内存消耗：1,456.12kb] [文件加载：37]
[ info ] [ BEHAVIOR ] Run app\api\behavior\CORS @app_init [ RunTime:0.000607s ]
[ info ] [ LANG ] D:\work\phpstudy\WWW\myjob\ewei_admin\admin_pro\thinkphp\lang\zh-cn.php
[ info ] [ ROUTE ] array (
  'type' => 'module',
  'module' => 
  array (
    0 => 'uploads',
    1 => 'goods_brand',
    2 => '1520144045.png',
  ),
)
[ info ] [ HEADER ] array (
  'host' => 'admin.ewei.com',
  'connection' => 'keep-alive',
  'user-agent' => 'Mozilla/5.0 (Windows NT 10.0; WOW64) AppleWebKit/537.36 (KHTML, like Gecko) Chrome/53.0.2785.104 Safari/537.36 Core/1.53.4549.400 QQBrowser/9.7.12900.400',
  'accept' => 'image/webp,image/*,*/*;q=0.8',
  'referer' => 'http://admin.ewei.com/admin/article/edit/id/17.html',
  'accept-encoding' => 'gzip, deflate, sdch',
  'accept-language' => 'zh-CN,zh;q=0.8',
  'cookie' => 'OUTFOX_SEARCH_USER_ID_NCOO=433128006.86589545; pgv_pvi=3481007104; PHPSESSID=o7eu4t5ibi8kgoq9f4o5sn54u3',
)
[ info ] [ PARAM ] array (
)
[ info ] [ LOG ] INIT File
---------------------------------------------------------------
[2018-04-09T22:11:09+08:00] 127.0.0.1 127.0.0.1 GET /uploads/goods_brand/1520265545.png
[ info ] admin.ewei.com/uploads/goods_brand/1520265545.png [运行时间：0.315016s][吞吐率：3.17req/s] [内存消耗：1,456.12kb] [文件加载：37]
[ info ] [ BEHAVIOR ] Run app\api\behavior\CORS @app_init [ RunTime:0.001278s ]
[ info ] [ LANG ] D:\work\phpstudy\WWW\myjob\ewei_admin\admin_pro\thinkphp\lang\zh-cn.php
[ info ] [ ROUTE ] array (
  'type' => 'module',
  'module' => 
  array (
    0 => 'uploads',
    1 => 'goods_brand',
    2 => '1520265545.png',
  ),
)
[ info ] [ HEADER ] array (
  'host' => 'admin.ewei.com',
  'connection' => 'keep-alive',
  'user-agent' => 'Mozilla/5.0 (Windows NT 10.0; WOW64) AppleWebKit/537.36 (KHTML, like Gecko) Chrome/53.0.2785.104 Safari/537.36 Core/1.53.4549.400 QQBrowser/9.7.12900.400',
  'accept' => 'image/webp,image/*,*/*;q=0.8',
  'referer' => 'http://admin.ewei.com/admin/article/edit/id/17.html',
  'accept-encoding' => 'gzip, deflate, sdch',
  'accept-language' => 'zh-CN,zh;q=0.8',
  'cookie' => 'OUTFOX_SEARCH_USER_ID_NCOO=433128006.86589545; pgv_pvi=3481007104; PHPSESSID=o7eu4t5ibi8kgoq9f4o5sn54u3',
)
[ info ] [ PARAM ] array (
)
[ info ] [ LOG ] INIT File
