---------------------------------------------------------------
[2018-04-17T08:18:15+08:00] 127.0.0.1 127.0.0.1 GET /admin/pic_models/edit/id/1.html
[ info ] admin.ewei.com/admin/pic_models/edit/id/1.html [运行时间：0.423171s][吞吐率：2.36req/s] [内存消耗：2,633.09kb] [文件加载：49]
[ info ] [ BEHAVIOR ] Run app\api\behavior\CORS @app_init [ RunTime:0.005016s ]
[ info ] [ LANG ] D:\work\phpstudy\WWW\myjob\ewei_admin\admin_pro\thinkphp\lang\zh-cn.php
[ info ] [ ROUTE ] array (
  'type' => 'module',
  'module' => 
  array (
    0 => 'admin',
    1 => 'pic_models',
    2 => 'edit',
  ),
)
[ info ] [ HEADER ] array (
  'host' => 'admin.ewei.com',
  'connection' => 'keep-alive',
  'cache-control' => 'max-age=0',
  'upgrade-insecure-requests' => '1',
  'user-agent' => 'Mozilla/5.0 (Windows NT 10.0; WOW64) AppleWebKit/537.36 (KHTML, like Gecko) Chrome/53.0.2785.104 Safari/537.36 Core/1.53.4549.400 QQBrowser/9.7.12900.400',
  'accept' => 'text/html,application/xhtml+xml,application/xml;q=0.9,image/webp,*/*;q=0.8',
  'referer' => 'http://admin.ewei.com/admin/pic_models/index.html',
  'accept-encoding' => 'gzip, deflate, sdch',
  'accept-language' => 'zh-CN,zh;q=0.8',
  'cookie' => 'OUTFOX_SEARCH_USER_ID_NCOO=433128006.86589545; pgv_pvi=3481007104; Hm_lvt_21b27145da0487d1e9f52a8e5576e564=1523347871; PHPSESSID=pn2g5hgfhl64hecai5581uk214',
)
[ info ] [ PARAM ] array (
  'id' => '1',
)
[ info ] [ SESSION ] INIT array (
  'id' => '',
  'var_session_id' => '',
  'prefix' => 'think',
  'type' => '',
  'auto_start' => true,
)
[ info ] [ DB ] INIT mysql
[ info ] [ RUN ] app\admin\controller\PicModels->edit[ D:\work\phpstudy\WWW\myjob\ewei_admin\admin_pro\application\admin\controller\PicModels.php ]
[ info ] [ LOG ] INIT File
---------------------------------------------------------------
[2018-04-17T08:22:00+08:00] 127.0.0.1 127.0.0.1 POST /api/v1/token/user
[ info ] admin.ewei.com/api/v1/token/user [运行时间：0.371459s][吞吐率：2.69req/s] [内存消耗：1,602.50kb] [文件加载：46]
[ info ] [ BEHAVIOR ] Run app\api\behavior\CORS @app_init [ RunTime:0.003222s ]
[ info ] [ LANG ] D:\work\phpstudy\WWW\myjob\ewei_admin\admin_pro\thinkphp\lang\zh-cn.php
[ info ] [ ROUTE ] array (
  'type' => 'module',
  'module' => 
  array (
    0 => 'api',
    1 => 'v1.Token',
    2 => 'getToken',
  ),
  'convert' => false,
)
[ info ] [ HEADER ] array (
  'host' => 'admin.ewei.com',
  'connection' => 'keep-alive',
  'content-length' => '1225',
  'pragma' => 'no-cache',
  'cache-control' => 'no-cache',
  'origin' => 'http://127.0.0.1:61406',
  'ewei-token' => 'd9021624b705495f9039fee8b54bc04f',
  'user-agent' => 'Mozilla/5.0 (iPhone; CPU iPhone OS 9_1 like Mac OS X) AppleWebKit/601.1.46 (KHTML, like Gecko) Version/9.0 Mobile/13B143 Safari/601.1 wechatdevtools/1.02.1804120 MicroMessenger/6.5.7 Language/zh_CN webview/',
  'content-type' => 'application/json',
  'accept' => '*/*',
  'referer' => 'https://servicewechat.com/wx720cf9c5765a5c4d/devtools/page-frame.html',
  'accept-encoding' => 'gzip, deflate',
)
[ info ] [ PARAM ] array (
  'code' => '0615uNSa1Wg2xu0RHgTa1q6VSa15uNSk',
  'userInfo' => 
  array (
    'errMsg' => 'getUserInfo:ok',
    'rawData' => '{"nickName":"Ewei","gender":1,"language":"zh_CN","city":"","province":"Ho Chi Minh City","country":"Vietnam","avatarUrl":"https://wx.qlogo.cn/mmopen/vi_32/Q0j4TwGTfTJ68cLQuNYst2U0RC9bcbPd4fsehhAHqatmTic0l67FHkVq3HeHSjzjT9mFE3kDD19cRcjicqZHzZgw/0"}',
    'userInfo' => 
    array (
      'nickName' => 'Ewei',
      'gender' => 1,
      'language' => 'zh_CN',
      'city' => '',
      'province' => 'Ho Chi Minh City',
      'country' => 'Vietnam',
      'avatarUrl' => 'https://wx.qlogo.cn/mmopen/vi_32/Q0j4TwGTfTJ68cLQuNYst2U0RC9bcbPd4fsehhAHqatmTic0l67FHkVq3HeHSjzjT9mFE3kDD19cRcjicqZHzZgw/0',
    ),
    'signature' => '8d484f36442e41b6136316d6af63d452c0672d25',
    'encryptedData' => 'wM0tpxgKlkuyZP4T6dhXaQqxWx9ybiu36rRqP4yFmChPHyZV3zYBoODXd7vZOhQEP60WjNHxdZqXVkWCjIJXzfnE7ub11a+V0ICJfdSPqTzIhp482PP4cs4ILRYctWx9HONRPMM54296X7KXzicX9a36tolvQ9rF4/YYXAshLjzspdE7hiKxvGUJA797kbHzezWw0IiTnk2LiNh988/jADolmUN3odIqXXLhWhLOdC5RTYk2lMqr+MmT14F2E2MLrOFkgwAvFMQG06Dpmg9Ypm66Bo1k3ZBPhqxDv8GR9JBuKzIdnb5M2cSJ+GtR5OnZR+UXsR1g7t2r/11kOwlAJDe4hEdOac00z4a4ein1cBY8iYp3Z8uNGfuf8gfVyzaw8oNO30khPn9j8MEfZXdTMDpfdRE+QSJ6udKulCQGX6b+xWfe3/ZK/Au3Su1vUtB3vPs89ekcCH7FhRnWS4immxAIbqqvtDO/rYSBNf0ZFoA=',
    'iv' => 'WBWuOnb2LiTjdhPej/41Og==',
  ),
  'version' => 'v1',
)
[ info ] [ RUN ] app\api\controller\v1\Token->getToken[ D:\work\phpstudy\WWW\myjob\ewei_admin\admin_pro\application\api\controller\v1\Token.php ]
[ info ] [ LOG ] INIT File
---------------------------------------------------------------
[2018-04-17T08:24:02+08:00] 127.0.0.1 127.0.0.1 GET /admin/pic_models/edit/id/1.html
[ info ] admin.ewei.com/admin/pic_models/edit/id/1.html [运行时间：0.321520s][吞吐率：3.11req/s] [内存消耗：2,631.53kb] [文件加载：49]
[ info ] [ BEHAVIOR ] Run app\api\behavior\CORS @app_init [ RunTime:0.003683s ]
[ info ] [ LANG ] D:\work\phpstudy\WWW\myjob\ewei_admin\admin_pro\thinkphp\lang\zh-cn.php
[ info ] [ ROUTE ] array (
  'type' => 'module',
  'module' => 
  array (
    0 => 'admin',
    1 => 'pic_models',
    2 => 'edit',
  ),
)
[ info ] [ HEADER ] array (
  'host' => 'admin.ewei.com',
  'connection' => 'keep-alive',
  'cache-control' => 'max-age=0',
  'upgrade-insecure-requests' => '1',
  'user-agent' => 'Mozilla/5.0 (Windows NT 10.0; WOW64) AppleWebKit/537.36 (KHTML, like Gecko) Chrome/53.0.2785.104 Safari/537.36 Core/1.53.4549.400 QQBrowser/9.7.12900.400',
  'accept' => 'text/html,application/xhtml+xml,application/xml;q=0.9,image/webp,*/*;q=0.8',
  'referer' => 'http://admin.ewei.com/admin/pic_models/index.html',
  'accept-encoding' => 'gzip, deflate, sdch',
  'accept-language' => 'zh-CN,zh;q=0.8',
  'cookie' => 'OUTFOX_SEARCH_USER_ID_NCOO=433128006.86589545; pgv_pvi=3481007104; Hm_lvt_21b27145da0487d1e9f52a8e5576e564=1523347871; PHPSESSID=pn2g5hgfhl64hecai5581uk214',
)
[ info ] [ PARAM ] array (
  'id' => '1',
)
[ info ] [ SESSION ] INIT array (
  'id' => '',
  'var_session_id' => '',
  'prefix' => 'think',
  'type' => '',
  'auto_start' => true,
)
[ info ] [ DB ] INIT mysql
[ info ] [ RUN ] app\admin\controller\PicModels->edit[ D:\work\phpstudy\WWW\myjob\ewei_admin\admin_pro\application\admin\controller\PicModels.php ]
[ info ] [ LOG ] INIT File
---------------------------------------------------------------
[2018-04-17T08:24:43+08:00] 127.0.0.1 127.0.0.1 GET /admin/pic_models/edit/id/1.html
[ info ] admin.ewei.com/admin/pic_models/edit/id/1.html [运行时间：0.324201s][吞吐率：3.08req/s] [内存消耗：2,631.53kb] [文件加载：49]
[ info ] [ BEHAVIOR ] Run app\api\behavior\CORS @app_init [ RunTime:0.002928s ]
[ info ] [ LANG ] D:\work\phpstudy\WWW\myjob\ewei_admin\admin_pro\thinkphp\lang\zh-cn.php
[ info ] [ ROUTE ] array (
  'type' => 'module',
  'module' => 
  array (
    0 => 'admin',
    1 => 'pic_models',
    2 => 'edit',
  ),
)
[ info ] [ HEADER ] array (
  'host' => 'admin.ewei.com',
  'connection' => 'keep-alive',
  'cache-control' => 'max-age=0',
  'upgrade-insecure-requests' => '1',
  'user-agent' => 'Mozilla/5.0 (Windows NT 10.0; WOW64) AppleWebKit/537.36 (KHTML, like Gecko) Chrome/53.0.2785.104 Safari/537.36 Core/1.53.4549.400 QQBrowser/9.7.12900.400',
  'accept' => 'text/html,application/xhtml+xml,application/xml;q=0.9,image/webp,*/*;q=0.8',
  'referer' => 'http://admin.ewei.com/admin/pic_models/index.html',
  'accept-encoding' => 'gzip, deflate, sdch',
  'accept-language' => 'zh-CN,zh;q=0.8',
  'cookie' => 'OUTFOX_SEARCH_USER_ID_NCOO=433128006.86589545; pgv_pvi=3481007104; Hm_lvt_21b27145da0487d1e9f52a8e5576e564=1523347871; PHPSESSID=pn2g5hgfhl64hecai5581uk214',
)
[ info ] [ PARAM ] array (
  'id' => '1',
)
[ info ] [ SESSION ] INIT array (
  'id' => '',
  'var_session_id' => '',
  'prefix' => 'think',
  'type' => '',
  'auto_start' => true,
)
[ info ] [ DB ] INIT mysql
[ info ] [ RUN ] app\admin\controller\PicModels->edit[ D:\work\phpstudy\WWW\myjob\ewei_admin\admin_pro\application\admin\controller\PicModels.php ]
[ info ] [ LOG ] INIT File
---------------------------------------------------------------
[2018-04-17T08:25:00+08:00] 127.0.0.1 127.0.0.1 GET /admin/pic_models/edit/id/1.html
[ info ] admin.ewei.com/admin/pic_models/edit/id/1.html [运行时间：0.285695s][吞吐率：3.50req/s] [内存消耗：2,631.06kb] [文件加载：49]
[ info ] [ BEHAVIOR ] Run app\api\behavior\CORS @app_init [ RunTime:0.001908s ]
[ info ] [ LANG ] D:\work\phpstudy\WWW\myjob\ewei_admin\admin_pro\thinkphp\lang\zh-cn.php
[ info ] [ ROUTE ] array (
  'type' => 'module',
  'module' => 
  array (
    0 => 'admin',
    1 => 'pic_models',
    2 => 'edit',
  ),
)
[ info ] [ HEADER ] array (
  'host' => 'admin.ewei.com',
  'connection' => 'keep-alive',
  'pragma' => 'no-cache',
  'cache-control' => 'no-cache',
  'upgrade-insecure-requests' => '1',
  'user-agent' => 'Mozilla/5.0 (Windows NT 10.0; WOW64) AppleWebKit/537.36 (KHTML, like Gecko) Chrome/53.0.2785.104 Safari/537.36 Core/1.53.4549.400 QQBrowser/9.7.12900.400',
  'accept' => 'text/html,application/xhtml+xml,application/xml;q=0.9,image/webp,*/*;q=0.8',
  'referer' => 'http://admin.ewei.com/admin/pic_models/index.html',
  'accept-encoding' => 'gzip, deflate, sdch',
  'accept-language' => 'zh-CN,zh;q=0.8',
  'cookie' => 'OUTFOX_SEARCH_USER_ID_NCOO=433128006.86589545; pgv_pvi=3481007104; Hm_lvt_21b27145da0487d1e9f52a8e5576e564=1523347871; PHPSESSID=pn2g5hgfhl64hecai5581uk214',
)
[ info ] [ PARAM ] array (
  'id' => '1',
)
[ info ] [ SESSION ] INIT array (
  'id' => '',
  'var_session_id' => '',
  'prefix' => 'think',
  'type' => '',
  'auto_start' => true,
)
[ info ] [ DB ] INIT mysql
[ info ] [ RUN ] app\admin\controller\PicModels->edit[ D:\work\phpstudy\WWW\myjob\ewei_admin\admin_pro\application\admin\controller\PicModels.php ]
[ info ] [ LOG ] INIT File
