---------------------------------------------------------------
[2018-01-16T02:36:15+08:00] 10.139.166.66 117.100.107.112 GET /api/v1/index/index
[ info ] small.redkylin.com/api/v1/index/index [运行时间：0.019890s][吞吐率：50.28req/s] [内存消耗：1,669.49kb] [文件加载：35]
[ info ] [ LOG ] INIT File
---------------------------------------------------------------
[2018-01-16T02:40:35+08:00] 10.139.166.66 117.100.107.112 GET /api/v1/cart/goodscount
[ info ] small.redkylin.com/api/v1/cart/goodscount [运行时间：0.027730s][吞吐率：36.06req/s] [内存消耗：1,800.13kb] [文件加载：40]
[ info ] [ BEHAVIOR ] Run app\api\behavior\CORS @app_init [ RunTime:0.000336s ]
[ info ] [ LANG ] /www/wwwroot/ewei_admin/thinkphp/lang/zh-cn.php
[ info ] [ ROUTE ] array (
  'type' => 'module',
  'module' => 
  array (
    0 => 'api',
    1 => 'v1',
    2 => 'cart',
  ),
)
[ info ] [ HEADER ] array (
  'host' => 'small.redkylin.com',
  'content-type' => 'application/json',
  'connection' => 'keep-alive',
  'x-nideshop-token' => 'eyJhbGciOiJIUzI1NiIsInR5cCI6IkpXVCJ9.eyJzZXNzaW9uX2tleSI6ImlSNEZtR1lqM2hoczJLOVRVQ1RDZHc9PSIsIm9wZW5pZCI6Im9jNl80MEd0T0VXS0Y3Xzg5RzZLdmY3QTl2YVEiLCJ1c2VyX2lkIjoxMywiaWF0IjoxNTE0OTE0Mzg0fQ.O3UNteAreSqJYFWS0WKISV5BrMmzxtVFTDRIzLdNUNY',
  'accept' => '*/*',
  'user-agent' => 'Mozilla/5.0 (iPhone; CPU iPhone OS 11_1_2 like Mac OS X) AppleWebKit/604.3.5 (KHTML, like Gecko) Mobile/15B202 MicroMessenger/6.6.1 NetType/WIFI Language/zh_CN',
  'referer' => 'https://servicewechat.com/wxcd9d03f0549d46cd/0/page-frame.html',
  'accept-language' => 'zh-cn',
  'accept-encoding' => 'br, gzip, deflate',
  'content-length' => '',
)
[ info ] [ PARAM ] array (
)
[ info ] [ LOG ] INIT File
---------------------------------------------------------------
[2018-01-16T02:40:35+08:00] 10.139.166.66 117.100.107.112 GET /api/v1/goods/related?id=33
[ info ] small.redkylin.com/api/v1/goods/related?id=33 [运行时间：0.023406s][吞吐率：42.72req/s] [内存消耗：1,800.46kb] [文件加载：40]
[ info ] [ BEHAVIOR ] Run app\api\behavior\CORS @app_init [ RunTime:0.000283s ]
[ info ] [ LANG ] /www/wwwroot/ewei_admin/thinkphp/lang/zh-cn.php
[ info ] [ ROUTE ] array (
  'type' => 'module',
  'module' => 
  array (
    0 => 'api',
    1 => 'v1',
    2 => 'goods',
  ),
)
[ info ] [ HEADER ] array (
  'host' => 'small.redkylin.com',
  'content-type' => 'application/json',
  'connection' => 'keep-alive',
  'x-nideshop-token' => 'eyJhbGciOiJIUzI1NiIsInR5cCI6IkpXVCJ9.eyJzZXNzaW9uX2tleSI6ImlSNEZtR1lqM2hoczJLOVRVQ1RDZHc9PSIsIm9wZW5pZCI6Im9jNl80MEd0T0VXS0Y3Xzg5RzZLdmY3QTl2YVEiLCJ1c2VyX2lkIjoxMywiaWF0IjoxNTE0OTE0Mzg0fQ.O3UNteAreSqJYFWS0WKISV5BrMmzxtVFTDRIzLdNUNY',
  'accept' => '*/*',
  'user-agent' => 'Mozilla/5.0 (iPhone; CPU iPhone OS 11_1_2 like Mac OS X) AppleWebKit/604.3.5 (KHTML, like Gecko) Mobile/15B202 MicroMessenger/6.6.1 NetType/WIFI Language/zh_CN',
  'referer' => 'https://servicewechat.com/wxcd9d03f0549d46cd/0/page-frame.html',
  'accept-language' => 'zh-cn',
  'accept-encoding' => 'br, gzip, deflate',
  'content-length' => '',
)
[ info ] [ PARAM ] array (
  'id' => '33',
)
[ info ] [ LOG ] INIT File
---------------------------------------------------------------
[2018-01-16T02:40:45+08:00] 10.139.166.66 117.100.107.112 GET /api/v1/cart/goodscount
[ info ] small.redkylin.com/api/v1/cart/goodscount [运行时间：0.022725s][吞吐率：44.00req/s] [内存消耗：1,800.13kb] [文件加载：40]
[ info ] [ BEHAVIOR ] Run app\api\behavior\CORS @app_init [ RunTime:0.000257s ]
[ info ] [ LANG ] /www/wwwroot/ewei_admin/thinkphp/lang/zh-cn.php
[ info ] [ ROUTE ] array (
  'type' => 'module',
  'module' => 
  array (
    0 => 'api',
    1 => 'v1',
    2 => 'cart',
  ),
)
[ info ] [ HEADER ] array (
  'host' => 'small.redkylin.com',
  'content-type' => 'application/json',
  'connection' => 'keep-alive',
  'x-nideshop-token' => 'eyJhbGciOiJIUzI1NiIsInR5cCI6IkpXVCJ9.eyJzZXNzaW9uX2tleSI6ImlSNEZtR1lqM2hoczJLOVRVQ1RDZHc9PSIsIm9wZW5pZCI6Im9jNl80MEd0T0VXS0Y3Xzg5RzZLdmY3QTl2YVEiLCJ1c2VyX2lkIjoxMywiaWF0IjoxNTE0OTE0Mzg0fQ.O3UNteAreSqJYFWS0WKISV5BrMmzxtVFTDRIzLdNUNY',
  'accept' => '*/*',
  'user-agent' => 'Mozilla/5.0 (iPhone; CPU iPhone OS 11_1_2 like Mac OS X) AppleWebKit/604.3.5 (KHTML, like Gecko) Mobile/15B202 MicroMessenger/6.6.1 NetType/WIFI Language/zh_CN',
  'referer' => 'https://servicewechat.com/wxcd9d03f0549d46cd/0/page-frame.html',
  'accept-language' => 'zh-cn',
  'accept-encoding' => 'br, gzip, deflate',
  'content-length' => '',
)
[ info ] [ PARAM ] array (
)
[ info ] [ LOG ] INIT File
---------------------------------------------------------------
[2018-01-16T02:40:45+08:00] 10.139.166.66 117.100.107.112 GET /api/v1/goods/related?id=33
[ info ] small.redkylin.com/api/v1/goods/related?id=33 [运行时间：0.023367s][吞吐率：42.80req/s] [内存消耗：1,800.46kb] [文件加载：40]
[ info ] [ BEHAVIOR ] Run app\api\behavior\CORS @app_init [ RunTime:0.000270s ]
[ info ] [ LANG ] /www/wwwroot/ewei_admin/thinkphp/lang/zh-cn.php
[ info ] [ ROUTE ] array (
  'type' => 'module',
  'module' => 
  array (
    0 => 'api',
    1 => 'v1',
    2 => 'goods',
  ),
)
[ info ] [ HEADER ] array (
  'host' => 'small.redkylin.com',
  'content-type' => 'application/json',
  'connection' => 'keep-alive',
  'x-nideshop-token' => 'eyJhbGciOiJIUzI1NiIsInR5cCI6IkpXVCJ9.eyJzZXNzaW9uX2tleSI6ImlSNEZtR1lqM2hoczJLOVRVQ1RDZHc9PSIsIm9wZW5pZCI6Im9jNl80MEd0T0VXS0Y3Xzg5RzZLdmY3QTl2YVEiLCJ1c2VyX2lkIjoxMywiaWF0IjoxNTE0OTE0Mzg0fQ.O3UNteAreSqJYFWS0WKISV5BrMmzxtVFTDRIzLdNUNY',
  'accept' => '*/*',
  'user-agent' => 'Mozilla/5.0 (iPhone; CPU iPhone OS 11_1_2 like Mac OS X) AppleWebKit/604.3.5 (KHTML, like Gecko) Mobile/15B202 MicroMessenger/6.6.1 NetType/WIFI Language/zh_CN',
  'referer' => 'https://servicewechat.com/wxcd9d03f0549d46cd/0/page-frame.html',
  'accept-language' => 'zh-cn',
  'accept-encoding' => 'br, gzip, deflate',
  'content-length' => '',
)
[ info ] [ PARAM ] array (
  'id' => '33',
)
[ info ] [ LOG ] INIT File
---------------------------------------------------------------
[2018-01-16T02:45:54+08:00] 10.139.166.66 117.100.107.112 GET /api/v1/goods/related?id=33
[ info ] small.redkylin.com/api/v1/goods/related?id=33 [运行时间：0.022878s][吞吐率：43.71req/s] [内存消耗：1,800.46kb] [文件加载：40]
[ info ] [ BEHAVIOR ] Run app\api\behavior\CORS @app_init [ RunTime:0.000300s ]
[ info ] [ LANG ] /www/wwwroot/ewei_admin/thinkphp/lang/zh-cn.php
[ info ] [ ROUTE ] array (
  'type' => 'module',
  'module' => 
  array (
    0 => 'api',
    1 => 'v1',
    2 => 'goods',
  ),
)
[ info ] [ HEADER ] array (
  'host' => 'small.redkylin.com',
  'content-type' => 'application/json',
  'connection' => 'keep-alive',
  'x-nideshop-token' => 'eyJhbGciOiJIUzI1NiIsInR5cCI6IkpXVCJ9.eyJzZXNzaW9uX2tleSI6ImlSNEZtR1lqM2hoczJLOVRVQ1RDZHc9PSIsIm9wZW5pZCI6Im9jNl80MEd0T0VXS0Y3Xzg5RzZLdmY3QTl2YVEiLCJ1c2VyX2lkIjoxMywiaWF0IjoxNTE0OTE0Mzg0fQ.O3UNteAreSqJYFWS0WKISV5BrMmzxtVFTDRIzLdNUNY',
  'accept' => '*/*',
  'user-agent' => 'Mozilla/5.0 (iPhone; CPU iPhone OS 11_1_2 like Mac OS X) AppleWebKit/604.3.5 (KHTML, like Gecko) Mobile/15B202 MicroMessenger/6.6.1 NetType/WIFI Language/zh_CN',
  'referer' => 'https://servicewechat.com/wxcd9d03f0549d46cd/0/page-frame.html',
  'accept-language' => 'zh-cn',
  'accept-encoding' => 'br, gzip, deflate',
  'content-length' => '',
)
[ info ] [ PARAM ] array (
  'id' => '33',
)
[ info ] [ LOG ] INIT File
---------------------------------------------------------------
[2018-01-16T02:45:54+08:00] 10.139.166.66 117.100.107.112 GET /api/v1/cart/goodscount
[ info ] small.redkylin.com/api/v1/cart/goodscount [运行时间：0.028923s][吞吐率：34.57req/s] [内存消耗：1,800.13kb] [文件加载：40]
[ info ] [ BEHAVIOR ] Run app\api\behavior\CORS @app_init [ RunTime:0.000348s ]
[ info ] [ LANG ] /www/wwwroot/ewei_admin/thinkphp/lang/zh-cn.php
[ info ] [ ROUTE ] array (
  'type' => 'module',
  'module' => 
  array (
    0 => 'api',
    1 => 'v1',
    2 => 'cart',
  ),
)
[ info ] [ HEADER ] array (
  'host' => 'small.redkylin.com',
  'content-type' => 'application/json',
  'connection' => 'keep-alive',
  'x-nideshop-token' => 'eyJhbGciOiJIUzI1NiIsInR5cCI6IkpXVCJ9.eyJzZXNzaW9uX2tleSI6ImlSNEZtR1lqM2hoczJLOVRVQ1RDZHc9PSIsIm9wZW5pZCI6Im9jNl80MEd0T0VXS0Y3Xzg5RzZLdmY3QTl2YVEiLCJ1c2VyX2lkIjoxMywiaWF0IjoxNTE0OTE0Mzg0fQ.O3UNteAreSqJYFWS0WKISV5BrMmzxtVFTDRIzLdNUNY',
  'accept' => '*/*',
  'user-agent' => 'Mozilla/5.0 (iPhone; CPU iPhone OS 11_1_2 like Mac OS X) AppleWebKit/604.3.5 (KHTML, like Gecko) Mobile/15B202 MicroMessenger/6.6.1 NetType/WIFI Language/zh_CN',
  'referer' => 'https://servicewechat.com/wxcd9d03f0549d46cd/0/page-frame.html',
  'accept-language' => 'zh-cn',
  'accept-encoding' => 'br, gzip, deflate',
  'content-length' => '',
)
[ info ] [ PARAM ] array (
)
[ info ] [ LOG ] INIT File
---------------------------------------------------------------
[2018-01-16T02:45:58+08:00] 10.139.166.66 117.100.107.112 GET /api/v1/cart/goodscount
[ info ] small.redkylin.com/api/v1/cart/goodscount [运行时间：0.022481s][吞吐率：44.48req/s] [内存消耗：1,800.13kb] [文件加载：40]
[ info ] [ BEHAVIOR ] Run app\api\behavior\CORS @app_init [ RunTime:0.000258s ]
[ info ] [ LANG ] /www/wwwroot/ewei_admin/thinkphp/lang/zh-cn.php
[ info ] [ ROUTE ] array (
  'type' => 'module',
  'module' => 
  array (
    0 => 'api',
    1 => 'v1',
    2 => 'cart',
  ),
)
[ info ] [ HEADER ] array (
  'host' => 'small.redkylin.com',
  'content-type' => 'application/json',
  'connection' => 'keep-alive',
  'x-nideshop-token' => 'eyJhbGciOiJIUzI1NiIsInR5cCI6IkpXVCJ9.eyJzZXNzaW9uX2tleSI6ImlSNEZtR1lqM2hoczJLOVRVQ1RDZHc9PSIsIm9wZW5pZCI6Im9jNl80MEd0T0VXS0Y3Xzg5RzZLdmY3QTl2YVEiLCJ1c2VyX2lkIjoxMywiaWF0IjoxNTE0OTE0Mzg0fQ.O3UNteAreSqJYFWS0WKISV5BrMmzxtVFTDRIzLdNUNY',
  'accept' => '*/*',
  'user-agent' => 'Mozilla/5.0 (iPhone; CPU iPhone OS 11_1_2 like Mac OS X) AppleWebKit/604.3.5 (KHTML, like Gecko) Mobile/15B202 MicroMessenger/6.6.1 NetType/WIFI Language/zh_CN',
  'referer' => 'https://servicewechat.com/wxcd9d03f0549d46cd/0/page-frame.html',
  'accept-language' => 'zh-cn',
  'accept-encoding' => 'br, gzip, deflate',
  'content-length' => '',
)
[ info ] [ PARAM ] array (
)
[ info ] [ LOG ] INIT File
---------------------------------------------------------------
[2018-01-16T02:45:58+08:00] 10.139.166.66 117.100.107.112 GET /api/v1/goods/related?id=33
[ info ] small.redkylin.com/api/v1/goods/related?id=33 [运行时间：0.026577s][吞吐率：37.63req/s] [内存消耗：1,800.46kb] [文件加载：40]
[ info ] [ BEHAVIOR ] Run app\api\behavior\CORS @app_init [ RunTime:0.000378s ]
[ info ] [ LANG ] /www/wwwroot/ewei_admin/thinkphp/lang/zh-cn.php
[ info ] [ ROUTE ] array (
  'type' => 'module',
  'module' => 
  array (
    0 => 'api',
    1 => 'v1',
    2 => 'goods',
  ),
)
[ info ] [ HEADER ] array (
  'host' => 'small.redkylin.com',
  'content-type' => 'application/json',
  'connection' => 'keep-alive',
  'x-nideshop-token' => 'eyJhbGciOiJIUzI1NiIsInR5cCI6IkpXVCJ9.eyJzZXNzaW9uX2tleSI6ImlSNEZtR1lqM2hoczJLOVRVQ1RDZHc9PSIsIm9wZW5pZCI6Im9jNl80MEd0T0VXS0Y3Xzg5RzZLdmY3QTl2YVEiLCJ1c2VyX2lkIjoxMywiaWF0IjoxNTE0OTE0Mzg0fQ.O3UNteAreSqJYFWS0WKISV5BrMmzxtVFTDRIzLdNUNY',
  'accept' => '*/*',
  'user-agent' => 'Mozilla/5.0 (iPhone; CPU iPhone OS 11_1_2 like Mac OS X) AppleWebKit/604.3.5 (KHTML, like Gecko) Mobile/15B202 MicroMessenger/6.6.1 NetType/WIFI Language/zh_CN',
  'referer' => 'https://servicewechat.com/wxcd9d03f0549d46cd/0/page-frame.html',
  'accept-language' => 'zh-cn',
  'accept-encoding' => 'br, gzip, deflate',
  'content-length' => '',
)
[ info ] [ PARAM ] array (
  'id' => '33',
)
[ info ] [ LOG ] INIT File
---------------------------------------------------------------
[2018-01-16T02:46:01+08:00] 10.139.166.66 117.100.107.112 GET /api/v1/cart/index
[ info ] small.redkylin.com/api/v1/cart/index [运行时间：0.032918s][吞吐率：30.38req/s] [内存消耗：1,799.87kb] [文件加载：40]
[ info ] [ BEHAVIOR ] Run app\api\behavior\CORS @app_init [ RunTime:0.000377s ]
[ info ] [ LANG ] /www/wwwroot/ewei_admin/thinkphp/lang/zh-cn.php
[ info ] [ ROUTE ] array (
  'type' => 'module',
  'module' => 
  array (
    0 => 'api',
    1 => 'v1',
    2 => 'cart',
  ),
)
[ info ] [ HEADER ] array (
  'host' => 'small.redkylin.com',
  'content-type' => 'application/json',
  'connection' => 'keep-alive',
  'x-nideshop-token' => 'eyJhbGciOiJIUzI1NiIsInR5cCI6IkpXVCJ9.eyJzZXNzaW9uX2tleSI6ImlSNEZtR1lqM2hoczJLOVRVQ1RDZHc9PSIsIm9wZW5pZCI6Im9jNl80MEd0T0VXS0Y3Xzg5RzZLdmY3QTl2YVEiLCJ1c2VyX2lkIjoxMywiaWF0IjoxNTE0OTE0Mzg0fQ.O3UNteAreSqJYFWS0WKISV5BrMmzxtVFTDRIzLdNUNY',
  'accept' => '*/*',
  'user-agent' => 'Mozilla/5.0 (iPhone; CPU iPhone OS 11_1_2 like Mac OS X) AppleWebKit/604.3.5 (KHTML, like Gecko) Mobile/15B202 MicroMessenger/6.6.1 NetType/WIFI Language/zh_CN',
  'referer' => 'https://servicewechat.com/wxcd9d03f0549d46cd/0/page-frame.html',
  'accept-language' => 'zh-cn',
  'accept-encoding' => 'br, gzip, deflate',
  'content-length' => '',
)
[ info ] [ PARAM ] array (
)
[ info ] [ LOG ] INIT File
---------------------------------------------------------------
[2018-01-16T02:46:07+08:00] 10.139.166.66 117.100.107.112 GET /api/v1/topic/detail?id=15
[ info ] small.redkylin.com/api/v1/topic/detail?id=15 [运行时间：0.023965s][吞吐率：41.73req/s] [内存消耗：1,800.41kb] [文件加载：40]
[ info ] [ BEHAVIOR ] Run app\api\behavior\CORS @app_init [ RunTime:0.000241s ]
[ info ] [ LANG ] /www/wwwroot/ewei_admin/thinkphp/lang/zh-cn.php
[ info ] [ ROUTE ] array (
  'type' => 'module',
  'module' => 
  array (
    0 => 'api',
    1 => 'v1',
    2 => 'topic',
  ),
)
[ info ] [ HEADER ] array (
  'host' => 'small.redkylin.com',
  'content-type' => 'application/json',
  'connection' => 'keep-alive',
  'x-nideshop-token' => 'eyJhbGciOiJIUzI1NiIsInR5cCI6IkpXVCJ9.eyJzZXNzaW9uX2tleSI6ImlSNEZtR1lqM2hoczJLOVRVQ1RDZHc9PSIsIm9wZW5pZCI6Im9jNl80MEd0T0VXS0Y3Xzg5RzZLdmY3QTl2YVEiLCJ1c2VyX2lkIjoxMywiaWF0IjoxNTE0OTE0Mzg0fQ.O3UNteAreSqJYFWS0WKISV5BrMmzxtVFTDRIzLdNUNY',
  'accept' => '*/*',
  'user-agent' => 'Mozilla/5.0 (iPhone; CPU iPhone OS 11_1_2 like Mac OS X) AppleWebKit/604.3.5 (KHTML, like Gecko) Mobile/15B202 MicroMessenger/6.6.1 NetType/WIFI Language/zh_CN',
  'referer' => 'https://servicewechat.com/wxcd9d03f0549d46cd/0/page-frame.html',
  'accept-language' => 'zh-cn',
  'accept-encoding' => 'br, gzip, deflate',
  'content-length' => '',
)
[ info ] [ PARAM ] array (
  'id' => '15',
)
[ info ] [ LOG ] INIT File
---------------------------------------------------------------
[2018-01-16T02:46:07+08:00] 10.139.166.66 117.100.107.112 GET /api/v1/topic/related?id=15
[ info ] small.redkylin.com/api/v1/topic/related?id=15 [运行时间：0.029373s][吞吐率：34.04req/s] [内存消耗：1,800.46kb] [文件加载：40]
[ info ] [ BEHAVIOR ] Run app\api\behavior\CORS @app_init [ RunTime:0.000289s ]
[ info ] [ LANG ] /www/wwwroot/ewei_admin/thinkphp/lang/zh-cn.php
[ info ] [ ROUTE ] array (
  'type' => 'module',
  'module' => 
  array (
    0 => 'api',
    1 => 'v1',
    2 => 'topic',
  ),
)
[ info ] [ HEADER ] array (
  'host' => 'small.redkylin.com',
  'content-type' => 'application/json',
  'connection' => 'keep-alive',
  'x-nideshop-token' => 'eyJhbGciOiJIUzI1NiIsInR5cCI6IkpXVCJ9.eyJzZXNzaW9uX2tleSI6ImlSNEZtR1lqM2hoczJLOVRVQ1RDZHc9PSIsIm9wZW5pZCI6Im9jNl80MEd0T0VXS0Y3Xzg5RzZLdmY3QTl2YVEiLCJ1c2VyX2lkIjoxMywiaWF0IjoxNTE0OTE0Mzg0fQ.O3UNteAreSqJYFWS0WKISV5BrMmzxtVFTDRIzLdNUNY',
  'accept' => '*/*',
  'user-agent' => 'Mozilla/5.0 (iPhone; CPU iPhone OS 11_1_2 like Mac OS X) AppleWebKit/604.3.5 (KHTML, like Gecko) Mobile/15B202 MicroMessenger/6.6.1 NetType/WIFI Language/zh_CN',
  'referer' => 'https://servicewechat.com/wxcd9d03f0549d46cd/0/page-frame.html',
  'accept-language' => 'zh-cn',
  'accept-encoding' => 'br, gzip, deflate',
  'content-length' => '',
)
[ info ] [ PARAM ] array (
  'id' => '15',
)
[ info ] [ LOG ] INIT File
---------------------------------------------------------------
[2018-01-16T02:46:07+08:00] 10.139.166.66 117.100.107.112 GET /api/v1/comment/list?valueId=15&typeId=1&size=5
[ info ] small.redkylin.com/api/v1/comment/list?valueId=15&typeId=1&size=5 [运行时间：0.024691s][吞吐率：40.50req/s] [内存消耗：1,800.88kb] [文件加载：40]
[ info ] [ BEHAVIOR ] Run app\api\behavior\CORS @app_init [ RunTime:0.000261s ]
[ info ] [ LANG ] /www/wwwroot/ewei_admin/thinkphp/lang/zh-cn.php
[ info ] [ ROUTE ] array (
  'type' => 'module',
  'module' => 
  array (
    0 => 'api',
    1 => 'v1',
    2 => 'comment',
  ),
)
[ info ] [ HEADER ] array (
  'host' => 'small.redkylin.com',
  'content-type' => 'application/json',
  'connection' => 'keep-alive',
  'x-nideshop-token' => 'eyJhbGciOiJIUzI1NiIsInR5cCI6IkpXVCJ9.eyJzZXNzaW9uX2tleSI6ImlSNEZtR1lqM2hoczJLOVRVQ1RDZHc9PSIsIm9wZW5pZCI6Im9jNl80MEd0T0VXS0Y3Xzg5RzZLdmY3QTl2YVEiLCJ1c2VyX2lkIjoxMywiaWF0IjoxNTE0OTE0Mzg0fQ.O3UNteAreSqJYFWS0WKISV5BrMmzxtVFTDRIzLdNUNY',
  'accept' => '*/*',
  'user-agent' => 'Mozilla/5.0 (iPhone; CPU iPhone OS 11_1_2 like Mac OS X) AppleWebKit/604.3.5 (KHTML, like Gecko) Mobile/15B202 MicroMessenger/6.6.1 NetType/WIFI Language/zh_CN',
  'referer' => 'https://servicewechat.com/wxcd9d03f0549d46cd/0/page-frame.html',
  'accept-language' => 'zh-cn',
  'accept-encoding' => 'br, gzip, deflate',
  'content-length' => '',
)
[ info ] [ PARAM ] array (
  'valueId' => '15',
  'typeId' => '1',
  'size' => '5',
)
[ info ] [ LOG ] INIT File
---------------------------------------------------------------
[2018-01-16T02:46:40+08:00] 10.139.166.66 117.100.107.112 GET /api/v1/goods/related?id=33
[ info ] small.redkylin.com/api/v1/goods/related?id=33 [运行时间：0.023269s][吞吐率：42.98req/s] [内存消耗：1,800.46kb] [文件加载：40]
[ info ] [ BEHAVIOR ] Run app\api\behavior\CORS @app_init [ RunTime:0.000240s ]
[ info ] [ LANG ] /www/wwwroot/ewei_admin/thinkphp/lang/zh-cn.php
[ info ] [ ROUTE ] array (
  'type' => 'module',
  'module' => 
  array (
    0 => 'api',
    1 => 'v1',
    2 => 'goods',
  ),
)
[ info ] [ HEADER ] array (
  'host' => 'small.redkylin.com',
  'content-type' => 'application/json',
  'connection' => 'keep-alive',
  'x-nideshop-token' => 'eyJhbGciOiJIUzI1NiIsInR5cCI6IkpXVCJ9.eyJzZXNzaW9uX2tleSI6ImlSNEZtR1lqM2hoczJLOVRVQ1RDZHc9PSIsIm9wZW5pZCI6Im9jNl80MEd0T0VXS0Y3Xzg5RzZLdmY3QTl2YVEiLCJ1c2VyX2lkIjoxMywiaWF0IjoxNTE0OTE0Mzg0fQ.O3UNteAreSqJYFWS0WKISV5BrMmzxtVFTDRIzLdNUNY',
  'accept' => '*/*',
  'user-agent' => 'Mozilla/5.0 (iPhone; CPU iPhone OS 11_1_2 like Mac OS X) AppleWebKit/604.3.5 (KHTML, like Gecko) Mobile/15B202 MicroMessenger/6.6.1 NetType/WIFI Language/zh_CN',
  'referer' => 'https://servicewechat.com/wxcd9d03f0549d46cd/0/page-frame.html',
  'accept-language' => 'zh-cn',
  'accept-encoding' => 'br, gzip, deflate',
  'content-length' => '',
)
[ info ] [ PARAM ] array (
  'id' => '33',
)
[ info ] [ LOG ] INIT File
---------------------------------------------------------------
[2018-01-16T02:46:40+08:00] 10.139.166.66 117.100.107.112 GET /api/v1/cart/goodscount
[ info ] small.redkylin.com/api/v1/cart/goodscount [运行时间：0.024273s][吞吐率：41.20req/s] [内存消耗：1,800.13kb] [文件加载：40]
[ info ] [ BEHAVIOR ] Run app\api\behavior\CORS @app_init [ RunTime:0.000263s ]
[ info ] [ LANG ] /www/wwwroot/ewei_admin/thinkphp/lang/zh-cn.php
[ info ] [ ROUTE ] array (
  'type' => 'module',
  'module' => 
  array (
    0 => 'api',
    1 => 'v1',
    2 => 'cart',
  ),
)
[ info ] [ HEADER ] array (
  'host' => 'small.redkylin.com',
  'content-type' => 'application/json',
  'connection' => 'keep-alive',
  'x-nideshop-token' => 'eyJhbGciOiJIUzI1NiIsInR5cCI6IkpXVCJ9.eyJzZXNzaW9uX2tleSI6ImlSNEZtR1lqM2hoczJLOVRVQ1RDZHc9PSIsIm9wZW5pZCI6Im9jNl80MEd0T0VXS0Y3Xzg5RzZLdmY3QTl2YVEiLCJ1c2VyX2lkIjoxMywiaWF0IjoxNTE0OTE0Mzg0fQ.O3UNteAreSqJYFWS0WKISV5BrMmzxtVFTDRIzLdNUNY',
  'accept' => '*/*',
  'user-agent' => 'Mozilla/5.0 (iPhone; CPU iPhone OS 11_1_2 like Mac OS X) AppleWebKit/604.3.5 (KHTML, like Gecko) Mobile/15B202 MicroMessenger/6.6.1 NetType/WIFI Language/zh_CN',
  'referer' => 'https://servicewechat.com/wxcd9d03f0549d46cd/0/page-frame.html',
  'accept-language' => 'zh-cn',
  'accept-encoding' => 'br, gzip, deflate',
  'content-length' => '',
)
[ info ] [ PARAM ] array (
)
[ info ] [ LOG ] INIT File
---------------------------------------------------------------
[2018-01-16T02:46:41+08:00] 10.139.166.66 117.100.107.112 GET /api/v1/cart/goodscount
[ info ] small.redkylin.com/api/v1/cart/goodscount [运行时间：0.022891s][吞吐率：43.69req/s] [内存消耗：1,800.13kb] [文件加载：40]
[ info ] [ BEHAVIOR ] Run app\api\behavior\CORS @app_init [ RunTime:0.000304s ]
[ info ] [ LANG ] /www/wwwroot/ewei_admin/thinkphp/lang/zh-cn.php
[ info ] [ ROUTE ] array (
  'type' => 'module',
  'module' => 
  array (
    0 => 'api',
    1 => 'v1',
    2 => 'cart',
  ),
)
[ info ] [ HEADER ] array (
  'host' => 'small.redkylin.com',
  'content-type' => 'application/json',
  'connection' => 'keep-alive',
  'x-nideshop-token' => 'eyJhbGciOiJIUzI1NiIsInR5cCI6IkpXVCJ9.eyJzZXNzaW9uX2tleSI6ImlSNEZtR1lqM2hoczJLOVRVQ1RDZHc9PSIsIm9wZW5pZCI6Im9jNl80MEd0T0VXS0Y3Xzg5RzZLdmY3QTl2YVEiLCJ1c2VyX2lkIjoxMywiaWF0IjoxNTE0OTE0Mzg0fQ.O3UNteAreSqJYFWS0WKISV5BrMmzxtVFTDRIzLdNUNY',
  'accept' => '*/*',
  'user-agent' => 'Mozilla/5.0 (iPhone; CPU iPhone OS 11_1_2 like Mac OS X) AppleWebKit/604.3.5 (KHTML, like Gecko) Mobile/15B202 MicroMessenger/6.6.1 NetType/WIFI Language/zh_CN',
  'referer' => 'https://servicewechat.com/wxcd9d03f0549d46cd/0/page-frame.html',
  'accept-language' => 'zh-cn',
  'accept-encoding' => 'br, gzip, deflate',
  'content-length' => '',
)
[ info ] [ PARAM ] array (
)
[ info ] [ LOG ] INIT File
---------------------------------------------------------------
[2018-01-16T02:46:41+08:00] 10.139.166.66 117.100.107.112 GET /api/v1/goods/related?id=36
[ info ] small.redkylin.com/api/v1/goods/related?id=36 [运行时间：0.024479s][吞吐率：40.85req/s] [内存消耗：1,800.46kb] [文件加载：40]
[ info ] [ BEHAVIOR ] Run app\api\behavior\CORS @app_init [ RunTime:0.000314s ]
[ info ] [ LANG ] /www/wwwroot/ewei_admin/thinkphp/lang/zh-cn.php
[ info ] [ ROUTE ] array (
  'type' => 'module',
  'module' => 
  array (
    0 => 'api',
    1 => 'v1',
    2 => 'goods',
  ),
)
[ info ] [ HEADER ] array (
  'host' => 'small.redkylin.com',
  'content-type' => 'application/json',
  'connection' => 'keep-alive',
  'x-nideshop-token' => 'eyJhbGciOiJIUzI1NiIsInR5cCI6IkpXVCJ9.eyJzZXNzaW9uX2tleSI6ImlSNEZtR1lqM2hoczJLOVRVQ1RDZHc9PSIsIm9wZW5pZCI6Im9jNl80MEd0T0VXS0Y3Xzg5RzZLdmY3QTl2YVEiLCJ1c2VyX2lkIjoxMywiaWF0IjoxNTE0OTE0Mzg0fQ.O3UNteAreSqJYFWS0WKISV5BrMmzxtVFTDRIzLdNUNY',
  'accept' => '*/*',
  'user-agent' => 'Mozilla/5.0 (iPhone; CPU iPhone OS 11_1_2 like Mac OS X) AppleWebKit/604.3.5 (KHTML, like Gecko) Mobile/15B202 MicroMessenger/6.6.1 NetType/WIFI Language/zh_CN',
  'referer' => 'https://servicewechat.com/wxcd9d03f0549d46cd/0/page-frame.html',
  'accept-language' => 'zh-cn',
  'accept-encoding' => 'br, gzip, deflate',
  'content-length' => '',
)
[ info ] [ PARAM ] array (
  'id' => '36',
)
[ info ] [ LOG ] INIT File
---------------------------------------------------------------
[2018-01-16T02:46:55+08:00] 10.139.166.66 117.100.107.112 GET /api/v1/cart/goodscount
[ info ] small.redkylin.com/api/v1/cart/goodscount [运行时间：0.033557s][吞吐率：29.80req/s] [内存消耗：1,800.13kb] [文件加载：40]
[ info ] [ BEHAVIOR ] Run app\api\behavior\CORS @app_init [ RunTime:0.000378s ]
[ info ] [ LANG ] /www/wwwroot/ewei_admin/thinkphp/lang/zh-cn.php
[ info ] [ ROUTE ] array (
  'type' => 'module',
  'module' => 
  array (
    0 => 'api',
    1 => 'v1',
    2 => 'cart',
  ),
)
[ info ] [ HEADER ] array (
  'host' => 'small.redkylin.com',
  'content-type' => 'application/json',
  'connection' => 'keep-alive',
  'x-nideshop-token' => 'eyJhbGciOiJIUzI1NiIsInR5cCI6IkpXVCJ9.eyJzZXNzaW9uX2tleSI6ImlSNEZtR1lqM2hoczJLOVRVQ1RDZHc9PSIsIm9wZW5pZCI6Im9jNl80MEd0T0VXS0Y3Xzg5RzZLdmY3QTl2YVEiLCJ1c2VyX2lkIjoxMywiaWF0IjoxNTE0OTE0Mzg0fQ.O3UNteAreSqJYFWS0WKISV5BrMmzxtVFTDRIzLdNUNY',
  'accept' => '*/*',
  'user-agent' => 'Mozilla/5.0 (iPhone; CPU iPhone OS 11_1_2 like Mac OS X) AppleWebKit/604.3.5 (KHTML, like Gecko) Mobile/15B202 MicroMessenger/6.6.1 NetType/WIFI Language/zh_CN',
  'referer' => 'https://servicewechat.com/wxcd9d03f0549d46cd/0/page-frame.html',
  'accept-language' => 'zh-cn',
  'accept-encoding' => 'br, gzip, deflate',
  'content-length' => '',
)
[ info ] [ PARAM ] array (
)
[ info ] [ LOG ] INIT File
---------------------------------------------------------------
[2018-01-16T02:46:55+08:00] 10.139.166.66 117.100.107.112 GET /api/v1/goods/related?id=37
[ info ] small.redkylin.com/api/v1/goods/related?id=37 [运行时间：0.023955s][吞吐率：41.75req/s] [内存消耗：1,800.46kb] [文件加载：40]
[ info ] [ BEHAVIOR ] Run app\api\behavior\CORS @app_init [ RunTime:0.000292s ]
[ info ] [ LANG ] /www/wwwroot/ewei_admin/thinkphp/lang/zh-cn.php
[ info ] [ ROUTE ] array (
  'type' => 'module',
  'module' => 
  array (
    0 => 'api',
    1 => 'v1',
    2 => 'goods',
  ),
)
[ info ] [ HEADER ] array (
  'host' => 'small.redkylin.com',
  'content-type' => 'application/json',
  'connection' => 'keep-alive',
  'x-nideshop-token' => 'eyJhbGciOiJIUzI1NiIsInR5cCI6IkpXVCJ9.eyJzZXNzaW9uX2tleSI6ImlSNEZtR1lqM2hoczJLOVRVQ1RDZHc9PSIsIm9wZW5pZCI6Im9jNl80MEd0T0VXS0Y3Xzg5RzZLdmY3QTl2YVEiLCJ1c2VyX2lkIjoxMywiaWF0IjoxNTE0OTE0Mzg0fQ.O3UNteAreSqJYFWS0WKISV5BrMmzxtVFTDRIzLdNUNY',
  'accept' => '*/*',
  'user-agent' => 'Mozilla/5.0 (iPhone; CPU iPhone OS 11_1_2 like Mac OS X) AppleWebKit/604.3.5 (KHTML, like Gecko) Mobile/15B202 MicroMessenger/6.6.1 NetType/WIFI Language/zh_CN',
  'referer' => 'https://servicewechat.com/wxcd9d03f0549d46cd/0/page-frame.html',
  'accept-language' => 'zh-cn',
  'accept-encoding' => 'br, gzip, deflate',
  'content-length' => '',
)
[ info ] [ PARAM ] array (
  'id' => '37',
)
[ info ] [ LOG ] INIT File
---------------------------------------------------------------
[2018-01-16T02:47:04+08:00] 10.139.166.66 117.100.107.112 GET /api/v1/cart/goodscount
[ info ] small.redkylin.com/api/v1/cart/goodscount [运行时间：0.025597s][吞吐率：39.07req/s] [内存消耗：1,800.13kb] [文件加载：40]
[ info ] [ BEHAVIOR ] Run app\api\behavior\CORS @app_init [ RunTime:0.000314s ]
[ info ] [ LANG ] /www/wwwroot/ewei_admin/thinkphp/lang/zh-cn.php
[ info ] [ ROUTE ] array (
  'type' => 'module',
  'module' => 
  array (
    0 => 'api',
    1 => 'v1',
    2 => 'cart',
  ),
)
[ info ] [ HEADER ] array (
  'host' => 'small.redkylin.com',
  'content-type' => 'application/json',
  'connection' => 'keep-alive',
  'x-nideshop-token' => 'eyJhbGciOiJIUzI1NiIsInR5cCI6IkpXVCJ9.eyJzZXNzaW9uX2tleSI6ImlSNEZtR1lqM2hoczJLOVRVQ1RDZHc9PSIsIm9wZW5pZCI6Im9jNl80MEd0T0VXS0Y3Xzg5RzZLdmY3QTl2YVEiLCJ1c2VyX2lkIjoxMywiaWF0IjoxNTE0OTE0Mzg0fQ.O3UNteAreSqJYFWS0WKISV5BrMmzxtVFTDRIzLdNUNY',
  'accept' => '*/*',
  'user-agent' => 'Mozilla/5.0 (iPhone; CPU iPhone OS 11_1_2 like Mac OS X) AppleWebKit/604.3.5 (KHTML, like Gecko) Mobile/15B202 MicroMessenger/6.6.1 NetType/WIFI Language/zh_CN',
  'referer' => 'https://servicewechat.com/wxcd9d03f0549d46cd/0/page-frame.html',
  'accept-language' => 'zh-cn',
  'accept-encoding' => 'br, gzip, deflate',
  'content-length' => '',
)
[ info ] [ PARAM ] array (
)
[ info ] [ LOG ] INIT File
---------------------------------------------------------------
[2018-01-16T02:47:04+08:00] 10.139.166.66 117.100.107.112 GET /api/v1/goods/related?id=37
[ info ] small.redkylin.com/api/v1/goods/related?id=37 [运行时间：0.026447s][吞吐率：37.81req/s] [内存消耗：1,800.46kb] [文件加载：40]
[ info ] [ BEHAVIOR ] Run app\api\behavior\CORS @app_init [ RunTime:0.000340s ]
[ info ] [ LANG ] /www/wwwroot/ewei_admin/thinkphp/lang/zh-cn.php
[ info ] [ ROUTE ] array (
  'type' => 'module',
  'module' => 
  array (
    0 => 'api',
    1 => 'v1',
    2 => 'goods',
  ),
)
[ info ] [ HEADER ] array (
  'host' => 'small.redkylin.com',
  'content-type' => 'application/json',
  'connection' => 'keep-alive',
  'x-nideshop-token' => 'eyJhbGciOiJIUzI1NiIsInR5cCI6IkpXVCJ9.eyJzZXNzaW9uX2tleSI6ImlSNEZtR1lqM2hoczJLOVRVQ1RDZHc9PSIsIm9wZW5pZCI6Im9jNl80MEd0T0VXS0Y3Xzg5RzZLdmY3QTl2YVEiLCJ1c2VyX2lkIjoxMywiaWF0IjoxNTE0OTE0Mzg0fQ.O3UNteAreSqJYFWS0WKISV5BrMmzxtVFTDRIzLdNUNY',
  'accept' => '*/*',
  'user-agent' => 'Mozilla/5.0 (iPhone; CPU iPhone OS 11_1_2 like Mac OS X) AppleWebKit/604.3.5 (KHTML, like Gecko) Mobile/15B202 MicroMessenger/6.6.1 NetType/WIFI Language/zh_CN',
  'referer' => 'https://servicewechat.com/wxcd9d03f0549d46cd/0/page-frame.html',
  'accept-language' => 'zh-cn',
  'accept-encoding' => 'br, gzip, deflate',
  'content-length' => '',
)
[ info ] [ PARAM ] array (
  'id' => '37',
)
[ info ] [ LOG ] INIT File
---------------------------------------------------------------
[2018-01-16T02:47:22+08:00] 10.139.166.66 117.100.107.112 GET /api/v1/order/list
[ info ] small.redkylin.com/api/v1/order/list [运行时间：0.022991s][吞吐率：43.50req/s] [内存消耗：1,799.91kb] [文件加载：40]
[ info ] [ BEHAVIOR ] Run app\api\behavior\CORS @app_init [ RunTime:0.000258s ]
[ info ] [ LANG ] /www/wwwroot/ewei_admin/thinkphp/lang/zh-cn.php
[ info ] [ ROUTE ] array (
  'type' => 'module',
  'module' => 
  array (
    0 => 'api',
    1 => 'v1',
    2 => 'order',
  ),
)
[ info ] [ HEADER ] array (
  'host' => 'small.redkylin.com',
  'content-type' => 'application/json',
  'connection' => 'keep-alive',
  'x-nideshop-token' => 'eyJhbGciOiJIUzI1NiIsInR5cCI6IkpXVCJ9.eyJzZXNzaW9uX2tleSI6ImlSNEZtR1lqM2hoczJLOVRVQ1RDZHc9PSIsIm9wZW5pZCI6Im9jNl80MEd0T0VXS0Y3Xzg5RzZLdmY3QTl2YVEiLCJ1c2VyX2lkIjoxMywiaWF0IjoxNTE0OTE0Mzg0fQ.O3UNteAreSqJYFWS0WKISV5BrMmzxtVFTDRIzLdNUNY',
  'accept' => '*/*',
  'user-agent' => 'Mozilla/5.0 (iPhone; CPU iPhone OS 11_1_2 like Mac OS X) AppleWebKit/604.3.5 (KHTML, like Gecko) Mobile/15B202 MicroMessenger/6.6.1 NetType/WIFI Language/zh_CN',
  'referer' => 'https://servicewechat.com/wxcd9d03f0549d46cd/0/page-frame.html',
  'accept-language' => 'zh-cn',
  'accept-encoding' => 'br, gzip, deflate',
  'content-length' => '',
)
[ info ] [ PARAM ] array (
)
[ info ] [ LOG ] INIT File
---------------------------------------------------------------
[2018-01-16T02:47:27+08:00] 10.139.166.66 117.100.107.112 GET /api/v1/collect/list?typeId=0
[ info ] small.redkylin.com/api/v1/collect/list?typeId=0 [运行时间：0.024456s][吞吐率：40.89req/s] [内存消耗：1,800.39kb] [文件加载：40]
[ info ] [ BEHAVIOR ] Run app\api\behavior\CORS @app_init [ RunTime:0.000255s ]
[ info ] [ LANG ] /www/wwwroot/ewei_admin/thinkphp/lang/zh-cn.php
[ info ] [ ROUTE ] array (
  'type' => 'module',
  'module' => 
  array (
    0 => 'api',
    1 => 'v1',
    2 => 'collect',
  ),
)
[ info ] [ HEADER ] array (
  'host' => 'small.redkylin.com',
  'content-type' => 'application/json',
  'connection' => 'keep-alive',
  'x-nideshop-token' => 'eyJhbGciOiJIUzI1NiIsInR5cCI6IkpXVCJ9.eyJzZXNzaW9uX2tleSI6ImlSNEZtR1lqM2hoczJLOVRVQ1RDZHc9PSIsIm9wZW5pZCI6Im9jNl80MEd0T0VXS0Y3Xzg5RzZLdmY3QTl2YVEiLCJ1c2VyX2lkIjoxMywiaWF0IjoxNTE0OTE0Mzg0fQ.O3UNteAreSqJYFWS0WKISV5BrMmzxtVFTDRIzLdNUNY',
  'accept' => '*/*',
  'user-agent' => 'Mozilla/5.0 (iPhone; CPU iPhone OS 11_1_2 like Mac OS X) AppleWebKit/604.3.5 (KHTML, like Gecko) Mobile/15B202 MicroMessenger/6.6.1 NetType/WIFI Language/zh_CN',
  'referer' => 'https://servicewechat.com/wxcd9d03f0549d46cd/0/page-frame.html',
  'accept-language' => 'zh-cn',
  'accept-encoding' => 'br, gzip, deflate',
  'content-length' => '',
)
[ info ] [ PARAM ] array (
  'typeId' => '0',
)
[ info ] [ LOG ] INIT File
---------------------------------------------------------------
[2018-01-16T02:47:28+08:00] 10.139.166.66 117.100.107.112 GET /api/v1/footprint/list
[ info ] small.redkylin.com/api/v1/footprint/list [运行时间：0.023632s][吞吐率：42.32req/s] [内存消耗：1,800.16kb] [文件加载：40]
[ info ] [ BEHAVIOR ] Run app\api\behavior\CORS @app_init [ RunTime:0.000302s ]
[ info ] [ LANG ] /www/wwwroot/ewei_admin/thinkphp/lang/zh-cn.php
[ info ] [ ROUTE ] array (
  'type' => 'module',
  'module' => 
  array (
    0 => 'api',
    1 => 'v1',
    2 => 'footprint',
  ),
)
[ info ] [ HEADER ] array (
  'host' => 'small.redkylin.com',
  'content-type' => 'application/json',
  'connection' => 'keep-alive',
  'x-nideshop-token' => 'eyJhbGciOiJIUzI1NiIsInR5cCI6IkpXVCJ9.eyJzZXNzaW9uX2tleSI6ImlSNEZtR1lqM2hoczJLOVRVQ1RDZHc9PSIsIm9wZW5pZCI6Im9jNl80MEd0T0VXS0Y3Xzg5RzZLdmY3QTl2YVEiLCJ1c2VyX2lkIjoxMywiaWF0IjoxNTE0OTE0Mzg0fQ.O3UNteAreSqJYFWS0WKISV5BrMmzxtVFTDRIzLdNUNY',
  'accept' => '*/*',
  'user-agent' => 'Mozilla/5.0 (iPhone; CPU iPhone OS 11_1_2 like Mac OS X) AppleWebKit/604.3.5 (KHTML, like Gecko) Mobile/15B202 MicroMessenger/6.6.1 NetType/WIFI Language/zh_CN',
  'referer' => 'https://servicewechat.com/wxcd9d03f0549d46cd/0/page-frame.html',
  'accept-language' => 'zh-cn',
  'accept-encoding' => 'br, gzip, deflate',
  'content-length' => '',
)
[ info ] [ PARAM ] array (
)
[ info ] [ LOG ] INIT File
---------------------------------------------------------------
[2018-01-16T02:47:30+08:00] 10.139.166.66 117.100.107.112 GET /api/v1/address/list
[ info ] small.redkylin.com/api/v1/address/list [运行时间：0.035383s][吞吐率：28.26req/s] [内存消耗：2,333.59kb] [文件加载：53]
[ info ] [ BEHAVIOR ] Run app\api\behavior\CORS @app_init [ RunTime:0.000285s ]
[ info ] [ LANG ] /www/wwwroot/ewei_admin/thinkphp/lang/zh-cn.php
[ info ] [ ROUTE ] array (
  'type' => 'module',
  'module' => 
  array (
    0 => 'api',
    1 => 'v1.Address',
    2 => 'getUserAddress',
  ),
  'convert' => false,
)
[ info ] [ HEADER ] array (
  'host' => 'small.redkylin.com',
  'content-type' => 'application/json',
  'connection' => 'keep-alive',
  'x-nideshop-token' => 'eyJhbGciOiJIUzI1NiIsInR5cCI6IkpXVCJ9.eyJzZXNzaW9uX2tleSI6ImlSNEZtR1lqM2hoczJLOVRVQ1RDZHc9PSIsIm9wZW5pZCI6Im9jNl80MEd0T0VXS0Y3Xzg5RzZLdmY3QTl2YVEiLCJ1c2VyX2lkIjoxMywiaWF0IjoxNTE0OTE0Mzg0fQ.O3UNteAreSqJYFWS0WKISV5BrMmzxtVFTDRIzLdNUNY',
  'accept' => '*/*',
  'user-agent' => 'Mozilla/5.0 (iPhone; CPU iPhone OS 11_1_2 like Mac OS X) AppleWebKit/604.3.5 (KHTML, like Gecko) Mobile/15B202 MicroMessenger/6.6.1 NetType/WIFI Language/zh_CN',
  'referer' => 'https://servicewechat.com/wxcd9d03f0549d46cd/0/page-frame.html',
  'accept-language' => 'zh-cn',
  'accept-encoding' => 'br, gzip, deflate',
  'content-length' => '',
)
[ info ] [ PARAM ] array (
  'version' => 'v1',
)
[ info ] [ CACHE ] INIT File
[ info ] [ LOG ] INIT File
---------------------------------------------------------------
[2018-01-16T02:47:32+08:00] 10.139.166.66 117.100.107.112 GET /api/v1/collect/list?typeId=0
[ info ] small.redkylin.com/api/v1/collect/list?typeId=0 [运行时间：0.021994s][吞吐率：45.47req/s] [内存消耗：1,800.39kb] [文件加载：40]
[ info ] [ BEHAVIOR ] Run app\api\behavior\CORS @app_init [ RunTime:0.000283s ]
[ info ] [ LANG ] /www/wwwroot/ewei_admin/thinkphp/lang/zh-cn.php
[ info ] [ ROUTE ] array (
  'type' => 'module',
  'module' => 
  array (
    0 => 'api',
    1 => 'v1',
    2 => 'collect',
  ),
)
[ info ] [ HEADER ] array (
  'host' => 'small.redkylin.com',
  'content-type' => 'application/json',
  'connection' => 'keep-alive',
  'x-nideshop-token' => 'eyJhbGciOiJIUzI1NiIsInR5cCI6IkpXVCJ9.eyJzZXNzaW9uX2tleSI6ImlSNEZtR1lqM2hoczJLOVRVQ1RDZHc9PSIsIm9wZW5pZCI6Im9jNl80MEd0T0VXS0Y3Xzg5RzZLdmY3QTl2YVEiLCJ1c2VyX2lkIjoxMywiaWF0IjoxNTE0OTE0Mzg0fQ.O3UNteAreSqJYFWS0WKISV5BrMmzxtVFTDRIzLdNUNY',
  'accept' => '*/*',
  'user-agent' => 'Mozilla/5.0 (iPhone; CPU iPhone OS 11_1_2 like Mac OS X) AppleWebKit/604.3.5 (KHTML, like Gecko) Mobile/15B202 MicroMessenger/6.6.1 NetType/WIFI Language/zh_CN',
  'referer' => 'https://servicewechat.com/wxcd9d03f0549d46cd/0/page-frame.html',
  'accept-language' => 'zh-cn',
  'accept-encoding' => 'br, gzip, deflate',
  'content-length' => '',
)
[ info ] [ PARAM ] array (
  'typeId' => '0',
)
[ info ] [ LOG ] INIT File
---------------------------------------------------------------
[2018-01-16T08:55:37+08:00] 10.139.166.66 114.242.249.189 GET /api/v1/order/list
[ info ] small.redkylin.com/api/v1/order/list [运行时间：0.028011s][吞吐率：35.70req/s] [内存消耗：1,799.91kb] [文件加载：40]
[ info ] [ BEHAVIOR ] Run app\api\behavior\CORS @app_init [ RunTime:0.000277s ]
[ info ] [ LANG ] /www/wwwroot/ewei_admin/thinkphp/lang/zh-cn.php
[ info ] [ ROUTE ] array (
  'type' => 'module',
  'module' => 
  array (
    0 => 'api',
    1 => 'v1',
    2 => 'order',
  ),
)
[ info ] [ HEADER ] array (
  'host' => 'small.redkylin.com',
  'content-type' => 'application/json',
  'connection' => 'keep-alive',
  'x-nideshop-token' => 'eyJhbGciOiJIUzI1NiIsInR5cCI6IkpXVCJ9.eyJzZXNzaW9uX2tleSI6ImlSNEZtR1lqM2hoczJLOVRVQ1RDZHc9PSIsIm9wZW5pZCI6Im9jNl80MEd0T0VXS0Y3Xzg5RzZLdmY3QTl2YVEiLCJ1c2VyX2lkIjoxMywiaWF0IjoxNTE0OTE0Mzg0fQ.O3UNteAreSqJYFWS0WKISV5BrMmzxtVFTDRIzLdNUNY',
  'accept' => '*/*',
  'user-agent' => 'Mozilla/5.0 (iPhone; CPU iPhone OS 11_1_2 like Mac OS X) AppleWebKit/604.3.5 (KHTML, like Gecko) Mobile/15B202 MicroMessenger/6.6.1 NetType/4G Language/zh_CN',
  'referer' => 'https://servicewechat.com/wxcd9d03f0549d46cd/0/page-frame.html',
  'accept-language' => 'zh-cn',
  'accept-encoding' => 'br, gzip, deflate',
  'content-length' => '',
)
[ info ] [ PARAM ] array (
)
[ info ] [ LOG ] INIT File
---------------------------------------------------------------
[2018-01-16T08:55:41+08:00] 10.139.166.66 114.242.249.189 GET /api/v1/catalog/index
[ info ] small.redkylin.com/api/v1/catalog/index [运行时间：0.022813s][吞吐率：43.83req/s] [内存消耗：1,799.88kb] [文件加载：40]
[ info ] [ BEHAVIOR ] Run app\api\behavior\CORS @app_init [ RunTime:0.000287s ]
[ info ] [ LANG ] /www/wwwroot/ewei_admin/thinkphp/lang/zh-cn.php
[ info ] [ ROUTE ] array (
  'type' => 'module',
  'module' => 
  array (
    0 => 'api',
    1 => 'v1',
    2 => 'catalog',
  ),
)
[ info ] [ HEADER ] array (
  'host' => 'small.redkylin.com',
  'content-type' => 'application/json',
  'connection' => 'keep-alive',
  'x-nideshop-token' => 'eyJhbGciOiJIUzI1NiIsInR5cCI6IkpXVCJ9.eyJzZXNzaW9uX2tleSI6ImlSNEZtR1lqM2hoczJLOVRVQ1RDZHc9PSIsIm9wZW5pZCI6Im9jNl80MEd0T0VXS0Y3Xzg5RzZLdmY3QTl2YVEiLCJ1c2VyX2lkIjoxMywiaWF0IjoxNTE0OTE0Mzg0fQ.O3UNteAreSqJYFWS0WKISV5BrMmzxtVFTDRIzLdNUNY',
  'accept' => '*/*',
  'user-agent' => 'Mozilla/5.0 (iPhone; CPU iPhone OS 11_1_2 like Mac OS X) AppleWebKit/604.3.5 (KHTML, like Gecko) Mobile/15B202 MicroMessenger/6.6.1 NetType/4G Language/zh_CN',
  'referer' => 'https://servicewechat.com/wxcd9d03f0549d46cd/0/page-frame.html',
  'accept-language' => 'zh-cn',
  'accept-encoding' => 'br, gzip, deflate',
  'content-length' => '',
)
[ info ] [ PARAM ] array (
)
[ info ] [ LOG ] INIT File
---------------------------------------------------------------
[2018-01-16T08:55:41+08:00] 10.139.166.66 114.242.249.189 GET /api/v1/goods/count
[ info ] small.redkylin.com/api/v1/goods/count [运行时间：0.021944s][吞吐率：45.57req/s] [内存消耗：1,799.88kb] [文件加载：40]
[ info ] [ BEHAVIOR ] Run app\api\behavior\CORS @app_init [ RunTime:0.000246s ]
[ info ] [ LANG ] /www/wwwroot/ewei_admin/thinkphp/lang/zh-cn.php
[ info ] [ ROUTE ] array (
  'type' => 'module',
  'module' => 
  array (
    0 => 'api',
    1 => 'v1',
    2 => 'goods',
  ),
)
[ info ] [ HEADER ] array (
  'host' => 'small.redkylin.com',
  'content-type' => 'application/json',
  'connection' => 'keep-alive',
  'x-nideshop-token' => 'eyJhbGciOiJIUzI1NiIsInR5cCI6IkpXVCJ9.eyJzZXNzaW9uX2tleSI6ImlSNEZtR1lqM2hoczJLOVRVQ1RDZHc9PSIsIm9wZW5pZCI6Im9jNl80MEd0T0VXS0Y3Xzg5RzZLdmY3QTl2YVEiLCJ1c2VyX2lkIjoxMywiaWF0IjoxNTE0OTE0Mzg0fQ.O3UNteAreSqJYFWS0WKISV5BrMmzxtVFTDRIzLdNUNY',
  'accept' => '*/*',
  'user-agent' => 'Mozilla/5.0 (iPhone; CPU iPhone OS 11_1_2 like Mac OS X) AppleWebKit/604.3.5 (KHTML, like Gecko) Mobile/15B202 MicroMessenger/6.6.1 NetType/4G Language/zh_CN',
  'referer' => 'https://servicewechat.com/wxcd9d03f0549d46cd/0/page-frame.html',
  'accept-language' => 'zh-cn',
  'accept-encoding' => 'br, gzip, deflate',
  'content-length' => '',
)
[ info ] [ PARAM ] array (
)
[ info ] [ LOG ] INIT File
---------------------------------------------------------------
[2018-01-16T08:55:43+08:00] 10.139.166.66 114.242.249.189 GET /api/v1/topic/list?page=1&size=10
[ info ] small.redkylin.com/api/v1/topic/list?page=1&size=10 [运行时间：0.022305s][吞吐率：44.83req/s] [内存消耗：1,800.57kb] [文件加载：40]
[ info ] [ BEHAVIOR ] Run app\api\behavior\CORS @app_init [ RunTime:0.000276s ]
[ info ] [ LANG ] /www/wwwroot/ewei_admin/thinkphp/lang/zh-cn.php
[ info ] [ ROUTE ] array (
  'type' => 'module',
  'module' => 
  array (
    0 => 'api',
    1 => 'v1',
    2 => 'topic',
  ),
)
[ info ] [ HEADER ] array (
  'host' => 'small.redkylin.com',
  'content-type' => 'application/json',
  'connection' => 'keep-alive',
  'x-nideshop-token' => 'eyJhbGciOiJIUzI1NiIsInR5cCI6IkpXVCJ9.eyJzZXNzaW9uX2tleSI6ImlSNEZtR1lqM2hoczJLOVRVQ1RDZHc9PSIsIm9wZW5pZCI6Im9jNl80MEd0T0VXS0Y3Xzg5RzZLdmY3QTl2YVEiLCJ1c2VyX2lkIjoxMywiaWF0IjoxNTE0OTE0Mzg0fQ.O3UNteAreSqJYFWS0WKISV5BrMmzxtVFTDRIzLdNUNY',
  'accept' => '*/*',
  'user-agent' => 'Mozilla/5.0 (iPhone; CPU iPhone OS 11_1_2 like Mac OS X) AppleWebKit/604.3.5 (KHTML, like Gecko) Mobile/15B202 MicroMessenger/6.6.1 NetType/4G Language/zh_CN',
  'referer' => 'https://servicewechat.com/wxcd9d03f0549d46cd/0/page-frame.html',
  'accept-language' => 'zh-cn',
  'accept-encoding' => 'br, gzip, deflate',
  'content-length' => '',
)
[ info ] [ PARAM ] array (
  'page' => '1',
  'size' => '10',
)
[ info ] [ LOG ] INIT File
---------------------------------------------------------------
[2018-01-16T08:56:17+08:00] 10.139.166.66 114.242.249.189 GET /api/v1/goods/related?id=36
[ info ] small.redkylin.com/api/v1/goods/related?id=36 [运行时间：0.025014s][吞吐率：39.98req/s] [内存消耗：1,800.46kb] [文件加载：40]
[ info ] [ BEHAVIOR ] Run app\api\behavior\CORS @app_init [ RunTime:0.002504s ]
[ info ] [ LANG ] /www/wwwroot/ewei_admin/thinkphp/lang/zh-cn.php
[ info ] [ ROUTE ] array (
  'type' => 'module',
  'module' => 
  array (
    0 => 'api',
    1 => 'v1',
    2 => 'goods',
  ),
)
[ info ] [ HEADER ] array (
  'host' => 'small.redkylin.com',
  'content-type' => 'application/json',
  'connection' => 'keep-alive',
  'x-nideshop-token' => 'eyJhbGciOiJIUzI1NiIsInR5cCI6IkpXVCJ9.eyJzZXNzaW9uX2tleSI6ImlSNEZtR1lqM2hoczJLOVRVQ1RDZHc9PSIsIm9wZW5pZCI6Im9jNl80MEd0T0VXS0Y3Xzg5RzZLdmY3QTl2YVEiLCJ1c2VyX2lkIjoxMywiaWF0IjoxNTE0OTE0Mzg0fQ.O3UNteAreSqJYFWS0WKISV5BrMmzxtVFTDRIzLdNUNY',
  'accept' => '*/*',
  'user-agent' => 'Mozilla/5.0 (iPhone; CPU iPhone OS 11_1_2 like Mac OS X) AppleWebKit/604.3.5 (KHTML, like Gecko) Mobile/15B202 MicroMessenger/6.6.1 NetType/4G Language/zh_CN',
  'referer' => 'https://servicewechat.com/wxcd9d03f0549d46cd/0/page-frame.html',
  'accept-language' => 'zh-cn',
  'accept-encoding' => 'br, gzip, deflate',
  'content-length' => '',
)
[ info ] [ PARAM ] array (
  'id' => '36',
)
[ info ] [ LOG ] INIT File
---------------------------------------------------------------
[2018-01-16T08:56:17+08:00] 10.139.166.66 114.242.249.189 GET /api/v1/cart/goodscount
[ info ] small.redkylin.com/api/v1/cart/goodscount [运行时间：0.022432s][吞吐率：44.58req/s] [内存消耗：1,800.13kb] [文件加载：40]
[ info ] [ BEHAVIOR ] Run app\api\behavior\CORS @app_init [ RunTime:0.000275s ]
[ info ] [ LANG ] /www/wwwroot/ewei_admin/thinkphp/lang/zh-cn.php
[ info ] [ ROUTE ] array (
  'type' => 'module',
  'module' => 
  array (
    0 => 'api',
    1 => 'v1',
    2 => 'cart',
  ),
)
[ info ] [ HEADER ] array (
  'host' => 'small.redkylin.com',
  'content-type' => 'application/json',
  'connection' => 'keep-alive',
  'x-nideshop-token' => 'eyJhbGciOiJIUzI1NiIsInR5cCI6IkpXVCJ9.eyJzZXNzaW9uX2tleSI6ImlSNEZtR1lqM2hoczJLOVRVQ1RDZHc9PSIsIm9wZW5pZCI6Im9jNl80MEd0T0VXS0Y3Xzg5RzZLdmY3QTl2YVEiLCJ1c2VyX2lkIjoxMywiaWF0IjoxNTE0OTE0Mzg0fQ.O3UNteAreSqJYFWS0WKISV5BrMmzxtVFTDRIzLdNUNY',
  'accept' => '*/*',
  'user-agent' => 'Mozilla/5.0 (iPhone; CPU iPhone OS 11_1_2 like Mac OS X) AppleWebKit/604.3.5 (KHTML, like Gecko) Mobile/15B202 MicroMessenger/6.6.1 NetType/4G Language/zh_CN',
  'referer' => 'https://servicewechat.com/wxcd9d03f0549d46cd/0/page-frame.html',
  'accept-language' => 'zh-cn',
  'accept-encoding' => 'br, gzip, deflate',
  'content-length' => '',
)
[ info ] [ PARAM ] array (
)
[ info ] [ LOG ] INIT File
---------------------------------------------------------------
[2018-01-16T11:29:23+08:00] 10.139.166.66 123.113.150.117 GET /api/v1/product/recent
[ info ] applet.phper.wang/api/v1/product/recent [运行时间：0.416461s][吞吐率：2.40req/s] [内存消耗：1,799.12kb] [文件加载：40]
[ info ] [ BEHAVIOR ] Run app\api\behavior\CORS @app_init [ RunTime:0.014338s ]
[ info ] [ LANG ] /www/wwwroot/ewei_admin/thinkphp/lang/zh-cn.php
[ info ] [ ROUTE ] array (
  'type' => 'module',
  'module' => 
  array (
    0 => 'api',
    1 => 'v1',
    2 => 'product',
  ),
)
[ info ] [ HEADER ] array (
  'host' => 'applet.phper.wang',
  'connection' => 'keep-alive',
  'pragma' => 'no-cache',
  'cache-control' => 'no-cache',
  'user-agent' => 'wechatdevtools appservice port/9974',
  'token' => '',
  'content-type' => 'application/json',
  'accept' => '*/*',
  'referer' => 'https://servicewechat.com/wxc94213475a597642/devtools/page-frame.html',
  'accept-encoding' => 'gzip, deflate, br',
  'content-length' => '',
)
[ info ] [ PARAM ] array (
)
[ info ] [ LOG ] INIT File
---------------------------------------------------------------
[2018-01-16T11:29:23+08:00] 10.139.166.66 123.113.150.117 GET /api/v1/theme?ids=1,2,3
[ info ] applet.phper.wang/api/v1/theme?ids=1,2,3 [运行时间：0.564198s][吞吐率：1.77req/s] [内存消耗：3,596.20kb] [文件加载：57]
[ info ] [ BEHAVIOR ] Run app\api\behavior\CORS @app_init [ RunTime:0.015193s ]
[ info ] [ LANG ] /www/wwwroot/ewei_admin/thinkphp/lang/zh-cn.php
[ info ] [ ROUTE ] array (
  'type' => 'module',
  'module' => 
  array (
    0 => 'api',
    1 => 'v1.Theme',
    2 => 'getSimpleList',
  ),
  'convert' => false,
)
[ info ] [ HEADER ] array (
  'host' => 'applet.phper.wang',
  'connection' => 'keep-alive',
  'pragma' => 'no-cache',
  'cache-control' => 'no-cache',
  'user-agent' => 'wechatdevtools appservice port/9974',
  'token' => '',
  'content-type' => 'application/json',
  'accept' => '*/*',
  'referer' => 'https://servicewechat.com/wxc94213475a597642/devtools/page-frame.html',
  'accept-encoding' => 'gzip, deflate, br',
  'content-length' => '',
)
[ info ] [ PARAM ] array (
  'ids' => '1,2,3',
  'version' => 'v1',
)
[ info ] [ RUN ] app\api\controller\v1\Theme->getSimpleList[ /www/wwwroot/ewei_admin/application/api/controller/v1/Theme.php ]
[ info ] [ DB ] INIT mysql
[ info ] [ LOG ] INIT File
---------------------------------------------------------------
[2018-01-16T11:29:24+08:00] 10.139.166.66 123.113.150.117 POST /api/v1/token/user
[ info ] applet.phper.wang/api/v1/token/user [运行时间：0.907300s][吞吐率：1.10req/s] [内存消耗：1,925.02kb] [文件加载：46]
[ info ] [ BEHAVIOR ] Run app\api\behavior\CORS @app_init [ RunTime:0.015368s ]
[ info ] [ LANG ] /www/wwwroot/ewei_admin/thinkphp/lang/zh-cn.php
[ info ] [ ROUTE ] array (
  'type' => 'module',
  'module' => 
  array (
    0 => 'api',
    1 => 'v1.Token',
    2 => 'getToken',
  ),
  'convert' => false,
)
[ info ] [ HEADER ] array (
  'host' => 'applet.phper.wang',
  'connection' => 'keep-alive',
  'content-length' => '43',
  'pragma' => 'no-cache',
  'cache-control' => 'no-cache',
  'origin' => 'http://127.0.0.1:9973',
  'user-agent' => 'wechatdevtools appservice port/9974',
  'content-type' => 'application/json',
  'accept' => '*/*',
  'referer' => 'https://servicewechat.com/wxc94213475a597642/devtools/page-frame.html',
  'accept-encoding' => 'gzip, deflate, br',
)
[ info ] [ PARAM ] array (
  'code' => '0816htHk1I4C3l0vdAGk1G6xHk16htHB',
  'version' => 'v1',
)
[ info ] [ RUN ] app\api\controller\v1\Token->getToken[ /www/wwwroot/ewei_admin/application/api/controller/v1/Token.php ]
[ info ] [ LOG ] INIT File
---------------------------------------------------------------
[2018-01-16T17:18:17+08:00] 10.139.166.66 123.113.150.117 GET /api/v1/topic/detail?id=9
[ info ] small.redkylin.com/api/v1/topic/detail?id=9 [运行时间：0.028869s][吞吐率：34.64req/s] [内存消耗：1,800.41kb] [文件加载：40]
[ info ] [ BEHAVIOR ] Run app\api\behavior\CORS @app_init [ RunTime:0.000355s ]
[ info ] [ LANG ] /www/wwwroot/ewei_admin/thinkphp/lang/zh-cn.php
[ info ] [ ROUTE ] array (
  'type' => 'module',
  'module' => 
  array (
    0 => 'api',
    1 => 'v1',
    2 => 'topic',
  ),
)
[ info ] [ HEADER ] array (
  'host' => 'small.redkylin.com',
  'content-type' => 'application/json',
  'connection' => 'keep-alive',
  'x-nideshop-token' => 'eyJhbGciOiJIUzI1NiIsInR5cCI6IkpXVCJ9.eyJzZXNzaW9uX2tleSI6ImlSNEZtR1lqM2hoczJLOVRVQ1RDZHc9PSIsIm9wZW5pZCI6Im9jNl80MEd0T0VXS0Y3Xzg5RzZLdmY3QTl2YVEiLCJ1c2VyX2lkIjoxMywiaWF0IjoxNTE0OTE0Mzg0fQ.O3UNteAreSqJYFWS0WKISV5BrMmzxtVFTDRIzLdNUNY',
  'accept' => '*/*',
  'user-agent' => 'Mozilla/5.0 (iPhone; CPU iPhone OS 11_1_2 like Mac OS X) AppleWebKit/604.3.5 (KHTML, like Gecko) Mobile/15B202 MicroMessenger/6.6.1 NetType/WIFI Language/zh_CN',
  'referer' => 'https://servicewechat.com/wxcd9d03f0549d46cd/0/page-frame.html',
  'accept-language' => 'zh-cn',
  'accept-encoding' => 'br, gzip, deflate',
  'content-length' => '',
)
[ info ] [ PARAM ] array (
  'id' => '9',
)
[ info ] [ LOG ] INIT File
---------------------------------------------------------------
[2018-01-16T17:18:17+08:00] 10.139.166.66 123.113.150.117 GET /api/v1/comment/list?valueId=9&typeId=1&size=5
[ info ] small.redkylin.com/api/v1/comment/list?valueId=9&typeId=1&size=5 [运行时间：0.026823s][吞吐率：37.28req/s] [内存消耗：1,800.88kb] [文件加载：40]
[ info ] [ BEHAVIOR ] Run app\api\behavior\CORS @app_init [ RunTime:0.000287s ]
[ info ] [ LANG ] /www/wwwroot/ewei_admin/thinkphp/lang/zh-cn.php
[ info ] [ ROUTE ] array (
  'type' => 'module',
  'module' => 
  array (
    0 => 'api',
    1 => 'v1',
    2 => 'comment',
  ),
)
[ info ] [ HEADER ] array (
  'host' => 'small.redkylin.com',
  'content-type' => 'application/json',
  'connection' => 'keep-alive',
  'x-nideshop-token' => 'eyJhbGciOiJIUzI1NiIsInR5cCI6IkpXVCJ9.eyJzZXNzaW9uX2tleSI6ImlSNEZtR1lqM2hoczJLOVRVQ1RDZHc9PSIsIm9wZW5pZCI6Im9jNl80MEd0T0VXS0Y3Xzg5RzZLdmY3QTl2YVEiLCJ1c2VyX2lkIjoxMywiaWF0IjoxNTE0OTE0Mzg0fQ.O3UNteAreSqJYFWS0WKISV5BrMmzxtVFTDRIzLdNUNY',
  'accept' => '*/*',
  'user-agent' => 'Mozilla/5.0 (iPhone; CPU iPhone OS 11_1_2 like Mac OS X) AppleWebKit/604.3.5 (KHTML, like Gecko) Mobile/15B202 MicroMessenger/6.6.1 NetType/WIFI Language/zh_CN',
  'referer' => 'https://servicewechat.com/wxcd9d03f0549d46cd/0/page-frame.html',
  'accept-language' => 'zh-cn',
  'accept-encoding' => 'br, gzip, deflate',
  'content-length' => '',
)
[ info ] [ PARAM ] array (
  'valueId' => '9',
  'typeId' => '1',
  'size' => '5',
)
[ info ] [ LOG ] INIT File
---------------------------------------------------------------
[2018-01-16T17:18:17+08:00] 10.139.166.66 123.113.150.117 GET /api/v1/topic/related?id=9
[ info ] small.redkylin.com/api/v1/topic/related?id=9 [运行时间：0.037902s][吞吐率：26.38req/s] [内存消耗：1,800.46kb] [文件加载：40]
[ info ] [ BEHAVIOR ] Run app\api\behavior\CORS @app_init [ RunTime:0.000481s ]
[ info ] [ LANG ] /www/wwwroot/ewei_admin/thinkphp/lang/zh-cn.php
[ info ] [ ROUTE ] array (
  'type' => 'module',
  'module' => 
  array (
    0 => 'api',
    1 => 'v1',
    2 => 'topic',
  ),
)
[ info ] [ HEADER ] array (
  'host' => 'small.redkylin.com',
  'content-type' => 'application/json',
  'connection' => 'keep-alive',
  'x-nideshop-token' => 'eyJhbGciOiJIUzI1NiIsInR5cCI6IkpXVCJ9.eyJzZXNzaW9uX2tleSI6ImlSNEZtR1lqM2hoczJLOVRVQ1RDZHc9PSIsIm9wZW5pZCI6Im9jNl80MEd0T0VXS0Y3Xzg5RzZLdmY3QTl2YVEiLCJ1c2VyX2lkIjoxMywiaWF0IjoxNTE0OTE0Mzg0fQ.O3UNteAreSqJYFWS0WKISV5BrMmzxtVFTDRIzLdNUNY',
  'accept' => '*/*',
  'user-agent' => 'Mozilla/5.0 (iPhone; CPU iPhone OS 11_1_2 like Mac OS X) AppleWebKit/604.3.5 (KHTML, like Gecko) Mobile/15B202 MicroMessenger/6.6.1 NetType/WIFI Language/zh_CN',
  'referer' => 'https://servicewechat.com/wxcd9d03f0549d46cd/0/page-frame.html',
  'accept-language' => 'zh-cn',
  'accept-encoding' => 'br, gzip, deflate',
  'content-length' => '',
)
[ info ] [ PARAM ] array (
  'id' => '9',
)
[ info ] [ LOG ] INIT File
---------------------------------------------------------------
[2018-01-16T17:18:20+08:00] 10.139.166.66 123.113.150.117 GET /api/v1/cart/goodscount
[ info ] small.redkylin.com/api/v1/cart/goodscount [运行时间：0.027739s][吞吐率：36.05req/s] [内存消耗：1,800.13kb] [文件加载：40]
[ info ] [ BEHAVIOR ] Run app\api\behavior\CORS @app_init [ RunTime:0.000348s ]
[ info ] [ LANG ] /www/wwwroot/ewei_admin/thinkphp/lang/zh-cn.php
[ info ] [ ROUTE ] array (
  'type' => 'module',
  'module' => 
  array (
    0 => 'api',
    1 => 'v1',
    2 => 'cart',
  ),
)
[ info ] [ HEADER ] array (
  'host' => 'small.redkylin.com',
  'content-type' => 'application/json',
  'connection' => 'keep-alive',
  'x-nideshop-token' => 'eyJhbGciOiJIUzI1NiIsInR5cCI6IkpXVCJ9.eyJzZXNzaW9uX2tleSI6ImlSNEZtR1lqM2hoczJLOVRVQ1RDZHc9PSIsIm9wZW5pZCI6Im9jNl80MEd0T0VXS0Y3Xzg5RzZLdmY3QTl2YVEiLCJ1c2VyX2lkIjoxMywiaWF0IjoxNTE0OTE0Mzg0fQ.O3UNteAreSqJYFWS0WKISV5BrMmzxtVFTDRIzLdNUNY',
  'accept' => '*/*',
  'user-agent' => 'Mozilla/5.0 (iPhone; CPU iPhone OS 11_1_2 like Mac OS X) AppleWebKit/604.3.5 (KHTML, like Gecko) Mobile/15B202 MicroMessenger/6.6.1 NetType/WIFI Language/zh_CN',
  'referer' => 'https://servicewechat.com/wxcd9d03f0549d46cd/0/page-frame.html',
  'accept-language' => 'zh-cn',
  'accept-encoding' => 'br, gzip, deflate',
  'content-length' => '',
)
[ info ] [ PARAM ] array (
)
[ info ] [ LOG ] INIT File
---------------------------------------------------------------
[2018-01-16T17:18:21+08:00] 10.139.166.66 123.113.150.117 GET /api/v1/goods/related?id=33
[ info ] small.redkylin.com/api/v1/goods/related?id=33 [运行时间：0.033781s][吞吐率：29.60req/s] [内存消耗：1,800.46kb] [文件加载：40]
[ info ] [ BEHAVIOR ] Run app\api\behavior\CORS @app_init [ RunTime:0.000380s ]
[ info ] [ LANG ] /www/wwwroot/ewei_admin/thinkphp/lang/zh-cn.php
[ info ] [ ROUTE ] array (
  'type' => 'module',
  'module' => 
  array (
    0 => 'api',
    1 => 'v1',
    2 => 'goods',
  ),
)
[ info ] [ HEADER ] array (
  'host' => 'small.redkylin.com',
  'content-type' => 'application/json',
  'connection' => 'keep-alive',
  'x-nideshop-token' => 'eyJhbGciOiJIUzI1NiIsInR5cCI6IkpXVCJ9.eyJzZXNzaW9uX2tleSI6ImlSNEZtR1lqM2hoczJLOVRVQ1RDZHc9PSIsIm9wZW5pZCI6Im9jNl80MEd0T0VXS0Y3Xzg5RzZLdmY3QTl2YVEiLCJ1c2VyX2lkIjoxMywiaWF0IjoxNTE0OTE0Mzg0fQ.O3UNteAreSqJYFWS0WKISV5BrMmzxtVFTDRIzLdNUNY',
  'accept' => '*/*',
  'user-agent' => 'Mozilla/5.0 (iPhone; CPU iPhone OS 11_1_2 like Mac OS X) AppleWebKit/604.3.5 (KHTML, like Gecko) Mobile/15B202 MicroMessenger/6.6.1 NetType/WIFI Language/zh_CN',
  'referer' => 'https://servicewechat.com/wxcd9d03f0549d46cd/0/page-frame.html',
  'accept-language' => 'zh-cn',
  'accept-encoding' => 'br, gzip, deflate',
  'content-length' => '',
)
[ info ] [ PARAM ] array (
  'id' => '33',
)
[ info ] [ LOG ] INIT File
---------------------------------------------------------------
[2018-01-16T17:50:10+08:00] 127.0.0.1 127.0.0.1 POST /admin/login/login.html
[ info ] www.ewei.com/admin/login/login.html [运行时间：0.644037s][吞吐率：1.55req/s] [内存消耗：4,333.75kb] [文件加载：52]
[ info ] [ BEHAVIOR ] Run app\api\behavior\CORS @app_init [ RunTime:0.001000s ]
[ info ] [ LANG ] D:\www\my\admin\ewei_admin\thinkphp\lang\zh-cn.php
[ info ] [ ROUTE ] array (
  'type' => 'module',
  'module' => 
  array (
    0 => 'admin',
    1 => 'login',
    2 => 'login',
  ),
)
[ info ] [ HEADER ] array (
  'host' => 'www.ewei.com',
  'connection' => 'keep-alive',
  'content-length' => '43',
  'accept' => 'application/json, text/javascript, */*; q=0.01',
  'origin' => 'http://www.ewei.com',
  'x-requested-with' => 'XMLHttpRequest',
  'user-agent' => 'Mozilla/5.0 (Windows NT 6.1; WOW64) AppleWebKit/537.36 (KHTML, like Gecko) Chrome/53.0.2785.104 Safari/537.36 Core/1.53.4295.400 QQBrowser/9.7.12661.400',
  'content-type' => 'application/x-www-form-urlencoded; charset=UTF-8',
  'referer' => 'http://www.ewei.com/admin/login/index.html',
  'accept-encoding' => 'gzip, deflate',
  'accept-language' => 'zh-CN,zh;q=0.8',
  'cookie' => 'PHPSESSID=00u96mrrp6damic6s3esjc8mg0',
)
[ info ] [ PARAM ] array (
  'username' => 'admin',
  'password' => '123456',
  'verify' => '77nyu',
)
[ info ] [ RUN ] app\admin\controller\Login->login[ D:\www\my\admin\ewei_admin\application\admin\controller\Login.php ]
[ info ] [ SESSION ] INIT array (
  'id' => '',
  'var_session_id' => '',
  'prefix' => 'think',
  'type' => '',
  'auto_start' => true,
)
[ info ] [ DB ] INIT mysql
[ info ] [ LOG ] INIT File
---------------------------------------------------------------
[2018-01-16T17:50:23+08:00] 127.0.0.1 127.0.0.1 POST /admin/login/login.html
[ info ] www.ewei.com/admin/login/login.html [运行时间：0.101005s][吞吐率：9.90req/s] [内存消耗：4,333.75kb] [文件加载：52]
[ info ] [ BEHAVIOR ] Run app\api\behavior\CORS @app_init [ RunTime:0.001000s ]
[ info ] [ LANG ] D:\www\my\admin\ewei_admin\thinkphp\lang\zh-cn.php
[ info ] [ ROUTE ] array (
  'type' => 'module',
  'module' => 
  array (
    0 => 'admin',
    1 => 'login',
    2 => 'login',
  ),
)
[ info ] [ HEADER ] array (
  'host' => 'www.ewei.com',
  'connection' => 'keep-alive',
  'content-length' => '43',
  'accept' => 'application/json, text/javascript, */*; q=0.01',
  'origin' => 'http://www.ewei.com',
  'x-requested-with' => 'XMLHttpRequest',
  'user-agent' => 'Mozilla/5.0 (Windows NT 6.1; WOW64) AppleWebKit/537.36 (KHTML, like Gecko) Chrome/53.0.2785.104 Safari/537.36 Core/1.53.4295.400 QQBrowser/9.7.12661.400',
  'content-type' => 'application/x-www-form-urlencoded; charset=UTF-8',
  'referer' => 'http://www.ewei.com/admin/login/index.html',
  'accept-encoding' => 'gzip, deflate',
  'accept-language' => 'zh-CN,zh;q=0.8',
  'cookie' => 'PHPSESSID=00u96mrrp6damic6s3esjc8mg0',
)
[ info ] [ PARAM ] array (
  'username' => 'admin',
  'password' => '123456',
  'verify' => 'aq8au',
)
[ info ] [ RUN ] app\admin\controller\Login->login[ D:\www\my\admin\ewei_admin\application\admin\controller\Login.php ]
[ info ] [ SESSION ] INIT array (
  'id' => '',
  'var_session_id' => '',
  'prefix' => 'think',
  'type' => '',
  'auto_start' => true,
)
[ info ] [ DB ] INIT mysql
[ info ] [ LOG ] INIT File
---------------------------------------------------------------
[2018-01-16T17:50:58+08:00] 127.0.0.1 127.0.0.1 POST /admin/login/login.html
[ info ] www.ewei.com/admin/login/login.html [运行时间：0.114006s][吞吐率：8.77req/s] [内存消耗：4,333.75kb] [文件加载：52]
[ info ] [ BEHAVIOR ] Run app\api\behavior\CORS @app_init [ RunTime:0.001000s ]
[ info ] [ LANG ] D:\www\my\admin\ewei_admin\thinkphp\lang\zh-cn.php
[ info ] [ ROUTE ] array (
  'type' => 'module',
  'module' => 
  array (
    0 => 'admin',
    1 => 'login',
    2 => 'login',
  ),
)
[ info ] [ HEADER ] array (
  'host' => 'www.ewei.com',
  'connection' => 'keep-alive',
  'content-length' => '43',
  'accept' => 'application/json, text/javascript, */*; q=0.01',
  'origin' => 'http://www.ewei.com',
  'x-requested-with' => 'XMLHttpRequest',
  'user-agent' => 'Mozilla/5.0 (Windows NT 6.1; WOW64) AppleWebKit/537.36 (KHTML, like Gecko) Chrome/53.0.2785.104 Safari/537.36 Core/1.53.4295.400 QQBrowser/9.7.12661.400',
  'content-type' => 'application/x-www-form-urlencoded; charset=UTF-8',
  'referer' => 'http://www.ewei.com/admin/login/index.html',
  'accept-encoding' => 'gzip, deflate',
  'accept-language' => 'zh-CN,zh;q=0.8',
  'cookie' => 'PHPSESSID=00u96mrrp6damic6s3esjc8mg0',
)
[ info ] [ PARAM ] array (
  'username' => 'admin',
  'password' => '123456',
  'verify' => 'hx7pq',
)
[ info ] [ RUN ] app\admin\controller\Login->login[ D:\www\my\admin\ewei_admin\application\admin\controller\Login.php ]
[ info ] [ SESSION ] INIT array (
  'id' => '',
  'var_session_id' => '',
  'prefix' => 'think',
  'type' => '',
  'auto_start' => true,
)
[ info ] [ DB ] INIT mysql
[ info ] [ LOG ] INIT File
---------------------------------------------------------------
[2018-01-16T17:51:13+08:00] 127.0.0.1 127.0.0.1 POST /admin/login/login.html
[ info ] www.ewei.com/admin/login/login.html [运行时间：0.134007s][吞吐率：7.46req/s] [内存消耗：4,333.75kb] [文件加载：52]
[ info ] [ BEHAVIOR ] Run app\api\behavior\CORS @app_init [ RunTime:0.001000s ]
[ info ] [ LANG ] D:\www\my\admin\ewei_admin\thinkphp\lang\zh-cn.php
[ info ] [ ROUTE ] array (
  'type' => 'module',
  'module' => 
  array (
    0 => 'admin',
    1 => 'login',
    2 => 'login',
  ),
)
[ info ] [ HEADER ] array (
  'host' => 'www.ewei.com',
  'connection' => 'keep-alive',
  'content-length' => '43',
  'accept' => 'application/json, text/javascript, */*; q=0.01',
  'origin' => 'http://www.ewei.com',
  'x-requested-with' => 'XMLHttpRequest',
  'user-agent' => 'Mozilla/5.0 (Windows NT 6.1; WOW64) AppleWebKit/537.36 (KHTML, like Gecko) Chrome/53.0.2785.104 Safari/537.36 Core/1.53.4295.400 QQBrowser/9.7.12661.400',
  'content-type' => 'application/x-www-form-urlencoded; charset=UTF-8',
  'referer' => 'http://www.ewei.com/admin/login/index.html',
  'accept-encoding' => 'gzip, deflate',
  'accept-language' => 'zh-CN,zh;q=0.8',
  'cookie' => 'PHPSESSID=00u96mrrp6damic6s3esjc8mg0',
)
[ info ] [ PARAM ] array (
  'username' => 'admin',
  'password' => '123456',
  'verify' => 'nmavv',
)
[ info ] [ RUN ] app\admin\controller\Login->login[ D:\www\my\admin\ewei_admin\application\admin\controller\Login.php ]
[ info ] [ SESSION ] INIT array (
  'id' => '',
  'var_session_id' => '',
  'prefix' => 'think',
  'type' => '',
  'auto_start' => true,
)
[ info ] [ DB ] INIT mysql
[ info ] [ LOG ] INIT File
